<?xml version="1.0" encoding="UTF-8"?>
<testsuite name="org.mozilla.fenix.settings.cookiebannerhandling.CookieBannerSettingsTest" tests="5" skipped="0" failures="5" errors="0" timestamp="2026-09-09T04:24:08.954Z" hostname="fea10fe87351" time="1.216">
  <properties/>
  <testcase name="private control updates only its engine mode and persists both directions" classname="org.mozilla.fenix.settings.cookiebannerhandling.CookieBannerSettingsTest" time="1.035">
    <failure message="java.lang.NullPointerException: Cannot invoke &quot;mozilla.components.browser.state.store.BrowserStore.getState()&quot; because &quot;&lt;parameter1&gt;.store&quot; is null" type="java.lang.NullPointerException">java.lang.NullPointerException: Cannot invoke &quot;mozilla.components.browser.state.store.BrowserStore.getState()&quot; because &quot;&lt;parameter1&gt;.store&quot; is null
	at mozilla.components.feature.session.SessionUseCases$ReloadUrlUseCase.invoke$default(SessionUseCases.kt:163)
	at org.mozilla.fenix.settings.cookiebannerhandling.CookieBannerSettingsTest.setUp$lambda$9(CookieBannerSettingsTest.kt:55)
	at io.mockk.impl.eval.RecordedBlockEvaluator$record$block$1.invoke(RecordedBlockEvaluator.kt:24)
	at io.mockk.impl.eval.RecordedBlockEvaluator$enhanceWithRethrow$1.invoke(RecordedBlockEvaluator.kt:76)
	at io.mockk.impl.recording.JvmAutoHinter.autoHint(JvmAutoHinter.kt:23)
	at io.mockk.impl.eval.RecordedBlockEvaluator.record(RecordedBlockEvaluator.kt:39)
	at io.mockk.impl.eval.EveryBlockEvaluator.every(EveryBlockEvaluator.kt:30)
	at io.mockk.MockKDsl.internalEvery(API.kt:103)
	at io.mockk.MockKKt.every(MockK.kt:159)
	at org.mozilla.fenix.settings.cookiebannerhandling.CookieBannerSettingsTest.setUp(CookieBannerSettingsTest.kt:55)
	at java.base/jdk.internal.reflect.NativeMethodAccessorImpl.invoke0(Native Method)
	at java.base/jdk.internal.reflect.NativeMethodAccessorImpl.invoke(NativeMethodAccessorImpl.java:77)
	at java.base/jdk.internal.reflect.DelegatingMethodAccessorImpl.invoke(DelegatingMethodAccessorImpl.java:43)
	at java.base/java.lang.reflect.Method.invoke(Method.java:569)
	at org.junit.runners.model.FrameworkMethod$1.runReflectiveCall(FrameworkMethod.java:59)
	at org.junit.internal.runners.model.ReflectiveCallable.run(ReflectiveCallable.java:12)
	at org.junit.runners.model.FrameworkMethod.invokeExplosively(FrameworkMethod.java:56)
	at org.junit.internal.runners.statements.RunBefores.invokeMethod(RunBefores.java:33)
	at org.junit.internal.runners.statements.RunBefores.evaluate(RunBefores.java:24)
	at org.junit.rules.TestWatcher$1.evaluate(TestWatcher.java:61)
	at org.junit.runners.ParentRunner$3.evaluate(ParentRunner.java:306)
	at org.robolectric.RobolectricTestRunner$HelperTestRunner$1.evaluate(RobolectricTestRunner.java:524)
	at org.robolectric.internal.SandboxTestRunner.executeInSandbox(SandboxTestRunner.java:494)
	at org.robolectric.internal.SandboxTestRunner.access$900(SandboxTestRunner.java:67)
	at org.robolectric.internal.SandboxTestRunner$7.evaluate(SandboxTestRunner.java:442)
	at org.junit.runners.BlockJUnit4ClassRunner$1.evaluate(BlockJUnit4ClassRunner.java:100)
	at org.junit.runners.ParentRunner.runLeaf(ParentRunner.java:366)
	at org.junit.runners.BlockJUnit4ClassRunner.runChild(BlockJUnit4ClassRunner.java:103)
	at org.robolectric.internal.SandboxTestRunner.access$600(SandboxTestRunner.java:67)
	at org.robolectric.internal.SandboxTestRunner$6.evaluate(SandboxTestRunner.java:333)
	at org.robolectric.internal.SandboxTestRunner$3.evaluate(SandboxTestRunner.java:233)
	at org.robolectric.internal.SandboxTestRunner$5.lambda$evaluate$0(SandboxTestRunner.java:317)
	at org.robolectric.internal.bytecode.Sandbox.lambda$runOnMainThread$0(Sandbox.java:101)
	at java.base/java.util.concurrent.FutureTask.run(FutureTask.java:264)
	at java.base/java.util.concurrent.ThreadPoolExecutor.runWorker(ThreadPoolExecutor.java:1136)
	at java.base/java.util.concurrent.ThreadPoolExecutor$Worker.run(ThreadPoolExecutor.java:635)
	at java.base/java.lang.Thread.run(Thread.java:840)
	Suppressed: org.robolectric.android.internal.AndroidTestEnvironment$UnExecutedRunnablesException: Main looper has queued unexecuted runnables. This might be the cause of the test failure. You might need a shadowOf(Looper.getMainLooper()).idle() call.
</failure>
  </testcase>
  <testcase name="normal control updates only its engine mode and persists both directions" classname="org.mozilla.fenix.settings.cookiebannerhandling.CookieBannerSettingsTest" time="0.045">
    <failure message="java.lang.NullPointerException: Cannot invoke &quot;mozilla.components.browser.state.store.BrowserStore.getState()&quot; because &quot;&lt;parameter1&gt;.store&quot; is null" type="java.lang.NullPointerException">java.lang.NullPointerException: Cannot invoke &quot;mozilla.components.browser.state.store.BrowserStore.getState()&quot; because &quot;&lt;parameter1&gt;.store&quot; is null
	at mozilla.components.feature.session.SessionUseCases$ReloadUrlUseCase.invoke$default(SessionUseCases.kt:163)
	at org.mozilla.fenix.settings.cookiebannerhandling.CookieBannerSettingsTest.setUp$lambda$9(CookieBannerSettingsTest.kt:55)
	at io.mockk.impl.eval.RecordedBlockEvaluator$record$block$1.invoke(RecordedBlockEvaluator.kt:24)
	at io.mockk.impl.eval.RecordedBlockEvaluator$enhanceWithRethrow$1.invoke(RecordedBlockEvaluator.kt:76)
	at io.mockk.impl.recording.JvmAutoHinter.autoHint(JvmAutoHinter.kt:23)
	at io.mockk.impl.eval.RecordedBlockEvaluator.record(RecordedBlockEvaluator.kt:39)
	at io.mockk.impl.eval.EveryBlockEvaluator.every(EveryBlockEvaluator.kt:30)
	at io.mockk.MockKDsl.internalEvery(API.kt:103)
	at io.mockk.MockKKt.every(MockK.kt:159)
	at org.mozilla.fenix.settings.cookiebannerhandling.CookieBannerSettingsTest.setUp(CookieBannerSettingsTest.kt:55)
	at java.base/jdk.internal.reflect.NativeMethodAccessorImpl.invoke0(Native Method)
	at java.base/jdk.internal.reflect.NativeMethodAccessorImpl.invoke(NativeMethodAccessorImpl.java:77)
	at java.base/jdk.internal.reflect.DelegatingMethodAccessorImpl.invoke(DelegatingMethodAccessorImpl.java:43)
	at java.base/java.lang.reflect.Method.invoke(Method.java:569)
	at org.junit.runners.model.FrameworkMethod$1.runReflectiveCall(FrameworkMethod.java:59)
	at org.junit.internal.runners.model.ReflectiveCallable.run(ReflectiveCallable.java:12)
	at org.junit.runners.model.FrameworkMethod.invokeExplosively(FrameworkMethod.java:56)
	at org.junit.internal.runners.statements.RunBefores.invokeMethod(RunBefores.java:33)
	at org.junit.internal.runners.statements.RunBefores.evaluate(RunBefores.java:24)
	at org.junit.rules.TestWatcher$1.evaluate(TestWatcher.java:61)
	at org.junit.runners.ParentRunner$3.evaluate(ParentRunner.java:306)
	at org.robolectric.RobolectricTestRunner$HelperTestRunner$1.evaluate(RobolectricTestRunner.java:524)
	at org.robolectric.internal.SandboxTestRunner.executeInSandbox(SandboxTestRunner.java:494)
	at org.robolectric.internal.SandboxTestRunner.access$900(SandboxTestRunner.java:67)
	at org.robolectric.internal.SandboxTestRunner$7.evaluate(SandboxTestRunner.java:442)
	at org.junit.runners.BlockJUnit4ClassRunner$1.evaluate(BlockJUnit4ClassRunner.java:100)
	at org.junit.runners.ParentRunner.runLeaf(ParentRunner.java:366)
	at org.junit.runners.BlockJUnit4ClassRunner.runChild(BlockJUnit4ClassRunner.java:103)
	at org.robolectric.internal.SandboxTestRunner.access$600(SandboxTestRunner.java:67)
	at org.robolectric.internal.SandboxTestRunner$6.evaluate(SandboxTestRunner.java:333)
	at org.robolectric.internal.SandboxTestRunner$3.evaluate(SandboxTestRunner.java:233)
	at org.robolectric.internal.SandboxTestRunner$5.lambda$evaluate$0(SandboxTestRunner.java:317)
	at org.robolectric.internal.bytecode.Sandbox.lambda$runOnMainThread$0(Sandbox.java:101)
	at java.base/java.util.concurrent.FutureTask.run(FutureTask.java:264)
	at java.base/java.util.concurrent.ThreadPoolExecutor.runWorker(ThreadPoolExecutor.java:1136)
	at java.base/java.util.concurrent.ThreadPoolExecutor$Worker.run(ThreadPoolExecutor.java:635)
	at java.base/java.lang.Thread.run(Thread.java:840)
	Suppressed: org.robolectric.android.internal.AndroidTestEnvironment$UnExecutedRunnablesException: Main looper has queued unexecuted runnables. This might be the cause of the test failure. You might need a shadowOf(Looper.getMainLooper()).idle() call.
</failure>
  </testcase>
  <testcase name="explicit normal and private false survive XML inflation and new Settings instances" classname="org.mozilla.fenix.settings.cookiebannerhandling.CookieBannerSettingsTest" time="0.042">
    <failure message="java.lang.NullPointerException: Cannot invoke &quot;mozilla.components.browser.state.store.BrowserStore.getState()&quot; because &quot;&lt;parameter1&gt;.store&quot; is null" type="java.lang.NullPointerException">java.lang.NullPointerException: Cannot invoke &quot;mozilla.components.browser.state.store.BrowserStore.getState()&quot; because &quot;&lt;parameter1&gt;.store&quot; is null
	at mozilla.components.feature.session.SessionUseCases$ReloadUrlUseCase.invoke$default(SessionUseCases.kt:163)
	at org.mozilla.fenix.settings.cookiebannerhandling.CookieBannerSettingsTest.setUp$lambda$9(CookieBannerSettingsTest.kt:55)
	at io.mockk.impl.eval.RecordedBlockEvaluator$record$block$1.invoke(RecordedBlockEvaluator.kt:24)
	at io.mockk.impl.eval.RecordedBlockEvaluator$enhanceWithRethrow$1.invoke(RecordedBlockEvaluator.kt:76)
	at io.mockk.impl.recording.JvmAutoHinter.autoHint(JvmAutoHinter.kt:23)
	at io.mockk.impl.eval.RecordedBlockEvaluator.record(RecordedBlockEvaluator.kt:39)
	at io.mockk.impl.eval.EveryBlockEvaluator.every(EveryBlockEvaluator.kt:30)
	at io.mockk.MockKDsl.internalEvery(API.kt:103)
	at io.mockk.MockKKt.every(MockK.kt:159)
	at org.mozilla.fenix.settings.cookiebannerhandling.CookieBannerSettingsTest.setUp(CookieBannerSettingsTest.kt:55)
	at java.base/jdk.internal.reflect.NativeMethodAccessorImpl.invoke0(Native Method)
	at java.base/jdk.internal.reflect.NativeMethodAccessorImpl.invoke(NativeMethodAccessorImpl.java:77)
	at java.base/jdk.internal.reflect.DelegatingMethodAccessorImpl.invoke(DelegatingMethodAccessorImpl.java:43)
	at java.base/java.lang.reflect.Method.invoke(Method.java:569)
	at org.junit.runners.model.FrameworkMethod$1.runReflectiveCall(FrameworkMethod.java:59)
	at org.junit.internal.runners.model.ReflectiveCallable.run(ReflectiveCallable.java:12)
	at org.junit.runners.model.FrameworkMethod.invokeExplosively(FrameworkMethod.java:56)
	at org.junit.internal.runners.statements.RunBefores.invokeMethod(RunBefores.java:33)
	at org.junit.internal.runners.statements.RunBefores.evaluate(RunBefores.java:24)
	at org.junit.rules.TestWatcher$1.evaluate(TestWatcher.java:61)
	at org.junit.runners.ParentRunner$3.evaluate(ParentRunner.java:306)
	at org.robolectric.RobolectricTestRunner$HelperTestRunner$1.evaluate(RobolectricTestRunner.java:524)
	at org.robolectric.internal.SandboxTestRunner.executeInSandbox(SandboxTestRunner.java:494)
	at org.robolectric.internal.SandboxTestRunner.access$900(SandboxTestRunner.java:67)
	at org.robolectric.internal.SandboxTestRunner$7.evaluate(SandboxTestRunner.java:442)
	at org.junit.runners.BlockJUnit4ClassRunner$1.evaluate(BlockJUnit4ClassRunner.java:100)
	at org.junit.runners.ParentRunner.runLeaf(ParentRunner.java:366)
	at org.junit.runners.BlockJUnit4ClassRunner.runChild(BlockJUnit4ClassRunner.java:103)
	at org.robolectric.internal.SandboxTestRunner.access$600(SandboxTestRunner.java:67)
	at org.robolectric.internal.SandboxTestRunner$6.evaluate(SandboxTestRunner.java:333)
	at org.robolectric.internal.SandboxTestRunner$3.evaluate(SandboxTestRunner.java:233)
	at org.robolectric.internal.SandboxTestRunner$5.lambda$evaluate$0(SandboxTestRunner.java:317)
	at org.robolectric.internal.bytecode.Sandbox.lambda$runOnMainThread$0(Sandbox.java:101)
	at java.base/java.util.concurrent.FutureTask.run(FutureTask.java:264)
	at java.base/java.util.concurrent.ThreadPoolExecutor.runWorker(ThreadPoolExecutor.java:1136)
	at java.base/java.util.concurrent.ThreadPoolExecutor$Worker.run(ThreadPoolExecutor.java:635)
	at java.base/java.lang.Thread.run(Thread.java:840)
	Suppressed: org.robolectric.android.internal.AndroidTestEnvironment$UnExecutedRunnablesException: Main looper has queued unexecuted runnables. This might be the cause of the test failure. You might need a shadowOf(Looper.getMainLooper()).idle() call.
</failure>
  </testcase>
  <testcase name="fresh defaults expose both controls and use rejection only" classname="org.mozilla.fenix.settings.cookiebannerhandling.CookieBannerSettingsTest" time="0.05">
    <failure message="java.lang.NullPointerException: Cannot invoke &quot;mozilla.components.browser.state.store.BrowserStore.getState()&quot; because &quot;&lt;parameter1&gt;.store&quot; is null" type="java.lang.NullPointerException">java.lang.NullPointerException: Cannot invoke &quot;mozilla.components.browser.state.store.BrowserStore.getState()&quot; because &quot;&lt;parameter1&gt;.store&quot; is null
	at mozilla.components.feature.session.SessionUseCases$ReloadUrlUseCase.invoke$default(SessionUseCases.kt:163)
	at org.mozilla.fenix.settings.cookiebannerhandling.CookieBannerSettingsTest.setUp$lambda$9(CookieBannerSettingsTest.kt:55)
	at io.mockk.impl.eval.RecordedBlockEvaluator$record$block$1.invoke(RecordedBlockEvaluator.kt:24)
	at io.mockk.impl.eval.RecordedBlockEvaluator$enhanceWithRethrow$1.invoke(RecordedBlockEvaluator.kt:76)
	at io.mockk.impl.recording.JvmAutoHinter.autoHint(JvmAutoHinter.kt:23)
	at io.mockk.impl.eval.RecordedBlockEvaluator.record(RecordedBlockEvaluator.kt:39)
	at io.mockk.impl.eval.EveryBlockEvaluator.every(EveryBlockEvaluator.kt:30)
	at io.mockk.MockKDsl.internalEvery(API.kt:103)
	at io.mockk.MockKKt.every(MockK.kt:159)
	at org.mozilla.fenix.settings.cookiebannerhandling.CookieBannerSettingsTest.setUp(CookieBannerSettingsTest.kt:55)
	at java.base/jdk.internal.reflect.NativeMethodAccessorImpl.invoke0(Native Method)
	at java.base/jdk.internal.reflect.NativeMethodAccessorImpl.invoke(NativeMethodAccessorImpl.java:77)
	at java.base/jdk.internal.reflect.DelegatingMethodAccessorImpl.invoke(DelegatingMethodAccessorImpl.java:43)
	at java.base/java.lang.reflect.Method.invoke(Method.java:569)
	at org.junit.runners.model.FrameworkMethod$1.runReflectiveCall(FrameworkMethod.java:59)
	at org.junit.internal.runners.model.ReflectiveCallable.run(ReflectiveCallable.java:12)
	at org.junit.runners.model.FrameworkMethod.invokeExplosively(FrameworkMethod.java:56)
	at org.junit.internal.runners.statements.RunBefores.invokeMethod(RunBefores.java:33)
	at org.junit.internal.runners.statements.RunBefores.evaluate(RunBefores.java:24)
	at org.junit.rules.TestWatcher$1.evaluate(TestWatcher.java:61)
	at org.junit.runners.ParentRunner$3.evaluate(ParentRunner.java:306)
	at org.robolectric.RobolectricTestRunner$HelperTestRunner$1.evaluate(RobolectricTestRunner.java:524)
	at org.robolectric.internal.SandboxTestRunner.executeInSandbox(SandboxTestRunner.java:494)
	at org.robolectric.internal.SandboxTestRunner.access$900(SandboxTestRunner.java:67)
	at org.robolectric.internal.SandboxTestRunner$7.evaluate(SandboxTestRunner.java:442)
	at org.junit.runners.BlockJUnit4ClassRunner$1.evaluate(BlockJUnit4ClassRunner.java:100)
	at org.junit.runners.ParentRunner.runLeaf(ParentRunner.java:366)
	at org.junit.runners.BlockJUnit4ClassRunner.runChild(BlockJUnit4ClassRunner.java:103)
	at org.robolectric.internal.SandboxTestRunner.access$600(SandboxTestRunner.java:67)
	at org.robolectric.internal.SandboxTestRunner$6.evaluate(SandboxTestRunner.java:333)
	at org.robolectric.internal.SandboxTestRunner$3.evaluate(SandboxTestRunner.java:233)
	at org.robolectric.internal.SandboxTestRunner$5.lambda$evaluate$0(SandboxTestRunner.java:317)
	at org.robolectric.internal.bytecode.Sandbox.lambda$runOnMainThread$0(Sandbox.java:101)
	at java.base/java.util.concurrent.FutureTask.run(FutureTask.java:264)
	at java.base/java.util.concurrent.ThreadPoolExecutor.runWorker(ThreadPoolExecutor.java:1136)
	at java.base/java.util.concurrent.ThreadPoolExecutor$Worker.run(ThreadPoolExecutor.java:635)
	at java.base/java.lang.Thread.run(Thread.java:840)
	Suppressed: org.robolectric.android.internal.AndroidTestEnvironment$UnExecutedRunnablesException: Main looper has queued unexecuted runnables. This might be the cause of the test failure. You might need a shadowOf(Looper.getMainLooper()).idle() call.
</failure>
  </testcase>
  <testcase name="old private key false is preserved while absent normal key takes local default" classname="org.mozilla.fenix.settings.cookiebannerhandling.CookieBannerSettingsTest" time="0.038">
    <failure message="java.lang.NullPointerException: Cannot invoke &quot;mozilla.components.browser.state.store.BrowserStore.getState()&quot; because &quot;&lt;parameter1&gt;.store&quot; is null" type="java.lang.NullPointerException">java.lang.NullPointerException: Cannot invoke &quot;mozilla.components.browser.state.store.BrowserStore.getState()&quot; because &quot;&lt;parameter1&gt;.store&quot; is null
	at mozilla.components.feature.session.SessionUseCases$ReloadUrlUseCase.invoke$default(SessionUseCases.kt:163)
	at org.mozilla.fenix.settings.cookiebannerhandling.CookieBannerSettingsTest.setUp$lambda$9(CookieBannerSettingsTest.kt:55)
	at io.mockk.impl.eval.RecordedBlockEvaluator$record$block$1.invoke(RecordedBlockEvaluator.kt:24)
	at io.mockk.impl.eval.RecordedBlockEvaluator$enhanceWithRethrow$1.invoke(RecordedBlockEvaluator.kt:76)
	at io.mockk.impl.recording.JvmAutoHinter.autoHint(JvmAutoHinter.kt:23)
	at io.mockk.impl.eval.RecordedBlockEvaluator.record(RecordedBlockEvaluator.kt:39)
	at io.mockk.impl.eval.EveryBlockEvaluator.every(EveryBlockEvaluator.kt:30)
	at io.mockk.MockKDsl.internalEvery(API.kt:103)
	at io.mockk.MockKKt.every(MockK.kt:159)
	at org.mozilla.fenix.settings.cookiebannerhandling.CookieBannerSettingsTest.setUp(CookieBannerSettingsTest.kt:55)
	at java.base/jdk.internal.reflect.NativeMethodAccessorImpl.invoke0(Native Method)
	at java.base/jdk.internal.reflect.NativeMethodAccessorImpl.invoke(NativeMethodAccessorImpl.java:77)
	at java.base/jdk.internal.reflect.DelegatingMethodAccessorImpl.invoke(DelegatingMethodAccessorImpl.java:43)
	at java.base/java.lang.reflect.Method.invoke(Method.java:569)
	at org.junit.runners.model.FrameworkMethod$1.runReflectiveCall(FrameworkMethod.java:59)
	at org.junit.internal.runners.model.ReflectiveCallable.run(ReflectiveCallable.java:12)
	at org.junit.runners.model.FrameworkMethod.invokeExplosively(FrameworkMethod.java:56)
	at org.junit.internal.runners.statements.RunBefores.invokeMethod(RunBefores.java:33)
	at org.junit.internal.runners.statements.RunBefores.evaluate(RunBefores.java:24)
	at org.junit.rules.TestWatcher$1.evaluate(TestWatcher.java:61)
	at org.junit.runners.ParentRunner$3.evaluate(ParentRunner.java:306)
	at org.robolectric.RobolectricTestRunner$HelperTestRunner$1.evaluate(RobolectricTestRunner.java:524)
	at org.robolectric.internal.SandboxTestRunner.executeInSandbox(SandboxTestRunner.java:494)
	at org.robolectric.internal.SandboxTestRunner.access$900(SandboxTestRunner.java:67)
	at org.robolectric.internal.SandboxTestRunner$7.evaluate(SandboxTestRunner.java:442)
	at org.junit.runners.BlockJUnit4ClassRunner$1.evaluate(BlockJUnit4ClassRunner.java:100)
	at org.junit.runners.ParentRunner.runLeaf(ParentRunner.java:366)
	at org.junit.runners.BlockJUnit4ClassRunner.runChild(BlockJUnit4ClassRunner.java:103)
	at org.robolectric.internal.SandboxTestRunner.access$600(SandboxTestRunner.java:67)
	at org.robolectric.internal.SandboxTestRunner$6.evaluate(SandboxTestRunner.java:333)
	at org.robolectric.internal.SandboxTestRunner$3.evaluate(SandboxTestRunner.java:233)
	at org.robolectric.internal.SandboxTestRunner$5.lambda$evaluate$0(SandboxTestRunner.java:317)
	at org.robolectric.internal.bytecode.Sandbox.lambda$runOnMainThread$0(Sandbox.java:101)
	at java.base/java.util.concurrent.FutureTask.run(FutureTask.java:264)
	at java.base/java.util.concurrent.ThreadPoolExecutor.runWorker(ThreadPoolExecutor.java:1136)
	at java.base/java.util.concurrent.ThreadPoolExecutor$Worker.run(ThreadPoolExecutor.java:635)
	at java.base/java.lang.Thread.run(Thread.java:840)
	Suppressed: org.robolectric.android.internal.AndroidTestEnvironment$UnExecutedRunnablesException: Main looper has queued unexecuted runnables. This might be the cause of the test failure. You might need a shadowOf(Looper.getMainLooper()).idle() call.
</failure>
  </testcase>
  <system-out><![CDATA[W/OverlayConfig: partition_order.xml does not exist.
W/PackageParser: Unknown element under <manifest>: queries at /work/src/mobile/android/fenix/app/../../../../obj-x86_64/gradle/build/mobile/android/fenix/app/intermediates/apk_for_local_test/debugUnitTest/packageDebugUnitTestForUnitTest/apk-for-local-test.ap_ Binary XML file line #74
W/PackageParser: Unknown element under <service>: property at /work/src/mobile/android/fenix/app/../../../../obj-x86_64/gradle/build/mobile/android/fenix/app/intermediates/apk_for_local_test/debugUnitTest/packageDebugUnitTestForUnitTest/apk-for-local-test.ap_ Binary XML file line #840
W/PackageParser: Unknown element under <service>: property at /work/src/mobile/android/fenix/app/../../../../obj-x86_64/gradle/build/mobile/android/fenix/app/intermediates/apk_for_local_test/debugUnitTest/packageDebugUnitTestForUnitTest/apk-for-local-test.ap_ Binary XML file line #851
W/PackageParser: Unknown element under <service>: property at /work/src/mobile/android/fenix/app/../../../../obj-x86_64/gradle/build/mobile/android/fenix/app/intermediates/apk_for_local_test/debugUnitTest/packageDebugUnitTestForUnitTest/apk-for-local-test.ap_ Binary XML file line #960
W/PackageParser: Unknown element under <service>: property at /work/src/mobile/android/fenix/app/../../../../obj-x86_64/gradle/build/mobile/android/fenix/app/intermediates/apk_for_local_test/debugUnitTest/packageDebugUnitTestForUnitTest/apk-for-local-test.ap_ Binary XML file line #969
W/PackageParser: Unknown element under <service>: property at /work/src/mobile/android/fenix/app/../../../../obj-x86_64/gradle/build/mobile/android/fenix/app/intermediates/apk_for_local_test/debugUnitTest/packageDebugUnitTestForUnitTest/apk-for-local-test.ap_ Binary XML file line #978
I/glean/Glean: Registering pings for org.mozilla.fenix.GleanMetrics.Pings
E/glean/MetricsPingSched: MetricsPingScheduler last stored ping time was not valid
I/glean/MetricsPingSched: The 'metrics' ping is scheduled for immediate collection, 1788927849323
I/glean/MetricsPingSched: Collecting the 'metrics' ping, now = 1788927849323, startup = true, reason = overdue
D/glean/MetricsPingSched: Scheduling the 'metrics' ping in 84950677ms
W/OverlayConfig: partition_order.xml does not exist.
W/PackageParser: Unknown element under <manifest>: queries at /work/src/mobile/android/fenix/app/../../../../obj-x86_64/gradle/build/mobile/android/fenix/app/intermediates/apk_for_local_test/debugUnitTest/packageDebugUnitTestForUnitTest/apk-for-local-test.ap_ Binary XML file line #74
W/PackageParser: Unknown element under <service>: property at /work/src/mobile/android/fenix/app/../../../../obj-x86_64/gradle/build/mobile/android/fenix/app/intermediates/apk_for_local_test/debugUnitTest/packageDebugUnitTestForUnitTest/apk-for-local-test.ap_ Binary XML file line #840
W/PackageParser: Unknown element under <service>: property at /work/src/mobile/android/fenix/app/../../../../obj-x86_64/gradle/build/mobile/android/fenix/app/intermediates/apk_for_local_test/debugUnitTest/packageDebugUnitTestForUnitTest/apk-for-local-test.ap_ Binary XML file line #851
W/PackageParser: Unknown element under <service>: property at /work/src/mobile/android/fenix/app/../../../../obj-x86_64/gradle/build/mobile/android/fenix/app/intermediates/apk_for_local_test/debugUnitTest/packageDebugUnitTestForUnitTest/apk-for-local-test.ap_ Binary XML file line #960
W/PackageParser: Unknown element under <service>: property at /work/src/mobile/android/fenix/app/../../../../obj-x86_64/gradle/build/mobile/android/fenix/app/intermediates/apk_for_local_test/debugUnitTest/packageDebugUnitTestForUnitTest/apk-for-local-test.ap_ Binary XML file line #969
W/PackageParser: Unknown element under <service>: property at /work/src/mobile/android/fenix/app/../../../../obj-x86_64/gradle/build/mobile/android/fenix/app/intermediates/apk_for_local_test/debugUnitTest/packageDebugUnitTestForUnitTest/apk-for-local-test.ap_ Binary XML file line #978
I/glean/Glean: Registering pings for org.mozilla.fenix.GleanMetrics.Pings
E/glean/MetricsPingSched: MetricsPingScheduler last stored ping time was not valid
I/glean/MetricsPingSched: The 'metrics' ping is scheduled for immediate collection, 1788927850025
I/glean/MetricsPingSched: Collecting the 'metrics' ping, now = 1788927850025, startup = true, reason = overdue
D/glean/MetricsPingSched: Scheduling the 'metrics' ping in 84949975ms
W/OverlayConfig: partition_order.xml does not exist.
W/PackageParser: Unknown element under <manifest>: queries at /work/src/mobile/android/fenix/app/../../../../obj-x86_64/gradle/build/mobile/android/fenix/app/intermediates/apk_for_local_test/debugUnitTest/packageDebugUnitTestForUnitTest/apk-for-local-test.ap_ Binary XML file line #74
W/PackageParser: Unknown element under <service>: property at /work/src/mobile/android/fenix/app/../../../../obj-x86_64/gradle/build/mobile/android/fenix/app/intermediates/apk_for_local_test/debugUnitTest/packageDebugUnitTestForUnitTest/apk-for-local-test.ap_ Binary XML file line #840
W/PackageParser: Unknown element under <service>: property at /work/src/mobile/android/fenix/app/../../../../obj-x86_64/gradle/build/mobile/android/fenix/app/intermediates/apk_for_local_test/debugUnitTest/packageDebugUnitTestForUnitTest/apk-for-local-test.ap_ Binary XML file line #851
W/PackageParser: Unknown element under <service>: property at /work/src/mobile/android/fenix/app/../../../../obj-x86_64/gradle/build/mobile/android/fenix/app/intermediates/apk_for_local_test/debugUnitTest/packageDebugUnitTestForUnitTest/apk-for-local-test.ap_ Binary XML file line #960
W/PackageParser: Unknown element under <service>: property at /work/src/mobile/android/fenix/app/../../../../obj-x86_64/gradle/build/mobile/android/fenix/app/intermediates/apk_for_local_test/debugUnitTest/packageDebugUnitTestForUnitTest/apk-for-local-test.ap_ Binary XML file line #969
W/PackageParser: Unknown element under <service>: property at /work/src/mobile/android/fenix/app/../../../../obj-x86_64/gradle/build/mobile/android/fenix/app/intermediates/apk_for_local_test/debugUnitTest/packageDebugUnitTestForUnitTest/apk-for-local-test.ap_ Binary XML file line #978
I/glean/Glean: Registering pings for org.mozilla.fenix.GleanMetrics.Pings
E/glean/MetricsPingSched: MetricsPingScheduler last stored ping time was not valid
I/glean/MetricsPingSched: The 'metrics' ping is scheduled for immediate collection, 1788927850067
I/glean/MetricsPingSched: Collecting the 'metrics' ping, now = 1788927850067, startup = true, reason = overdue
D/glean/MetricsPingSched: Scheduling the 'metrics' ping in 84949933ms
W/OverlayConfig: partition_order.xml does not exist.
W/PackageParser: Unknown element under <manifest>: queries at /work/src/mobile/android/fenix/app/../../../../obj-x86_64/gradle/build/mobile/android/fenix/app/intermediates/apk_for_local_test/debugUnitTest/packageDebugUnitTestForUnitTest/apk-for-local-test.ap_ Binary XML file line #74
W/PackageParser: Unknown element under <service>: property at /work/src/mobile/android/fenix/app/../../../../obj-x86_64/gradle/build/mobile/android/fenix/app/intermediates/apk_for_local_test/debugUnitTest/packageDebugUnitTestForUnitTest/apk-for-local-test.ap_ Binary XML file line #840
W/PackageParser: Unknown element under <service>: property at /work/src/mobile/android/fenix/app/../../../../obj-x86_64/gradle/build/mobile/android/fenix/app/intermediates/apk_for_local_test/debugUnitTest/packageDebugUnitTestForUnitTest/apk-for-local-test.ap_ Binary XML file line #851
W/PackageParser: Unknown element under <service>: property at /work/src/mobile/android/fenix/app/../../../../obj-x86_64/gradle/build/mobile/android/fenix/app/intermediates/apk_for_local_test/debugUnitTest/packageDebugUnitTestForUnitTest/apk-for-local-test.ap_ Binary XML file line #960
W/PackageParser: Unknown element under <service>: property at /work/src/mobile/android/fenix/app/../../../../obj-x86_64/gradle/build/mobile/android/fenix/app/intermediates/apk_for_local_test/debugUnitTest/packageDebugUnitTestForUnitTest/apk-for-local-test.ap_ Binary XML file line #969
W/PackageParser: Unknown element under <service>: property at /work/src/mobile/android/fenix/app/../../../../obj-x86_64/gradle/build/mobile/android/fenix/app/intermediates/apk_for_local_test/debugUnitTest/packageDebugUnitTestForUnitTest/apk-for-local-test.ap_ Binary XML file line #978
I/glean/Glean: Registering pings for org.mozilla.fenix.GleanMetrics.Pings
E/glean/MetricsPingSched: MetricsPingScheduler last stored ping time was not valid
I/glean/MetricsPingSched: The 'metrics' ping is scheduled for immediate collection, 1788927850108
I/glean/MetricsPingSched: Collecting the 'metrics' ping, now = 1788927850108, startup = true, reason = overdue
D/glean/MetricsPingSched: Scheduling the 'metrics' ping in 84949892ms
W/OverlayConfig: partition_order.xml does not exist.
W/PackageParser: Unknown element under <manifest>: queries at /work/src/mobile/android/fenix/app/../../../../obj-x86_64/gradle/build/mobile/android/fenix/app/intermediates/apk_for_local_test/debugUnitTest/packageDebugUnitTestForUnitTest/apk-for-local-test.ap_ Binary XML file line #74
W/PackageParser: Unknown element under <service>: property at /work/src/mobile/android/fenix/app/../../../../obj-x86_64/gradle/build/mobile/android/fenix/app/intermediates/apk_for_local_test/debugUnitTest/packageDebugUnitTestForUnitTest/apk-for-local-test.ap_ Binary XML file line #840
W/PackageParser: Unknown element under <service>: property at /work/src/mobile/android/fenix/app/../../../../obj-x86_64/gradle/build/mobile/android/fenix/app/intermediates/apk_for_local_test/debugUnitTest/packageDebugUnitTestForUnitTest/apk-for-local-test.ap_ Binary XML file line #851
W/PackageParser: Unknown element under <service>: property at /work/src/mobile/android/fenix/app/../../../../obj-x86_64/gradle/build/mobile/android/fenix/app/intermediates/apk_for_local_test/debugUnitTest/packageDebugUnitTestForUnitTest/apk-for-local-test.ap_ Binary XML file line #960
W/PackageParser: Unknown element under <service>: property at /work/src/mobile/android/fenix/app/../../../../obj-x86_64/gradle/build/mobile/android/fenix/app/intermediates/apk_for_local_test/debugUnitTest/packageDebugUnitTestForUnitTest/apk-for-local-test.ap_ Binary XML file line #969
W/PackageParser: Unknown element under <service>: property at /work/src/mobile/android/fenix/app/../../../../obj-x86_64/gradle/build/mobile/android/fenix/app/intermediates/apk_for_local_test/debugUnitTest/packageDebugUnitTestForUnitTest/apk-for-local-test.ap_ Binary XML file line #978
I/glean/Glean: Registering pings for org.mozilla.fenix.GleanMetrics.Pings
E/glean/MetricsPingSched: MetricsPingScheduler last stored ping time was not valid
I/glean/MetricsPingSched: The 'metrics' ping is scheduled for immediate collection, 1788927850158
I/glean/MetricsPingSched: Collecting the 'metrics' ping, now = 1788927850158, startup = true, reason = overdue
D/glean/MetricsPingSched: Scheduling the 'metrics' ping in 84949842ms
]]></system-out>
  <system-err><![CDATA[]]></system-err>
</testsuite>
