<?xml version="1.0" encoding="UTF-8"?>
<testsuite name="org.mozilla.fenix.reviewprompt.ReviewPromptMiddlewareTest" tests="16" skipped="0" failures="0" errors="0" timestamp="2026-08-22T14:32:54.736Z" hostname="b01fb26c9b03" time="0.058">
  <properties/>
  <testcase name="WHEN don't show review prompt THEN does nothing" classname="org.mozilla.fenix.reviewprompt.ReviewPromptMiddlewareTest" time="0.003"/>
  <testcase name="GIVEN one of main criteria not satisfied AND sub-criteria satisfied WHEN check requested THEN sets not eligible" classname="org.mozilla.fenix.reviewprompt.ReviewPromptMiddlewareTest" time="0.0"/>
  <testcase name="GIVEN every legacy criterion satisfied WHEN check requested THEN sets not eligible" classname="org.mozilla.fenix.reviewprompt.ReviewPromptMiddlewareTest" time="0.0"/>
  <testcase name="GIVEN every main and sub-criterion satisfied WHEN check requested THEN sets not eligible" classname="org.mozilla.fenix.reviewprompt.ReviewPromptMiddlewareTest" time="0.001"/>
  <testcase name="WHEN show custom prompt THEN does nothing" classname="org.mozilla.fenix.reviewprompt.ReviewPromptMiddlewareTest" time="0.0"/>
  <testcase name="GIVEN custom prompt disabled AND criteria satisfied WHEN check requested THEN sets not eligible" classname="org.mozilla.fenix.reviewprompt.ReviewPromptMiddlewareTest" time="0.0"/>
  <testcase name="GIVEN check ran WHEN check requested again THEN does nothing" classname="org.mozilla.fenix.reviewprompt.ReviewPromptMiddlewareTest" time="0.0"/>
  <testcase name="WHEN review prompt shown THEN an event is recorded" classname="org.mozilla.fenix.reviewprompt.ReviewPromptMiddlewareTest" time="0.05"/>
  <testcase name="WHEN recordEvent fails THEN disables custom prompt" classname="org.mozilla.fenix.reviewprompt.ReviewPromptMiddlewareTest" time="0.0"/>
  <testcase name="GIVEN new criteria are enabled WHEN check requested THEN no criteria are evaluated" classname="org.mozilla.fenix.reviewprompt.ReviewPromptMiddlewareTest" time="0.003"/>
  <testcase name="GIVEN main criteria satisfied AND no sub-criteria satisfied WHEN check requested THEN sets not eligible" classname="org.mozilla.fenix.reviewprompt.ReviewPromptMiddlewareTest" time="0.0"/>
  <testcase name="GIVEN custom prompt enabled AND criteria satisfied WHEN check requested THEN sets not eligible" classname="org.mozilla.fenix.reviewprompt.ReviewPromptMiddlewareTest" time="0.0"/>
  <testcase name="GIVEN new criteria are disabled WHEN check requested THEN no criteria are evaluated" classname="org.mozilla.fenix.reviewprompt.ReviewPromptMiddlewareTest" time="0.0"/>
  <testcase name="WHEN show Play Store prompt THEN does nothing" classname="org.mozilla.fenix.reviewprompt.ReviewPromptMiddlewareTest" time="0.001"/>
  <testcase name="GIVEN main criteria satisfied AND no sub-criteria WHEN check requested THEN sets not eligible" classname="org.mozilla.fenix.reviewprompt.ReviewPromptMiddlewareTest" time="0.0"/>
  <testcase name="GIVEN review prompt shown WHEN check requested THEN does nothing" classname="org.mozilla.fenix.reviewprompt.ReviewPromptMiddlewareTest" time="0.0"/>
  <system-out><![CDATA[]]></system-out>
  <system-err><![CDATA[]]></system-err>
</testsuite>
