<?xml version="1.0" encoding="UTF-8"?>
<testsuite name="org.mozilla.fenix.home.pocket.ContentRecommendationsFeatureHelperTest" tests="4" skipped="0" failures="0" errors="0" timestamp="2026-08-22T14:32:51.722Z" hostname="b01fb26c9b03" time="0.357">
  <properties/>
  <testcase name="GIVEN a locale upstream supports WHEN pocket sponsored stories check is invoked THEN return false" classname="org.mozilla.fenix.home.pocket.ContentRecommendationsFeatureHelperTest" time="0.175"/>
  <testcase name="GIVEN a locale upstream supports WHEN content recommendations check is invoked THEN return false" classname="org.mozilla.fenix.home.pocket.ContentRecommendationsFeatureHelperTest" time="0.089"/>
  <testcase name="GIVEN unsupported locale WHEN pocket sponsored stories feature enabled check is invoked THEN return false" classname="org.mozilla.fenix.home.pocket.ContentRecommendationsFeatureHelperTest" time="0.045"/>
  <testcase name="GIVEN unsupported locale WHEN content recommendations feature enabled check is invoked THEN return false" classname="org.mozilla.fenix.home.pocket.ContentRecommendationsFeatureHelperTest" time="0.041"/>
  <system-out><![CDATA[W/OverlayConfig: partition_order.xml does not exist.
W/PackageParser: Unknown element under <manifest>: queries at /work/src/mobile/android/fenix/app/../../../../obj-x86_64/gradle/build/mobile/android/fenix/app/intermediates/apk_for_local_test/debugUnitTest/packageDebugUnitTestForUnitTest/apk-for-local-test.ap_ Binary XML file line #74
W/PackageParser: Unknown element under <service>: property at /work/src/mobile/android/fenix/app/../../../../obj-x86_64/gradle/build/mobile/android/fenix/app/intermediates/apk_for_local_test/debugUnitTest/packageDebugUnitTestForUnitTest/apk-for-local-test.ap_ Binary XML file line #843
W/PackageParser: Unknown element under <service>: property at /work/src/mobile/android/fenix/app/../../../../obj-x86_64/gradle/build/mobile/android/fenix/app/intermediates/apk_for_local_test/debugUnitTest/packageDebugUnitTestForUnitTest/apk-for-local-test.ap_ Binary XML file line #861
W/PackageParser: Unknown element under <service>: property at /work/src/mobile/android/fenix/app/../../../../obj-x86_64/gradle/build/mobile/android/fenix/app/intermediates/apk_for_local_test/debugUnitTest/packageDebugUnitTestForUnitTest/apk-for-local-test.ap_ Binary XML file line #984
W/PackageParser: Unknown element under <service>: property at /work/src/mobile/android/fenix/app/../../../../obj-x86_64/gradle/build/mobile/android/fenix/app/intermediates/apk_for_local_test/debugUnitTest/packageDebugUnitTestForUnitTest/apk-for-local-test.ap_ Binary XML file line #993
W/PackageParser: Unknown element under <service>: property at /work/src/mobile/android/fenix/app/../../../../obj-x86_64/gradle/build/mobile/android/fenix/app/intermediates/apk_for_local_test/debugUnitTest/packageDebugUnitTestForUnitTest/apk-for-local-test.ap_ Binary XML file line #1002
W/OverlayConfig: partition_order.xml does not exist.
W/PackageParser: Unknown element under <manifest>: queries at /work/src/mobile/android/fenix/app/../../../../obj-x86_64/gradle/build/mobile/android/fenix/app/intermediates/apk_for_local_test/debugUnitTest/packageDebugUnitTestForUnitTest/apk-for-local-test.ap_ Binary XML file line #74
W/PackageParser: Unknown element under <service>: property at /work/src/mobile/android/fenix/app/../../../../obj-x86_64/gradle/build/mobile/android/fenix/app/intermediates/apk_for_local_test/debugUnitTest/packageDebugUnitTestForUnitTest/apk-for-local-test.ap_ Binary XML file line #843
W/PackageParser: Unknown element under <service>: property at /work/src/mobile/android/fenix/app/../../../../obj-x86_64/gradle/build/mobile/android/fenix/app/intermediates/apk_for_local_test/debugUnitTest/packageDebugUnitTestForUnitTest/apk-for-local-test.ap_ Binary XML file line #861
W/PackageParser: Unknown element under <service>: property at /work/src/mobile/android/fenix/app/../../../../obj-x86_64/gradle/build/mobile/android/fenix/app/intermediates/apk_for_local_test/debugUnitTest/packageDebugUnitTestForUnitTest/apk-for-local-test.ap_ Binary XML file line #984
W/PackageParser: Unknown element under <service>: property at /work/src/mobile/android/fenix/app/../../../../obj-x86_64/gradle/build/mobile/android/fenix/app/intermediates/apk_for_local_test/debugUnitTest/packageDebugUnitTestForUnitTest/apk-for-local-test.ap_ Binary XML file line #993
W/PackageParser: Unknown element under <service>: property at /work/src/mobile/android/fenix/app/../../../../obj-x86_64/gradle/build/mobile/android/fenix/app/intermediates/apk_for_local_test/debugUnitTest/packageDebugUnitTestForUnitTest/apk-for-local-test.ap_ Binary XML file line #1002
W/OverlayConfig: partition_order.xml does not exist.
W/PackageParser: Unknown element under <manifest>: queries at /work/src/mobile/android/fenix/app/../../../../obj-x86_64/gradle/build/mobile/android/fenix/app/intermediates/apk_for_local_test/debugUnitTest/packageDebugUnitTestForUnitTest/apk-for-local-test.ap_ Binary XML file line #74
W/PackageParser: Unknown element under <service>: property at /work/src/mobile/android/fenix/app/../../../../obj-x86_64/gradle/build/mobile/android/fenix/app/intermediates/apk_for_local_test/debugUnitTest/packageDebugUnitTestForUnitTest/apk-for-local-test.ap_ Binary XML file line #843
W/PackageParser: Unknown element under <service>: property at /work/src/mobile/android/fenix/app/../../../../obj-x86_64/gradle/build/mobile/android/fenix/app/intermediates/apk_for_local_test/debugUnitTest/packageDebugUnitTestForUnitTest/apk-for-local-test.ap_ Binary XML file line #861
W/PackageParser: Unknown element under <service>: property at /work/src/mobile/android/fenix/app/../../../../obj-x86_64/gradle/build/mobile/android/fenix/app/intermediates/apk_for_local_test/debugUnitTest/packageDebugUnitTestForUnitTest/apk-for-local-test.ap_ Binary XML file line #984
W/PackageParser: Unknown element under <service>: property at /work/src/mobile/android/fenix/app/../../../../obj-x86_64/gradle/build/mobile/android/fenix/app/intermediates/apk_for_local_test/debugUnitTest/packageDebugUnitTestForUnitTest/apk-for-local-test.ap_ Binary XML file line #993
W/PackageParser: Unknown element under <service>: property at /work/src/mobile/android/fenix/app/../../../../obj-x86_64/gradle/build/mobile/android/fenix/app/intermediates/apk_for_local_test/debugUnitTest/packageDebugUnitTestForUnitTest/apk-for-local-test.ap_ Binary XML file line #1002
W/OverlayConfig: partition_order.xml does not exist.
W/PackageParser: Unknown element under <manifest>: queries at /work/src/mobile/android/fenix/app/../../../../obj-x86_64/gradle/build/mobile/android/fenix/app/intermediates/apk_for_local_test/debugUnitTest/packageDebugUnitTestForUnitTest/apk-for-local-test.ap_ Binary XML file line #74
W/PackageParser: Unknown element under <service>: property at /work/src/mobile/android/fenix/app/../../../../obj-x86_64/gradle/build/mobile/android/fenix/app/intermediates/apk_for_local_test/debugUnitTest/packageDebugUnitTestForUnitTest/apk-for-local-test.ap_ Binary XML file line #843
W/PackageParser: Unknown element under <service>: property at /work/src/mobile/android/fenix/app/../../../../obj-x86_64/gradle/build/mobile/android/fenix/app/intermediates/apk_for_local_test/debugUnitTest/packageDebugUnitTestForUnitTest/apk-for-local-test.ap_ Binary XML file line #861
W/PackageParser: Unknown element under <service>: property at /work/src/mobile/android/fenix/app/../../../../obj-x86_64/gradle/build/mobile/android/fenix/app/intermediates/apk_for_local_test/debugUnitTest/packageDebugUnitTestForUnitTest/apk-for-local-test.ap_ Binary XML file line #984
W/PackageParser: Unknown element under <service>: property at /work/src/mobile/android/fenix/app/../../../../obj-x86_64/gradle/build/mobile/android/fenix/app/intermediates/apk_for_local_test/debugUnitTest/packageDebugUnitTestForUnitTest/apk-for-local-test.ap_ Binary XML file line #993
W/PackageParser: Unknown element under <service>: property at /work/src/mobile/android/fenix/app/../../../../obj-x86_64/gradle/build/mobile/android/fenix/app/intermediates/apk_for_local_test/debugUnitTest/packageDebugUnitTestForUnitTest/apk-for-local-test.ap_ Binary XML file line #1002
]]></system-out>
  <system-err><![CDATA[]]></system-err>
</testsuite>
