<?xml version="1.0" encoding="UTF-8"?>
<testsuite name="org.mozilla.fenix.home.PocketMiddlewareTest" tests="10" skipped="0" failures="0" errors="0" timestamp="2026-08-22T14:32:50.313Z" hostname="b01fb26c9b03" time="1.361">
  <properties/>
  <testcase name="WHEN restoreSelectedCategories is called THEN dispatch PocketStoriesCategoriesSelectionsChange with data read from the persistence layer" classname="org.mozilla.fenix.home.PocketMiddlewareTest" time="0.13"/>
  <testcase name="WHEN PocketStoriesCategoriesChange is dispatched THEN intercept and dispatch PocketStoriesCategoriesSelectionsChange" classname="org.mozilla.fenix.home.PocketMiddlewareTest" time="0.318"/>
  <testcase name="GIVEN pocket settings are false WHEN App is Started THEN don't start the Pocket workers" classname="org.mozilla.fenix.home.PocketMiddlewareTest" time="0.13"/>
  <testcase name="GIVEN pocket settings are true WHEN App is Started THEN still do not start the Pocket workers" classname="org.mozilla.fenix.home.PocketMiddlewareTest" time="0.005"/>
  <testcase name="WHEN persistCategories is called THEN update dataStore" classname="org.mozilla.fenix.home.PocketMiddlewareTest" time="0.004"/>
  <testcase name="WHEN needing to persist impressions is called THEN update PocketStoriesService" classname="org.mozilla.fenix.home.PocketMiddlewareTest" time="0.074"/>
  <testcase name="WHEN PocketStoriesShown is dispatched THEN update PocketStoriesService" classname="org.mozilla.fenix.home.PocketMiddlewareTest" time="0.005"/>
  <testcase name="WHEN DeselectPocketStoriesCategory is dispatched THEN persist details in DataStore and in memory" classname="org.mozilla.fenix.home.PocketMiddlewareTest" time="0.004"/>
  <testcase name="WHEN SelectPocketStoriesCategory is dispatched THEN persist details in DataStore and in memory" classname="org.mozilla.fenix.home.PocketMiddlewareTest" time="0.003"/>
  <testcase name="GIVEN the backing settings are all true THEN SettingsBackedPocketSettings reports both features off" classname="org.mozilla.fenix.home.PocketMiddlewareTest" time="0.688"/>
  <system-out><![CDATA[]]></system-out>
  <system-err><![CDATA[]]></system-err>
</testsuite>
