<?xml version="1.0" encoding="UTF-8"?>
<testsuite name="org.mozilla.fenix.utils.SettingsTest" tests="103" skipped="0" failures="0" errors="0" timestamp="2026-08-22T14:33:01.289Z" hostname="b01fb26c9b03" time="5.086">
  <properties/>
  <testcase name="getSitePermissionsCustomSettingsRules_localDeviceAccess" classname="org.mozilla.fenix.utils.SettingsTest" time="0.062"/>
  <testcase name="sitePermissionsPhoneFeatureCameraAction" classname="org.mozilla.fenix.utils.SettingsTest" time="0.047"/>
  <testcase name="GIVEN startOnHomeAfterFourHours is selected after four hours of inactivity WHEN calling shouldStartOnHome THEN return true" classname="org.mozilla.fenix.utils.SettingsTest" time="0.06"/>
  <testcase name="WHEN old cleanup file preference is DELETE_FROM_DEVICE THEN delete behavior should be ASK_WHEN_DELETING" classname="org.mozilla.fenix.utils.SettingsTest" time="0.046"/>
  <testcase name="isTelemetryEnabled" classname="org.mozilla.fenix.utils.SettingsTest" time="0.039"/>
  <testcase name="GIVEN top composable toolbar is enabled WHEN querying the toolbar height THEN get the height of the composable toolbar" classname="org.mozilla.fenix.utils.SettingsTest" time="0.111"/>
  <testcase name="getSitePermissionsCustomSettingsRules_autoplayInaudible" classname="org.mozilla.fenix.utils.SettingsTest" time="0.068"/>
  <testcase name="WHEN user has accepted the ToU THEN termsOfUseAcceptedVersion returns the ToU version" classname="org.mozilla.fenix.utils.SettingsTest" time="0.053"/>
  <testcase name="GIVEN the time since last prompt is too short WHEN checking prompt eligibility THEN shouldShowSetAsDefaultPrompt is false" classname="org.mozilla.fenix.utils.SettingsTest" time="0.056"/>
  <testcase name="GIVEN Https-only mode is enabled for all tabs THEN the engine mode is HttpsOnlyMode#ENABLED" classname="org.mozilla.fenix.utils.SettingsTest" time="0.048"/>
  <testcase name="GIVEN open links in apps setting THEN return the correct display string" classname="org.mozilla.fenix.utils.SettingsTest" time="0.067"/>
  <testcase name="sitePermissionsPhoneFeatureLocation" classname="org.mozilla.fenix.utils.SettingsTest" time="0.046"/>
  <testcase name="GIVEN bottom composable toolbar is enabled and navigation bar is enabled but window is not tall enough WHEN querying the toolbar height THEN get the height of the composable toolbar" classname="org.mozilla.fenix.utils.SettingsTest" time="0.041"/>
  <testcase name="clearAnyDataOnQuit" classname="org.mozilla.fenix.utils.SettingsTest" time="0.053"/>
  <testcase name="getSitePermissionsCustomSettingsRules_persistentStorage" classname="org.mozilla.fenix.utils.SettingsTest" time="0.047"/>
  <testcase name="getTabTimeout" classname="org.mozilla.fenix.utils.SettingsTest" time="0.059"/>
  <testcase name="GIVEN the feature flag default WHEN the user has not been onboarded THEN shouldShowOnboarding is false" classname="org.mozilla.fenix.utils.SettingsTest" time="0.044"/>
  <testcase name="GIVEN feature is enabled, hasUserBeenOnboarded is false THEN shouldShowOnboarding returns false" classname="org.mozilla.fenix.utils.SettingsTest" time="0.042"/>
  <testcase name="canShowCfrTest" classname="org.mozilla.fenix.utils.SettingsTest" time="0.06"/>
  <testcase name="shouldManuallyCloseTabs" classname="org.mozilla.fenix.utils.SettingsTest" time="0.046"/>
  <testcase name="GIVEN startOnHomeAlways is selected WHEN calling shouldStartOnHome THEN return true" classname="org.mozilla.fenix.utils.SettingsTest" time="0.055"/>
  <testcase name="GIVEN not enough cold starts WHEN checking prompt eligibility THEN shouldShowSetAsDefaultPrompt is false" classname="org.mozilla.fenix.utils.SettingsTest" time="0.048"/>
  <testcase name="shouldShowLoginsDialogWarningSync" classname="org.mozilla.fenix.utils.SettingsTest" time="0.044"/>
  <testcase name="shouldShowClipboardSuggestion" classname="org.mozilla.fenix.utils.SettingsTest" time="0.04"/>
  <testcase name="GIVEN previously stored pref_key_search_widget_installed value is Boolean WHEN calling migrateSearchWidgetInstalledIfNeeded THEN crash should not happen" classname="org.mozilla.fenix.utils.SettingsTest" time="0.048"/>
  <testcase name="shouldUseAutoSize" classname="org.mozilla.fenix.utils.SettingsTest" time="0.042"/>
  <testcase name="GIVEN unset user preferences THEN https-only is disabled" classname="org.mozilla.fenix.utils.SettingsTest" time="0.039"/>
  <testcase name="GIVEN shouldShowInactiveTabsAutoCloseDialog WHEN the dialog has been dismissed before THEN no show the dialog" classname="org.mozilla.fenix.utils.SettingsTest" time="0.044"/>
  <testcase name="sitePermissionsPhoneFeatureMicrophoneAction" classname="org.mozilla.fenix.utils.SettingsTest" time="0.057"/>
  <testcase name="launchLinksInPrivateTab" classname="org.mozilla.fenix.utils.SettingsTest" time="0.044"/>
  <testcase name="GIVEN feature is enabled, hasUserBeenOnboarded is true THEN shouldShowOnboarding returns false" classname="org.mozilla.fenix.utils.SettingsTest" time="0.041"/>
  <testcase name="shouldReturnToBrowser" classname="org.mozilla.fenix.utils.SettingsTest" time="0.049"/>
  <testcase name="GIVEN the conditions to show a prompt are not met WHEN checking prompt eligibility THEN shouldShowSetAsDefaultPrompt is false" classname="org.mozilla.fenix.utils.SettingsTest" time="0.05"/>
  <testcase name="inactiveTabsAreEnabled" classname="org.mozilla.fenix.utils.SettingsTest" time="0.04"/>
  <testcase name="sitePermissionsPhoneFeatureNotificationAction" classname="org.mozilla.fenix.utils.SettingsTest" time="0.046"/>
  <testcase name="GIVEN previously stored pref_key_last_review_prompt_shown_time value is a String WHEN calling migrateLastReviewPromptTimePrefIfNeeded THEN crash should not happen" classname="org.mozilla.fenix.utils.SettingsTest" time="0.048"/>
  <testcase name="WHEN no preference is stored THEN delete download behavior should be ASK_WHEN_DELETING" classname="org.mozilla.fenix.utils.SettingsTest" time="0.045"/>
  <testcase name="GIVEN other conditions are valid WHEN the default browser prompt is disabled THEN shouldShowSetAsDefaultPrompt is false" classname="org.mozilla.fenix.utils.SettingsTest" time="0.051"/>
  <testcase name="GIVEN none previously stored pref_key_last_review_prompt_shown_time value WHEN calling migrateLastReviewPromptTimePrefIfNeeded THEN migration should not happen" classname="org.mozilla.fenix.utils.SettingsTest" time="0.047"/>
  <testcase name="getSitePermissionsCustomSettingsRules_camera" classname="org.mozilla.fenix.utils.SettingsTest" time="0.045"/>
  <testcase name="WHEN old download delete behavior preference is DELETE_FROM_DEVICE THEN delete behavior should be ASK_WHEN_DELETING" classname="org.mozilla.fenix.utils.SettingsTest" time="0.044"/>
  <testcase name="shouldFollowDeviceTheme" classname="org.mozilla.fenix.utils.SettingsTest" time="0.045"/>
  <testcase name="GIVEN the prompt has been shown maximum times WHEN checking prompt eligibility THEN shouldShowSetAsDefaultPrompt is false" classname="org.mozilla.fenix.utils.SettingsTest" time="0.056"/>
  <testcase name="shouldShowBookmarkSuggestions" classname="org.mozilla.fenix.utils.SettingsTest" time="0.041"/>
  <testcase name="defaultSearchEngineName" classname="org.mozilla.fenix.utils.SettingsTest" time="0.045"/>
  <testcase name="GIVEN other conditions are valid WHEN the days between prompts is null THEN the value is ignored" classname="org.mozilla.fenix.utils.SettingsTest" time="0.052"/>
  <testcase name="WHEN user has accepted the ToU THEN termsOfUseAcceptedTimeInMillis returns the app installed time" classname="org.mozilla.fenix.utils.SettingsTest" time="0.069"/>
  <testcase name="shouldShowHistorySuggestions" classname="org.mozilla.fenix.utils.SettingsTest" time="0.043"/>
  <testcase name="getSitePermissionsCustomSettingsRules_autoplay_defaults" classname="org.mozilla.fenix.utils.SettingsTest" time="0.068"/>
  <testcase name="WHEN user has not accepted the ToU THEN termsOfUseAcceptedVersion returns 0" classname="org.mozilla.fenix.utils.SettingsTest" time="0.059"/>
  <testcase name="isRemoteDebuggingEnabled" classname="org.mozilla.fenix.utils.SettingsTest" time="0.04"/>
  <testcase name="getSitePermissionsCustomSettingsRules_default" classname="org.mozilla.fenix.utils.SettingsTest" time="0.044"/>
  <testcase name="overrideAmoCollection" classname="org.mozilla.fenix.utils.SettingsTest" time="0.057"/>
  <testcase name="showPwaFragment" classname="org.mozilla.fenix.utils.SettingsTest" time="0.067"/>
  <testcase name="GIVEN startOnHomeAfterFourHours is selected and with recent activity WHEN calling shouldStartOnHome THEN return false" classname="org.mozilla.fenix.utils.SettingsTest" time="0.056"/>
  <testcase name="GIVEN unset user preferences THEN https-only is disabled for private tabs" classname="org.mozilla.fenix.utils.SettingsTest" time="0.046"/>
  <testcase name="GIVEN other conditions are valid WHEN max prompts shown is null THEN the value is ignored" classname="org.mozilla.fenix.utils.SettingsTest" time="0.047"/>
  <testcase name="GIVEN shouldShowInactiveTabsAutoCloseDialog WHEN the inactive tabs are less than the minimum THEN no show the dialog" classname="org.mozilla.fenix.utils.SettingsTest" time="0.044"/>
  <testcase name="getSitePermissionsCustomSettingsRules_notification" classname="org.mozilla.fenix.utils.SettingsTest" time="0.047"/>
  <testcase name="GIVEN enough cold starts and conditions met WHEN checking prompt eligibility THEN shouldShowSetAsDefaultPrompt is true" classname="org.mozilla.fenix.utils.SettingsTest" time="0.048"/>
  <testcase name="fontSizeFactor" classname="org.mozilla.fenix.utils.SettingsTest" time="0.043"/>
  <testcase name="GIVEN a written integer value for pref_key_search_widget_installed WHEN reading searchWidgetInstalled THEN do not throw a ClassCastException" classname="org.mozilla.fenix.utils.SettingsTest" time="0.046"/>
  <testcase name="shouldAutofill" classname="org.mozilla.fenix.utils.SettingsTest" time="0.046"/>
  <testcase name="GIVEN feature is disabled, hasUserBeenOnboarded is true THEN shouldShowOnboarding returns false" classname="org.mozilla.fenix.utils.SettingsTest" time="0.04"/>
  <testcase name="GIVEN shouldShowInactiveTabsAutoCloseDialog WHEN closeTabsAfterOneMonth is already selected THEN no show the dialog" classname="org.mozilla.fenix.utils.SettingsTest" time="0.043"/>
  <testcase name="clearDataOnQuit" classname="org.mozilla.fenix.utils.SettingsTest" time="0.064"/>
  <testcase name="GIVEN Https-only mode is disabled THEN the engine mode is HttpsOnlyMode#DISABLED" classname="org.mozilla.fenix.utils.SettingsTest" time="0.045"/>
  <testcase name="showLoginsDialogWarningSync" classname="org.mozilla.fenix.utils.SettingsTest" time="0.044"/>
  <testcase name="GIVEN previously stored pref_key_search_widget_installed value WHEN calling migrateSearchWidgetInstalledIfNeeded THEN migrate the value" classname="org.mozilla.fenix.utils.SettingsTest" time="0.049"/>
  <testcase name="getSitePermissionsCustomSettingsRules_localNetworkAccess" classname="org.mozilla.fenix.utils.SettingsTest" time="0.046"/>
  <testcase name="showLoginsDialogWarning" classname="org.mozilla.fenix.utils.SettingsTest" time="0.043"/>
  <testcase name="overrideAmoUser" classname="org.mozilla.fenix.utils.SettingsTest" time="0.042"/>
  <testcase name="defaultWallpaperIsDefaultWhenEdgeToEdgeDisabled" classname="org.mozilla.fenix.utils.SettingsTest" time="0.063"/>
  <testcase name="getSitePermissionsCustomSettingsRules_crossOriginStorageAccess" classname="org.mozilla.fenix.utils.SettingsTest" time="0.064"/>
  <testcase name="getSitePermissionsCustomSettingsRules_microphone" classname="org.mozilla.fenix.utils.SettingsTest" time="0.045"/>
  <testcase name="shouldShowLoginsDialogWarning" classname="org.mozilla.fenix.utils.SettingsTest" time="0.044"/>
  <testcase name="GIVEN Https-only mode is enabled THEN the engine mode is HttpsOnlyMode#ENABLED" classname="org.mozilla.fenix.utils.SettingsTest" time="0.044"/>
  <testcase name="getSitePermissionsCustomSettingsRules_autoplayAudible" classname="org.mozilla.fenix.utils.SettingsTest" time="0.049"/>
  <testcase name="shouldUseDarkTheme" classname="org.mozilla.fenix.utils.SettingsTest" time="0.04"/>
  <testcase name="shouldUseLightTheme" classname="org.mozilla.fenix.utils.SettingsTest" time="0.047"/>
  <testcase name="GIVEN Https-only mode is enabled for only private tabs THEN the engine mode is HttpsOnlyMode#ENABLED_PRIVATE_ONLY" classname="org.mozilla.fenix.utils.SettingsTest" time="0.046"/>
  <testcase name="GIVEN unset user preferences THEN https-only is enabled for all tabs" classname="org.mozilla.fenix.utils.SettingsTest" time="0.041"/>
  <testcase name="GIVEN startOnHomeNever is selected WHEN calling shouldStartOnHome THEN return be false" classname="org.mozilla.fenix.utils.SettingsTest" time="0.05"/>
  <testcase name="getSitePermissionsCustomSettingsRules_location" classname="org.mozilla.fenix.utils.SettingsTest" time="0.046"/>
  <testcase name="getSitePermissionsCustomSettingsRules_mediaKeySystemAccess" classname="org.mozilla.fenix.utils.SettingsTest" time="0.048"/>
  <testcase name="GIVEN shouldShowInactiveTabsAutoCloseDialog WHEN the dialog has not been dismissed, with more inactive tabs than the queried and closeTabsAfterOneMonth not set THEN show the dialog" classname="org.mozilla.fenix.utils.SettingsTest" time="0.043"/>
  <testcase name="GIVEN none previously stored pref_key_search_widget_installed value WHEN calling migrateSearchWidgetInstalledIfNeeded THEN migration should not happen" classname="org.mozilla.fenix.utils.SettingsTest" time="0.044"/>
  <testcase name="shouldUseAutoBatteryTheme" classname="org.mozilla.fenix.utils.SettingsTest" time="0.04"/>
  <testcase name="shouldUseTrackingProtection" classname="org.mozilla.fenix.utils.SettingsTest" time="0.057"/>
  <testcase name="GIVEN enablePersistentOnboarding is true THEN shouldShowOnboarding still returns false" classname="org.mozilla.fenix.utils.SettingsTest" time="0.045"/>
  <testcase name="GIVEN previously stored pref_key_last_review_prompt_shown_time value WHEN calling migrateLastReviewPromptTimePrefIfNeeded THEN migrate the value" classname="org.mozilla.fenix.utils.SettingsTest" time="0.051"/>
  <testcase name="GIVEN bottom composable toolbar is enabled and navigation bar is disabled WHEN querying the toolbar height THEN get the height of the composable toolbar" classname="org.mozilla.fenix.utils.SettingsTest" time="0.041"/>
  <testcase name="shouldUseTrackingProtectionStrict" classname="org.mozilla.fenix.utils.SettingsTest" time="0.039"/>
  <testcase name="WHEN download deletion behavior preference is read THEN it should read from the new preference" classname="org.mozilla.fenix.utils.SettingsTest" time="0.057"/>
  <testcase name="WHEN user has not accepted the ToU THEN termsOfUseAcceptedTimeInMillis returns 0L" classname="org.mozilla.fenix.utils.SettingsTest" time="0.067"/>
  <testcase name="shouldSetOpenInAppOpened" classname="org.mozilla.fenix.utils.SettingsTest" time="0.046"/>
  <testcase name="GIVEN other conditions are valid WHEN cold starts between prompts is null THEN the value is ignored" classname="org.mozilla.fenix.utils.SettingsTest" time="0.048"/>
  <testcase name="GIVEN bottom composable toolbar is enabled and navigation bar is enabled but window is too wide WHEN querying the toolbar height THEN get the height of the composable toolbar" classname="org.mozilla.fenix.utils.SettingsTest" time="0.041"/>
  <testcase name="defaultWallpaperIsEdgeToEdgeWhenEdgeToEdgeFeatureEnabled" classname="org.mozilla.fenix.utils.SettingsTest" time="0.063"/>
  <testcase name="WHEN old download delete behavior preference is REMOVE_FROM_HISTORY THEN delete behavior should be ASK_WHEN_DELETING" classname="org.mozilla.fenix.utils.SettingsTest" time="0.049"/>
  <testcase name="shouldSetInstallPwaOpened" classname="org.mozilla.fenix.utils.SettingsTest" time="0.047"/>
  <testcase name="showSearchSuggestions" classname="org.mozilla.fenix.utils.SettingsTest" time="0.039"/>
  <testcase name="GIVEN bottom composable toolbar is enabled and navigation bar is enabled WHEN querying the toolbar height THEN get the height of the composable toolbar" classname="org.mozilla.fenix.utils.SettingsTest" time="0.044"/>
  <system-out><![CDATA[W/OverlayConfig: partition_order.xml does not exist.
W/PackageParser: Unknown element under <manifest>: queries at /work/src/mobile/android/fenix/app/../../../../obj-x86_64/gradle/build/mobile/android/fenix/app/intermediates/apk_for_local_test/debugUnitTest/packageDebugUnitTestForUnitTest/apk-for-local-test.ap_ Binary XML file line #74
W/PackageParser: Unknown element under <service>: property at /work/src/mobile/android/fenix/app/../../../../obj-x86_64/gradle/build/mobile/android/fenix/app/intermediates/apk_for_local_test/debugUnitTest/packageDebugUnitTestForUnitTest/apk-for-local-test.ap_ Binary XML file line #843
W/PackageParser: Unknown element under <service>: property at /work/src/mobile/android/fenix/app/../../../../obj-x86_64/gradle/build/mobile/android/fenix/app/intermediates/apk_for_local_test/debugUnitTest/packageDebugUnitTestForUnitTest/apk-for-local-test.ap_ Binary XML file line #861
W/PackageParser: Unknown element under <service>: property at /work/src/mobile/android/fenix/app/../../../../obj-x86_64/gradle/build/mobile/android/fenix/app/intermediates/apk_for_local_test/debugUnitTest/packageDebugUnitTestForUnitTest/apk-for-local-test.ap_ Binary XML file line #984
W/PackageParser: Unknown element under <service>: property at /work/src/mobile/android/fenix/app/../../../../obj-x86_64/gradle/build/mobile/android/fenix/app/intermediates/apk_for_local_test/debugUnitTest/packageDebugUnitTestForUnitTest/apk-for-local-test.ap_ Binary XML file line #993
W/PackageParser: Unknown element under <service>: property at /work/src/mobile/android/fenix/app/../../../../obj-x86_64/gradle/build/mobile/android/fenix/app/intermediates/apk_for_local_test/debugUnitTest/packageDebugUnitTestForUnitTest/apk-for-local-test.ap_ Binary XML file line #1002
W/OverlayConfig: partition_order.xml does not exist.
W/PackageParser: Unknown element under <manifest>: queries at /work/src/mobile/android/fenix/app/../../../../obj-x86_64/gradle/build/mobile/android/fenix/app/intermediates/apk_for_local_test/debugUnitTest/packageDebugUnitTestForUnitTest/apk-for-local-test.ap_ Binary XML file line #74
W/PackageParser: Unknown element under <service>: property at /work/src/mobile/android/fenix/app/../../../../obj-x86_64/gradle/build/mobile/android/fenix/app/intermediates/apk_for_local_test/debugUnitTest/packageDebugUnitTestForUnitTest/apk-for-local-test.ap_ Binary XML file line #843
W/PackageParser: Unknown element under <service>: property at /work/src/mobile/android/fenix/app/../../../../obj-x86_64/gradle/build/mobile/android/fenix/app/intermediates/apk_for_local_test/debugUnitTest/packageDebugUnitTestForUnitTest/apk-for-local-test.ap_ Binary XML file line #861
W/PackageParser: Unknown element under <service>: property at /work/src/mobile/android/fenix/app/../../../../obj-x86_64/gradle/build/mobile/android/fenix/app/intermediates/apk_for_local_test/debugUnitTest/packageDebugUnitTestForUnitTest/apk-for-local-test.ap_ Binary XML file line #984
W/PackageParser: Unknown element under <service>: property at /work/src/mobile/android/fenix/app/../../../../obj-x86_64/gradle/build/mobile/android/fenix/app/intermediates/apk_for_local_test/debugUnitTest/packageDebugUnitTestForUnitTest/apk-for-local-test.ap_ Binary XML file line #993
W/PackageParser: Unknown element under <service>: property at /work/src/mobile/android/fenix/app/../../../../obj-x86_64/gradle/build/mobile/android/fenix/app/intermediates/apk_for_local_test/debugUnitTest/packageDebugUnitTestForUnitTest/apk-for-local-test.ap_ Binary XML file line #1002
W/OverlayConfig: partition_order.xml does not exist.
W/PackageParser: Unknown element under <manifest>: queries at /work/src/mobile/android/fenix/app/../../../../obj-x86_64/gradle/build/mobile/android/fenix/app/intermediates/apk_for_local_test/debugUnitTest/packageDebugUnitTestForUnitTest/apk-for-local-test.ap_ Binary XML file line #74
W/PackageParser: Unknown element under <service>: property at /work/src/mobile/android/fenix/app/../../../../obj-x86_64/gradle/build/mobile/android/fenix/app/intermediates/apk_for_local_test/debugUnitTest/packageDebugUnitTestForUnitTest/apk-for-local-test.ap_ Binary XML file line #843
W/PackageParser: Unknown element under <service>: property at /work/src/mobile/android/fenix/app/../../../../obj-x86_64/gradle/build/mobile/android/fenix/app/intermediates/apk_for_local_test/debugUnitTest/packageDebugUnitTestForUnitTest/apk-for-local-test.ap_ Binary XML file line #861
W/PackageParser: Unknown element under <service>: property at /work/src/mobile/android/fenix/app/../../../../obj-x86_64/gradle/build/mobile/android/fenix/app/intermediates/apk_for_local_test/debugUnitTest/packageDebugUnitTestForUnitTest/apk-for-local-test.ap_ Binary XML file line #984
W/PackageParser: Unknown element under <service>: property at /work/src/mobile/android/fenix/app/../../../../obj-x86_64/gradle/build/mobile/android/fenix/app/intermediates/apk_for_local_test/debugUnitTest/packageDebugUnitTestForUnitTest/apk-for-local-test.ap_ Binary XML file line #993
W/PackageParser: Unknown element under <service>: property at /work/src/mobile/android/fenix/app/../../../../obj-x86_64/gradle/build/mobile/android/fenix/app/intermediates/apk_for_local_test/debugUnitTest/packageDebugUnitTestForUnitTest/apk-for-local-test.ap_ Binary XML file line #1002
W/OverlayConfig: partition_order.xml does not exist.
W/PackageParser: Unknown element under <manifest>: queries at /work/src/mobile/android/fenix/app/../../../../obj-x86_64/gradle/build/mobile/android/fenix/app/intermediates/apk_for_local_test/debugUnitTest/packageDebugUnitTestForUnitTest/apk-for-local-test.ap_ Binary XML file line #74
W/PackageParser: Unknown element under <service>: property at /work/src/mobile/android/fenix/app/../../../../obj-x86_64/gradle/build/mobile/android/fenix/app/intermediates/apk_for_local_test/debugUnitTest/packageDebugUnitTestForUnitTest/apk-for-local-test.ap_ Binary XML file line #843
W/PackageParser: Unknown element under <service>: property at /work/src/mobile/android/fenix/app/../../../../obj-x86_64/gradle/build/mobile/android/fenix/app/intermediates/apk_for_local_test/debugUnitTest/packageDebugUnitTestForUnitTest/apk-for-local-test.ap_ Binary XML file line #861
W/PackageParser: Unknown element under <service>: property at /work/src/mobile/android/fenix/app/../../../../obj-x86_64/gradle/build/mobile/android/fenix/app/intermediates/apk_for_local_test/debugUnitTest/packageDebugUnitTestForUnitTest/apk-for-local-test.ap_ Binary XML file line #984
W/PackageParser: Unknown element under <service>: property at /work/src/mobile/android/fenix/app/../../../../obj-x86_64/gradle/build/mobile/android/fenix/app/intermediates/apk_for_local_test/debugUnitTest/packageDebugUnitTestForUnitTest/apk-for-local-test.ap_ Binary XML file line #993
W/PackageParser: Unknown element under <service>: property at /work/src/mobile/android/fenix/app/../../../../obj-x86_64/gradle/build/mobile/android/fenix/app/intermediates/apk_for_local_test/debugUnitTest/packageDebugUnitTestForUnitTest/apk-for-local-test.ap_ Binary XML file line #1002
W/OverlayConfig: partition_order.xml does not exist.
W/PackageParser: Unknown element under <manifest>: queries at /work/src/mobile/android/fenix/app/../../../../obj-x86_64/gradle/build/mobile/android/fenix/app/intermediates/apk_for_local_test/debugUnitTest/packageDebugUnitTestForUnitTest/apk-for-local-test.ap_ Binary XML file line #74
W/PackageParser: Unknown element under <service>: property at /work/src/mobile/android/fenix/app/../../../../obj-x86_64/gradle/build/mobile/android/fenix/app/intermediates/apk_for_local_test/debugUnitTest/packageDebugUnitTestForUnitTest/apk-for-local-test.ap_ Binary XML file line #843
W/PackageParser: Unknown element under <service>: property at /work/src/mobile/android/fenix/app/../../../../obj-x86_64/gradle/build/mobile/android/fenix/app/intermediates/apk_for_local_test/debugUnitTest/packageDebugUnitTestForUnitTest/apk-for-local-test.ap_ Binary XML file line #861
W/PackageParser: Unknown element under <service>: property at /work/src/mobile/android/fenix/app/../../../../obj-x86_64/gradle/build/mobile/android/fenix/app/intermediates/apk_for_local_test/debugUnitTest/packageDebugUnitTestForUnitTest/apk-for-local-test.ap_ Binary XML file line #984
W/PackageParser: Unknown element under <service>: property at /work/src/mobile/android/fenix/app/../../../../obj-x86_64/gradle/build/mobile/android/fenix/app/intermediates/apk_for_local_test/debugUnitTest/packageDebugUnitTestForUnitTest/apk-for-local-test.ap_ Binary XML file line #993
W/PackageParser: Unknown element under <service>: property at /work/src/mobile/android/fenix/app/../../../../obj-x86_64/gradle/build/mobile/android/fenix/app/intermediates/apk_for_local_test/debugUnitTest/packageDebugUnitTestForUnitTest/apk-for-local-test.ap_ Binary XML file line #1002
W/OverlayConfig: partition_order.xml does not exist.
W/PackageParser: Unknown element under <manifest>: queries at /work/src/mobile/android/fenix/app/../../../../obj-x86_64/gradle/build/mobile/android/fenix/app/intermediates/apk_for_local_test/debugUnitTest/packageDebugUnitTestForUnitTest/apk-for-local-test.ap_ Binary XML file line #74
W/PackageParser: Unknown element under <service>: property at /work/src/mobile/android/fenix/app/../../../../obj-x86_64/gradle/build/mobile/android/fenix/app/intermediates/apk_for_local_test/debugUnitTest/packageDebugUnitTestForUnitTest/apk-for-local-test.ap_ Binary XML file line #843
W/PackageParser: Unknown element under <service>: property at /work/src/mobile/android/fenix/app/../../../../obj-x86_64/gradle/build/mobile/android/fenix/app/intermediates/apk_for_local_test/debugUnitTest/packageDebugUnitTestForUnitTest/apk-for-local-test.ap_ Binary XML file line #861
W/PackageParser: Unknown element under <service>: property at /work/src/mobile/android/fenix/app/../../../../obj-x86_64/gradle/build/mobile/android/fenix/app/intermediates/apk_for_local_test/debugUnitTest/packageDebugUnitTestForUnitTest/apk-for-local-test.ap_ Binary XML file line #984
W/PackageParser: Unknown element under <service>: property at /work/src/mobile/android/fenix/app/../../../../obj-x86_64/gradle/build/mobile/android/fenix/app/intermediates/apk_for_local_test/debugUnitTest/packageDebugUnitTestForUnitTest/apk-for-local-test.ap_ Binary XML file line #993
W/PackageParser: Unknown element under <service>: property at /work/src/mobile/android/fenix/app/../../../../obj-x86_64/gradle/build/mobile/android/fenix/app/intermediates/apk_for_local_test/debugUnitTest/packageDebugUnitTestForUnitTest/apk-for-local-test.ap_ Binary XML file line #1002
W/OverlayConfig: partition_order.xml does not exist.
W/PackageParser: Unknown element under <manifest>: queries at /work/src/mobile/android/fenix/app/../../../../obj-x86_64/gradle/build/mobile/android/fenix/app/intermediates/apk_for_local_test/debugUnitTest/packageDebugUnitTestForUnitTest/apk-for-local-test.ap_ Binary XML file line #74
W/PackageParser: Unknown element under <service>: property at /work/src/mobile/android/fenix/app/../../../../obj-x86_64/gradle/build/mobile/android/fenix/app/intermediates/apk_for_local_test/debugUnitTest/packageDebugUnitTestForUnitTest/apk-for-local-test.ap_ Binary XML file line #843
W/PackageParser: Unknown element under <service>: property at /work/src/mobile/android/fenix/app/../../../../obj-x86_64/gradle/build/mobile/android/fenix/app/intermediates/apk_for_local_test/debugUnitTest/packageDebugUnitTestForUnitTest/apk-for-local-test.ap_ Binary XML file line #861
W/PackageParser: Unknown element under <service>: property at /work/src/mobile/android/fenix/app/../../../../obj-x86_64/gradle/build/mobile/android/fenix/app/intermediates/apk_for_local_test/debugUnitTest/packageDebugUnitTestForUnitTest/apk-for-local-test.ap_ Binary XML file line #984
W/PackageParser: Unknown element under <service>: property at /work/src/mobile/android/fenix/app/../../../../obj-x86_64/gradle/build/mobile/android/fenix/app/intermediates/apk_for_local_test/debugUnitTest/packageDebugUnitTestForUnitTest/apk-for-local-test.ap_ Binary XML file line #993
W/PackageParser: Unknown element under <service>: property at /work/src/mobile/android/fenix/app/../../../../obj-x86_64/gradle/build/mobile/android/fenix/app/intermediates/apk_for_local_test/debugUnitTest/packageDebugUnitTestForUnitTest/apk-for-local-test.ap_ Binary XML file line #1002
W/OverlayConfig: partition_order.xml does not exist.
W/PackageParser: Unknown element under <manifest>: queries at /work/src/mobile/android/fenix/app/../../../../obj-x86_64/gradle/build/mobile/android/fenix/app/intermediates/apk_for_local_test/debugUnitTest/packageDebugUnitTestForUnitTest/apk-for-local-test.ap_ Binary XML file line #74
W/PackageParser: Unknown element under <service>: property at /work/src/mobile/android/fenix/app/../../../../obj-x86_64/gradle/build/mobile/android/fenix/app/intermediates/apk_for_local_test/debugUnitTest/packageDebugUnitTestForUnitTest/apk-for-local-test.ap_ Binary XML file line #843
W/PackageParser: Unknown element under <service>: property at /work/src/mobile/android/fenix/app/../../../../obj-x86_64/gradle/build/mobile/android/fenix/app/intermediates/apk_for_local_test/debugUnitTest/packageDebugUnitTestForUnitTest/apk-for-local-test.ap_ Binary XML file line #861
W/PackageParser: Unknown element under <service>: property at /work/src/mobile/android/fenix/app/../../../../obj-x86_64/gradle/build/mobile/android/fenix/app/intermediates/apk_for_local_test/debugUnitTest/packageDebugUnitTestForUnitTest/apk-for-local-test.ap_ Binary XML file line #984
W/PackageParser: Unknown element under <service>: property at /work/src/mobile/android/fenix/app/../../../../obj-x86_64/gradle/build/mobile/android/fenix/app/intermediates/apk_for_local_test/debugUnitTest/packageDebugUnitTestForUnitTest/apk-for-local-test.ap_ Binary XML file line #993
W/PackageParser: Unknown element under <service>: property at /work/src/mobile/android/fenix/app/../../../../obj-x86_64/gradle/build/mobile/android/fenix/app/intermediates/apk_for_local_test/debugUnitTest/packageDebugUnitTestForUnitTest/apk-for-local-test.ap_ Binary XML file line #1002
W/OverlayConfig: partition_order.xml does not exist.
W/PackageParser: Unknown element under <manifest>: queries at /work/src/mobile/android/fenix/app/../../../../obj-x86_64/gradle/build/mobile/android/fenix/app/intermediates/apk_for_local_test/debugUnitTest/packageDebugUnitTestForUnitTest/apk-for-local-test.ap_ Binary XML file line #74
W/PackageParser: Unknown element under <service>: property at /work/src/mobile/android/fenix/app/../../../../obj-x86_64/gradle/build/mobile/android/fenix/app/intermediates/apk_for_local_test/debugUnitTest/packageDebugUnitTestForUnitTest/apk-for-local-test.ap_ Binary XML file line #843
W/PackageParser: Unknown element under <service>: property at /work/src/mobile/android/fenix/app/../../../../obj-x86_64/gradle/build/mobile/android/fenix/app/intermediates/apk_for_local_test/debugUnitTest/packageDebugUnitTestForUnitTest/apk-for-local-test.ap_ Binary XML file line #861
W/PackageParser: Unknown element under <service>: property at /work/src/mobile/android/fenix/app/../../../../obj-x86_64/gradle/build/mobile/android/fenix/app/intermediates/apk_for_local_test/debugUnitTest/packageDebugUnitTestForUnitTest/apk-for-local-test.ap_ Binary XML file line #984
W/PackageParser: Unknown element under <service>: property at /work/src/mobile/android/fenix/app/../../../../obj-x86_64/gradle/build/mobile/android/fenix/app/intermediates/apk_for_local_test/debugUnitTest/packageDebugUnitTestForUnitTest/apk-for-local-test.ap_ Binary XML file line #993
W/PackageParser: Unknown element under <service>: property at /work/src/mobile/android/fenix/app/../../../../obj-x86_64/gradle/build/mobile/android/fenix/app/intermediates/apk_for_local_test/debugUnitTest/packageDebugUnitTestForUnitTest/apk-for-local-test.ap_ Binary XML file line #1002
W/OverlayConfig: partition_order.xml does not exist.
W/PackageParser: Unknown element under <manifest>: queries at /work/src/mobile/android/fenix/app/../../../../obj-x86_64/gradle/build/mobile/android/fenix/app/intermediates/apk_for_local_test/debugUnitTest/packageDebugUnitTestForUnitTest/apk-for-local-test.ap_ Binary XML file line #74
W/PackageParser: Unknown element under <service>: property at /work/src/mobile/android/fenix/app/../../../../obj-x86_64/gradle/build/mobile/android/fenix/app/intermediates/apk_for_local_test/debugUnitTest/packageDebugUnitTestForUnitTest/apk-for-local-test.ap_ Binary XML file line #843
W/PackageParser: Unknown element under <service>: property at /work/src/mobile/android/fenix/app/../../../../obj-x86_64/gradle/build/mobile/android/fenix/app/intermediates/apk_for_local_test/debugUnitTest/packageDebugUnitTestForUnitTest/apk-for-local-test.ap_ Binary XML file line #861
W/PackageParser: Unknown element under <service>: property at /work/src/mobile/android/fenix/app/../../../../obj-x86_64/gradle/build/mobile/android/fenix/app/intermediates/apk_for_local_test/debugUnitTest/packageDebugUnitTestForUnitTest/apk-for-local-test.ap_ Binary XML file line #984
W/PackageParser: Unknown element under <service>: property at /work/src/mobile/android/fenix/app/../../../../obj-x86_64/gradle/build/mobile/android/fenix/app/intermediates/apk_for_local_test/debugUnitTest/packageDebugUnitTestForUnitTest/apk-for-local-test.ap_ Binary XML file line #993
W/PackageParser: Unknown element under <service>: property at /work/src/mobile/android/fenix/app/../../../../obj-x86_64/gradle/build/mobile/android/fenix/app/intermediates/apk_for_local_test/debugUnitTest/packageDebugUnitTestForUnitTest/apk-for-local-test.ap_ Binary XML file line #1002
W/OverlayConfig: partition_order.xml does not exist.
W/PackageParser: Unknown element under <manifest>: queries at /work/src/mobile/android/fenix/app/../../../../obj-x86_64/gradle/build/mobile/android/fenix/app/intermediates/apk_for_local_test/debugUnitTest/packageDebugUnitTestForUnitTest/apk-for-local-test.ap_ Binary XML file line #74
W/PackageParser: Unknown element under <service>: property at /work/src/mobile/android/fenix/app/../../../../obj-x86_64/gradle/build/mobile/android/fenix/app/intermediates/apk_for_local_test/debugUnitTest/packageDebugUnitTestForUnitTest/apk-for-local-test.ap_ Binary XML file line #843
W/PackageParser: Unknown element under <service>: property at /work/src/mobile/android/fenix/app/../../../../obj-x86_64/gradle/build/mobile/android/fenix/app/intermediates/apk_for_local_test/debugUnitTest/packageDebugUnitTestForUnitTest/apk-for-local-test.ap_ Binary XML file line #861
W/PackageParser: Unknown element under <service>: property at /work/src/mobile/android/fenix/app/../../../../obj-x86_64/gradle/build/mobile/android/fenix/app/intermediates/apk_for_local_test/debugUnitTest/packageDebugUnitTestForUnitTest/apk-for-local-test.ap_ Binary XML file line #984
W/PackageParser: Unknown element under <service>: property at /work/src/mobile/android/fenix/app/../../../../obj-x86_64/gradle/build/mobile/android/fenix/app/intermediates/apk_for_local_test/debugUnitTest/packageDebugUnitTestForUnitTest/apk-for-local-test.ap_ Binary XML file line #993
W/PackageParser: Unknown element under <service>: property at /work/src/mobile/android/fenix/app/../../../../obj-x86_64/gradle/build/mobile/android/fenix/app/intermediates/apk_for_local_test/debugUnitTest/packageDebugUnitTestForUnitTest/apk-for-local-test.ap_ Binary XML file line #1002
W/OverlayConfig: partition_order.xml does not exist.
W/PackageParser: Unknown element under <manifest>: queries at /work/src/mobile/android/fenix/app/../../../../obj-x86_64/gradle/build/mobile/android/fenix/app/intermediates/apk_for_local_test/debugUnitTest/packageDebugUnitTestForUnitTest/apk-for-local-test.ap_ Binary XML file line #74
W/PackageParser: Unknown element under <service>: property at /work/src/mobile/android/fenix/app/../../../../obj-x86_64/gradle/build/mobile/android/fenix/app/intermediates/apk_for_local_test/debugUnitTest/packageDebugUnitTestForUnitTest/apk-for-local-test.ap_ Binary XML file line #843
W/PackageParser: Unknown element under <service>: property at /work/src/mobile/android/fenix/app/../../../../obj-x86_64/gradle/build/mobile/android/fenix/app/intermediates/apk_for_local_test/debugUnitTest/packageDebugUnitTestForUnitTest/apk-for-local-test.ap_ Binary XML file line #861
W/PackageParser: Unknown element under <service>: property at /work/src/mobile/android/fenix/app/../../../../obj-x86_64/gradle/build/mobile/android/fenix/app/intermediates/apk_for_local_test/debugUnitTest/packageDebugUnitTestForUnitTest/apk-for-local-test.ap_ Binary XML file line #984
W/PackageParser: Unknown element under <service>: property at /work/src/mobile/android/fenix/app/../../../../obj-x86_64/gradle/build/mobile/android/fenix/app/intermediates/apk_for_local_test/debugUnitTest/packageDebugUnitTestForUnitTest/apk-for-local-test.ap_ Binary XML file line #993
W/PackageParser: Unknown element under <service>: property at /work/src/mobile/android/fenix/app/../../../../obj-x86_64/gradle/build/mobile/android/fenix/app/intermediates/apk_for_local_test/debugUnitTest/packageDebugUnitTestForUnitTest/apk-for-local-test.ap_ Binary XML file line #1002
W/OverlayConfig: partition_order.xml does not exist.
W/PackageParser: Unknown element under <manifest>: queries at /work/src/mobile/android/fenix/app/../../../../obj-x86_64/gradle/build/mobile/android/fenix/app/intermediates/apk_for_local_test/debugUnitTest/packageDebugUnitTestForUnitTest/apk-for-local-test.ap_ Binary XML file line #74
W/PackageParser: Unknown element under <service>: property at /work/src/mobile/android/fenix/app/../../../../obj-x86_64/gradle/build/mobile/android/fenix/app/intermediates/apk_for_local_test/debugUnitTest/packageDebugUnitTestForUnitTest/apk-for-local-test.ap_ Binary XML file line #843
W/PackageParser: Unknown element under <service>: property at /work/src/mobile/android/fenix/app/../../../../obj-x86_64/gradle/build/mobile/android/fenix/app/intermediates/apk_for_local_test/debugUnitTest/packageDebugUnitTestForUnitTest/apk-for-local-test.ap_ Binary XML file line #861
W/PackageParser: Unknown element under <service>: property at /work/src/mobile/android/fenix/app/../../../../obj-x86_64/gradle/build/mobile/android/fenix/app/intermediates/apk_for_local_test/debugUnitTest/packageDebugUnitTestForUnitTest/apk-for-local-test.ap_ Binary XML file line #984
W/PackageParser: Unknown element under <service>: property at /work/src/mobile/android/fenix/app/../../../../obj-x86_64/gradle/build/mobile/android/fenix/app/intermediates/apk_for_local_test/debugUnitTest/packageDebugUnitTestForUnitTest/apk-for-local-test.ap_ Binary XML file line #993
W/PackageParser: Unknown element under <service>: property at /work/src/mobile/android/fenix/app/../../../../obj-x86_64/gradle/build/mobile/android/fenix/app/intermediates/apk_for_local_test/debugUnitTest/packageDebugUnitTestForUnitTest/apk-for-local-test.ap_ Binary XML file line #1002
W/OverlayConfig: partition_order.xml does not exist.
W/PackageParser: Unknown element under <manifest>: queries at /work/src/mobile/android/fenix/app/../../../../obj-x86_64/gradle/build/mobile/android/fenix/app/intermediates/apk_for_local_test/debugUnitTest/packageDebugUnitTestForUnitTest/apk-for-local-test.ap_ Binary XML file line #74
W/PackageParser: Unknown element under <service>: property at /work/src/mobile/android/fenix/app/../../../../obj-x86_64/gradle/build/mobile/android/fenix/app/intermediates/apk_for_local_test/debugUnitTest/packageDebugUnitTestForUnitTest/apk-for-local-test.ap_ Binary XML file line #843
W/PackageParser: Unknown element under <service>: property at /work/src/mobile/android/fenix/app/../../../../obj-x86_64/gradle/build/mobile/android/fenix/app/intermediates/apk_for_local_test/debugUnitTest/packageDebugUnitTestForUnitTest/apk-for-local-test.ap_ Binary XML file line #861
W/PackageParser: Unknown element under <service>: property at /work/src/mobile/android/fenix/app/../../../../obj-x86_64/gradle/build/mobile/android/fenix/app/intermediates/apk_for_local_test/debugUnitTest/packageDebugUnitTestForUnitTest/apk-for-local-test.ap_ Binary XML file line #984
W/PackageParser: Unknown element under <service>: property at /work/src/mobile/android/fenix/app/../../../../obj-x86_64/gradle/build/mobile/android/fenix/app/intermediates/apk_for_local_test/debugUnitTest/packageDebugUnitTestForUnitTest/apk-for-local-test.ap_ Binary XML file line #993
W/PackageParser: Unknown element under <service>: property at /work/src/mobile/android/fenix/app/../../../../obj-x86_64/gradle/build/mobile/android/fenix/app/intermediates/apk_for_local_test/debugUnitTest/packageDebugUnitTestForUnitTest/apk-for-local-test.ap_ Binary XML file line #1002
W/OverlayConfig: partition_order.xml does not exist.
W/PackageParser: Unknown element under <manifest>: queries at /work/src/mobile/android/fenix/app/../../../../obj-x86_64/gradle/build/mobile/android/fenix/app/intermediates/apk_for_local_test/debugUnitTest/packageDebugUnitTestForUnitTest/apk-for-local-test.ap_ Binary XML file line #74
W/PackageParser: Unknown element under <service>: property at /work/src/mobile/android/fenix/app/../../../../obj-x86_64/gradle/build/mobile/android/fenix/app/intermediates/apk_for_local_test/debugUnitTest/packageDebugUnitTestForUnitTest/apk-for-local-test.ap_ Binary XML file line #843
W/PackageParser: Unknown element under <service>: property at /work/src/mobile/android/fenix/app/../../../../obj-x86_64/gradle/build/mobile/android/fenix/app/intermediates/apk_for_local_test/debugUnitTest/packageDebugUnitTestForUnitTest/apk-for-local-test.ap_ Binary XML file line #861
W/PackageParser: Unknown element under <service>: property at /work/src/mobile/android/fenix/app/../../../../obj-x86_64/gradle/build/mobile/android/fenix/app/intermediates/apk_for_local_test/debugUnitTest/packageDebugUnitTestForUnitTest/apk-for-local-test.ap_ Binary XML file line #984
W/PackageParser: Unknown element under <service>: property at /work/src/mobile/android/fenix/app/../../../../obj-x86_64/gradle/build/mobile/android/fenix/app/intermediates/apk_for_local_test/debugUnitTest/packageDebugUnitTestForUnitTest/apk-for-local-test.ap_ Binary XML file line #993
W/PackageParser: Unknown element under <service>: property at /work/src/mobile/android/fenix/app/../../../../obj-x86_64/gradle/build/mobile/android/fenix/app/intermediates/apk_for_local_test/debugUnitTest/packageDebugUnitTestForUnitTest/apk-for-local-test.ap_ Binary XML file line #1002
W/OverlayConfig: partition_order.xml does not exist.
W/PackageParser: Unknown element under <manifest>: queries at /work/src/mobile/android/fenix/app/../../../../obj-x86_64/gradle/build/mobile/android/fenix/app/intermediates/apk_for_local_test/debugUnitTest/packageDebugUnitTestForUnitTest/apk-for-local-test.ap_ Binary XML file line #74
W/PackageParser: Unknown element under <service>: property at /work/src/mobile/android/fenix/app/../../../../obj-x86_64/gradle/build/mobile/android/fenix/app/intermediates/apk_for_local_test/debugUnitTest/packageDebugUnitTestForUnitTest/apk-for-local-test.ap_ Binary XML file line #843
W/PackageParser: Unknown element under <service>: property at /work/src/mobile/android/fenix/app/../../../../obj-x86_64/gradle/build/mobile/android/fenix/app/intermediates/apk_for_local_test/debugUnitTest/packageDebugUnitTestForUnitTest/apk-for-local-test.ap_ Binary XML file line #861
W/PackageParser: Unknown element under <service>: property at /work/src/mobile/android/fenix/app/../../../../obj-x86_64/gradle/build/mobile/android/fenix/app/intermediates/apk_for_local_test/debugUnitTest/packageDebugUnitTestForUnitTest/apk-for-local-test.ap_ Binary XML file line #984
W/PackageParser: Unknown element under <service>: property at /work/src/mobile/android/fenix/app/../../../../obj-x86_64/gradle/build/mobile/android/fenix/app/intermediates/apk_for_local_test/debugUnitTest/packageDebugUnitTestForUnitTest/apk-for-local-test.ap_ Binary XML file line #993
W/PackageParser: Unknown element under <service>: property at /work/src/mobile/android/fenix/app/../../../../obj-x86_64/gradle/build/mobile/android/fenix/app/intermediates/apk_for_local_test/debugUnitTest/packageDebugUnitTestForUnitTest/apk-for-local-test.ap_ Binary XML file line #1002
W/OverlayConfig: partition_order.xml does not exist.
W/PackageParser: Unknown element under <manifest>: queries at /work/src/mobile/android/fenix/app/../../../../obj-x86_64/gradle/build/mobile/android/fenix/app/intermediates/apk_for_local_test/debugUnitTest/packageDebugUnitTestForUnitTest/apk-for-local-test.ap_ Binary XML file line #74
W/PackageParser: Unknown element under <service>: property at /work/src/mobile/android/fenix/app/../../../../obj-x86_64/gradle/build/mobile/android/fenix/app/intermediates/apk_for_local_test/debugUnitTest/packageDebugUnitTestForUnitTest/apk-for-local-test.ap_ Binary XML file line #843
W/PackageParser: Unknown element under <service>: property at /work/src/mobile/android/fenix/app/../../../../obj-x86_64/gradle/build/mobile/android/fenix/app/intermediates/apk_for_local_test/debugUnitTest/packageDebugUnitTestForUnitTest/apk-for-local-test.ap_ Binary XML file line #861
W/PackageParser: Unknown element under <service>: property at /work/src/mobile/android/fenix/app/../../../../obj-x86_64/gradle/build/mobile/android/fenix/app/intermediates/apk_for_local_test/debugUnitTest/packageDebugUnitTestForUnitTest/apk-for-local-test.ap_ Binary XML file line #984
W/PackageParser: Unknown element under <service>: property at /work/src/mobile/android/fenix/app/../../../../obj-x86_64/gradle/build/mobile/android/fenix/app/intermediates/apk_for_local_test/debugUnitTest/packageDebugUnitTestForUnitTest/apk-for-local-test.ap_ Binary XML file line #993
W/PackageParser: Unknown element under <service>: property at /work/src/mobile/android/fenix/app/../../../../obj-x86_64/gradle/build/mobile/android/fenix/app/intermediates/apk_for_local_test/debugUnitTest/packageDebugUnitTestForUnitTest/apk-for-local-test.ap_ Binary XML file line #1002
W/OverlayConfig: partition_order.xml does not exist.
W/PackageParser: Unknown element under <manifest>: queries at /work/src/mobile/android/fenix/app/../../../../obj-x86_64/gradle/build/mobile/android/fenix/app/intermediates/apk_for_local_test/debugUnitTest/packageDebugUnitTestForUnitTest/apk-for-local-test.ap_ Binary XML file line #74
W/PackageParser: Unknown element under <service>: property at /work/src/mobile/android/fenix/app/../../../../obj-x86_64/gradle/build/mobile/android/fenix/app/intermediates/apk_for_local_test/debugUnitTest/packageDebugUnitTestForUnitTest/apk-for-local-test.ap_ Binary XML file line #843
W/PackageParser: Unknown element under <service>: property at /work/src/mobile/android/fenix/app/../../../../obj-x86_64/gradle/build/mobile/android/fenix/app/intermediates/apk_for_local_test/debugUnitTest/packageDebugUnitTestForUnitTest/apk-for-local-test.ap_ Binary XML file line #861
W/PackageParser: Unknown element under <service>: property at /work/src/mobile/android/fenix/app/../../../../obj-x86_64/gradle/build/mobile/android/fenix/app/intermediates/apk_for_local_test/debugUnitTest/packageDebugUnitTestForUnitTest/apk-for-local-test.ap_ Binary XML file line #984
W/PackageParser: Unknown element under <service>: property at /work/src/mobile/android/fenix/app/../../../../obj-x86_64/gradle/build/mobile/android/fenix/app/intermediates/apk_for_local_test/debugUnitTest/packageDebugUnitTestForUnitTest/apk-for-local-test.ap_ Binary XML file line #993
W/PackageParser: Unknown element under <service>: property at /work/src/mobile/android/fenix/app/../../../../obj-x86_64/gradle/build/mobile/android/fenix/app/intermediates/apk_for_local_test/debugUnitTest/packageDebugUnitTestForUnitTest/apk-for-local-test.ap_ Binary XML file line #1002
W/OverlayConfig: partition_order.xml does not exist.
W/PackageParser: Unknown element under <manifest>: queries at /work/src/mobile/android/fenix/app/../../../../obj-x86_64/gradle/build/mobile/android/fenix/app/intermediates/apk_for_local_test/debugUnitTest/packageDebugUnitTestForUnitTest/apk-for-local-test.ap_ Binary XML file line #74
W/PackageParser: Unknown element under <service>: property at /work/src/mobile/android/fenix/app/../../../../obj-x86_64/gradle/build/mobile/android/fenix/app/intermediates/apk_for_local_test/debugUnitTest/packageDebugUnitTestForUnitTest/apk-for-local-test.ap_ Binary XML file line #843
W/PackageParser: Unknown element under <service>: property at /work/src/mobile/android/fenix/app/../../../../obj-x86_64/gradle/build/mobile/android/fenix/app/intermediates/apk_for_local_test/debugUnitTest/packageDebugUnitTestForUnitTest/apk-for-local-test.ap_ Binary XML file line #861
W/PackageParser: Unknown element under <service>: property at /work/src/mobile/android/fenix/app/../../../../obj-x86_64/gradle/build/mobile/android/fenix/app/intermediates/apk_for_local_test/debugUnitTest/packageDebugUnitTestForUnitTest/apk-for-local-test.ap_ Binary XML file line #984
W/PackageParser: Unknown element under <service>: property at /work/src/mobile/android/fenix/app/../../../../obj-x86_64/gradle/build/mobile/android/fenix/app/intermediates/apk_for_local_test/debugUnitTest/packageDebugUnitTestForUnitTest/apk-for-local-test.ap_ Binary XML file line #993
W/PackageParser: Unknown element under <service>: property at /work/src/mobile/android/fenix/app/../../../../obj-x86_64/gradle/build/mobile/android/fenix/app/intermediates/apk_for_local_test/debugUnitTest/packageDebugUnitTestForUnitTest/apk-for-local-test.ap_ Binary XML file line #1002
W/OverlayConfig: partition_order.xml does not exist.
W/PackageParser: Unknown element under <manifest>: queries at /work/src/mobile/android/fenix/app/../../../../obj-x86_64/gradle/build/mobile/android/fenix/app/intermediates/apk_for_local_test/debugUnitTest/packageDebugUnitTestForUnitTest/apk-for-local-test.ap_ Binary XML file line #74
W/PackageParser: Unknown element under <service>: property at /work/src/mobile/android/fenix/app/../../../../obj-x86_64/gradle/build/mobile/android/fenix/app/intermediates/apk_for_local_test/debugUnitTest/packageDebugUnitTestForUnitTest/apk-for-local-test.ap_ Binary XML file line #843
W/PackageParser: Unknown element under <service>: property at /work/src/mobile/android/fenix/app/../../../../obj-x86_64/gradle/build/mobile/android/fenix/app/intermediates/apk_for_local_test/debugUnitTest/packageDebugUnitTestForUnitTest/apk-for-local-test.ap_ Binary XML file line #861
W/PackageParser: Unknown element under <service>: property at /work/src/mobile/android/fenix/app/../../../../obj-x86_64/gradle/build/mobile/android/fenix/app/intermediates/apk_for_local_test/debugUnitTest/packageDebugUnitTestForUnitTest/apk-for-local-test.ap_ Binary XML file line #984
W/PackageParser: Unknown element under <service>: property at /work/src/mobile/android/fenix/app/../../../../obj-x86_64/gradle/build/mobile/android/fenix/app/intermediates/apk_for_local_test/debugUnitTest/packageDebugUnitTestForUnitTest/apk-for-local-test.ap_ Binary XML file line #993
W/PackageParser: Unknown element under <service>: property at /work/src/mobile/android/fenix/app/../../../../obj-x86_64/gradle/build/mobile/android/fenix/app/intermediates/apk_for_local_test/debugUnitTest/packageDebugUnitTestForUnitTest/apk-for-local-test.ap_ Binary XML file line #1002
W/OverlayConfig: partition_order.xml does not exist.
W/PackageParser: Unknown element under <manifest>: queries at /work/src/mobile/android/fenix/app/../../../../obj-x86_64/gradle/build/mobile/android/fenix/app/intermediates/apk_for_local_test/debugUnitTest/packageDebugUnitTestForUnitTest/apk-for-local-test.ap_ Binary XML file line #74
W/PackageParser: Unknown element under <service>: property at /work/src/mobile/android/fenix/app/../../../../obj-x86_64/gradle/build/mobile/android/fenix/app/intermediates/apk_for_local_test/debugUnitTest/packageDebugUnitTestForUnitTest/apk-for-local-test.ap_ Binary XML file line #843
W/PackageParser: Unknown element under <service>: property at /work/src/mobile/android/fenix/app/../../../../obj-x86_64/gradle/build/mobile/android/fenix/app/intermediates/apk_for_local_test/debugUnitTest/packageDebugUnitTestForUnitTest/apk-for-local-test.ap_ Binary XML file line #861
W/PackageParser: Unknown element under <service>: property at /work/src/mobile/android/fenix/app/../../../../obj-x86_64/gradle/build/mobile/android/fenix/app/intermediates/apk_for_local_test/debugUnitTest/packageDebugUnitTestForUnitTest/apk-for-local-test.ap_ Binary XML file line #984
W/PackageParser: Unknown element under <service>: property at /work/src/mobile/android/fenix/app/../../../../obj-x86_64/gradle/build/mobile/android/fenix/app/intermediates/apk_for_local_test/debugUnitTest/packageDebugUnitTestForUnitTest/apk-for-local-test.ap_ Binary XML file line #993
W/PackageParser: Unknown element under <service>: property at /work/src/mobile/android/fenix/app/../../../../obj-x86_64/gradle/build/mobile/android/fenix/app/intermediates/apk_for_local_test/debugUnitTest/packageDebugUnitTestForUnitTest/apk-for-local-test.ap_ Binary XML file line #1002
W/OverlayConfig: partition_order.xml does not exist.
W/PackageParser: Unknown element under <manifest>: queries at /work/src/mobile/android/fenix/app/../../../../obj-x86_64/gradle/build/mobile/android/fenix/app/intermediates/apk_for_local_test/debugUnitTest/packageDebugUnitTestForUnitTest/apk-for-local-test.ap_ Binary XML file line #74
W/PackageParser: Unknown element under <service>: property at /work/src/mobile/android/fenix/app/../../../../obj-x86_64/gradle/build/mobile/android/fenix/app/intermediates/apk_for_local_test/debugUnitTest/packageDebugUnitTestForUnitTest/apk-for-local-test.ap_ Binary XML file line #843
W/PackageParser: Unknown element under <service>: property at /work/src/mobile/android/fenix/app/../../../../obj-x86_64/gradle/build/mobile/android/fenix/app/intermediates/apk_for_local_test/debugUnitTest/packageDebugUnitTestForUnitTest/apk-for-local-test.ap_ Binary XML file line #861
W/PackageParser: Unknown element under <service>: property at /work/src/mobile/android/fenix/app/../../../../obj-x86_64/gradle/build/mobile/android/fenix/app/intermediates/apk_for_local_test/debugUnitTest/packageDebugUnitTestForUnitTest/apk-for-local-test.ap_ Binary XML file line #984
W/PackageParser: Unknown element under <service>: property at /work/src/mobile/android/fenix/app/../../../../obj-x86_64/gradle/build/mobile/android/fenix/app/intermediates/apk_for_local_test/debugUnitTest/packageDebugUnitTestForUnitTest/apk-for-local-test.ap_ Binary XML file line #993
W/PackageParser: Unknown element under <service>: property at /work/src/mobile/android/fenix/app/../../../../obj-x86_64/gradle/build/mobile/android/fenix/app/intermediates/apk_for_local_test/debugUnitTest/packageDebugUnitTestForUnitTest/apk-for-local-test.ap_ Binary XML file line #1002
W/OverlayConfig: partition_order.xml does not exist.
W/PackageParser: Unknown element under <manifest>: queries at /work/src/mobile/android/fenix/app/../../../../obj-x86_64/gradle/build/mobile/android/fenix/app/intermediates/apk_for_local_test/debugUnitTest/packageDebugUnitTestForUnitTest/apk-for-local-test.ap_ Binary XML file line #74
W/PackageParser: Unknown element under <service>: property at /work/src/mobile/android/fenix/app/../../../../obj-x86_64/gradle/build/mobile/android/fenix/app/intermediates/apk_for_local_test/debugUnitTest/packageDebugUnitTestForUnitTest/apk-for-local-test.ap_ Binary XML file line #843
W/PackageParser: Unknown element under <service>: property at /work/src/mobile/android/fenix/app/../../../../obj-x86_64/gradle/build/mobile/android/fenix/app/intermediates/apk_for_local_test/debugUnitTest/packageDebugUnitTestForUnitTest/apk-for-local-test.ap_ Binary XML file line #861
W/PackageParser: Unknown element under <service>: property at /work/src/mobile/android/fenix/app/../../../../obj-x86_64/gradle/build/mobile/android/fenix/app/intermediates/apk_for_local_test/debugUnitTest/packageDebugUnitTestForUnitTest/apk-for-local-test.ap_ Binary XML file line #984
W/PackageParser: Unknown element under <service>: property at /work/src/mobile/android/fenix/app/../../../../obj-x86_64/gradle/build/mobile/android/fenix/app/intermediates/apk_for_local_test/debugUnitTest/packageDebugUnitTestForUnitTest/apk-for-local-test.ap_ Binary XML file line #993
W/PackageParser: Unknown element under <service>: property at /work/src/mobile/android/fenix/app/../../../../obj-x86_64/gradle/build/mobile/android/fenix/app/intermediates/apk_for_local_test/debugUnitTest/packageDebugUnitTestForUnitTest/apk-for-local-test.ap_ Binary XML file line #1002
W/OverlayConfig: partition_order.xml does not exist.
W/PackageParser: Unknown element under <manifest>: queries at /work/src/mobile/android/fenix/app/../../../../obj-x86_64/gradle/build/mobile/android/fenix/app/intermediates/apk_for_local_test/debugUnitTest/packageDebugUnitTestForUnitTest/apk-for-local-test.ap_ Binary XML file line #74
W/PackageParser: Unknown element under <service>: property at /work/src/mobile/android/fenix/app/../../../../obj-x86_64/gradle/build/mobile/android/fenix/app/intermediates/apk_for_local_test/debugUnitTest/packageDebugUnitTestForUnitTest/apk-for-local-test.ap_ Binary XML file line #843
W/PackageParser: Unknown element under <service>: property at /work/src/mobile/android/fenix/app/../../../../obj-x86_64/gradle/build/mobile/android/fenix/app/intermediates/apk_for_local_test/debugUnitTest/packageDebugUnitTestForUnitTest/apk-for-local-test.ap_ Binary XML file line #861
W/PackageParser: Unknown element under <service>: property at /work/src/mobile/android/fenix/app/../../../../obj-x86_64/gradle/build/mobile/android/fenix/app/intermediates/apk_for_local_test/debugUnitTest/packageDebugUnitTestForUnitTest/apk-for-local-test.ap_ Binary XML file line #984
W/PackageParser: Unknown element under <service>: property at /work/src/mobile/android/fenix/app/../../../../obj-x86_64/gradle/build/mobile/android/fenix/app/intermediates/apk_for_local_test/debugUnitTest/packageDebugUnitTestForUnitTest/apk-for-local-test.ap_ Binary XML file line #993
W/PackageParser: Unknown element under <service>: property at /work/src/mobile/android/fenix/app/../../../../obj-x86_64/gradle/build/mobile/android/fenix/app/intermediates/apk_for_local_test/debugUnitTest/packageDebugUnitTestForUnitTest/apk-for-local-test.ap_ Binary XML file line #1002
W/OverlayConfig: partition_order.xml does not exist.
W/PackageParser: Unknown element under <manifest>: queries at /work/src/mobile/android/fenix/app/../../../../obj-x86_64/gradle/build/mobile/android/fenix/app/intermediates/apk_for_local_test/debugUnitTest/packageDebugUnitTestForUnitTest/apk-for-local-test.ap_ Binary XML file line #74
W/PackageParser: Unknown element under <service>: property at /work/src/mobile/android/fenix/app/../../../../obj-x86_64/gradle/build/mobile/android/fenix/app/intermediates/apk_for_local_test/debugUnitTest/packageDebugUnitTestForUnitTest/apk-for-local-test.ap_ Binary XML file line #843
W/PackageParser: Unknown element under <service>: property at /work/src/mobile/android/fenix/app/../../../../obj-x86_64/gradle/build/mobile/android/fenix/app/intermediates/apk_for_local_test/debugUnitTest/packageDebugUnitTestForUnitTest/apk-for-local-test.ap_ Binary XML file line #861
W/PackageParser: Unknown element under <service>: property at /work/src/mobile/android/fenix/app/../../../../obj-x86_64/gradle/build/mobile/android/fenix/app/intermediates/apk_for_local_test/debugUnitTest/packageDebugUnitTestForUnitTest/apk-for-local-test.ap_ Binary XML file line #984
W/PackageParser: Unknown element under <service>: property at /work/src/mobile/android/fenix/app/../../../../obj-x86_64/gradle/build/mobile/android/fenix/app/intermediates/apk_for_local_test/debugUnitTest/packageDebugUnitTestForUnitTest/apk-for-local-test.ap_ Binary XML file line #993
W/PackageParser: Unknown element under <service>: property at /work/src/mobile/android/fenix/app/../../../../obj-x86_64/gradle/build/mobile/android/fenix/app/intermediates/apk_for_local_test/debugUnitTest/packageDebugUnitTestForUnitTest/apk-for-local-test.ap_ Binary XML file line #1002
W/OverlayConfig: partition_order.xml does not exist.
W/PackageParser: Unknown element under <manifest>: queries at /work/src/mobile/android/fenix/app/../../../../obj-x86_64/gradle/build/mobile/android/fenix/app/intermediates/apk_for_local_test/debugUnitTest/packageDebugUnitTestForUnitTest/apk-for-local-test.ap_ Binary XML file line #74
W/PackageParser: Unknown element under <service>: property at /work/src/mobile/android/fenix/app/../../../../obj-x86_64/gradle/build/mobile/android/fenix/app/intermediates/apk_for_local_test/debugUnitTest/packageDebugUnitTestForUnitTest/apk-for-local-test.ap_ Binary XML file line #843
W/PackageParser: Unknown element under <service>: property at /work/src/mobile/android/fenix/app/../../../../obj-x86_64/gradle/build/mobile/android/fenix/app/intermediates/apk_for_local_test/debugUnitTest/packageDebugUnitTestForUnitTest/apk-for-local-test.ap_ Binary XML file line #861
W/PackageParser: Unknown element under <service>: property at /work/src/mobile/android/fenix/app/../../../../obj-x86_64/gradle/build/mobile/android/fenix/app/intermediates/apk_for_local_test/debugUnitTest/packageDebugUnitTestForUnitTest/apk-for-local-test.ap_ Binary XML file line #984
W/PackageParser: Unknown element under <service>: property at /work/src/mobile/android/fenix/app/../../../../obj-x86_64/gradle/build/mobile/android/fenix/app/intermediates/apk_for_local_test/debugUnitTest/packageDebugUnitTestForUnitTest/apk-for-local-test.ap_ Binary XML file line #993
W/PackageParser: Unknown element under <service>: property at /work/src/mobile/android/fenix/app/../../../../obj-x86_64/gradle/build/mobile/android/fenix/app/intermediates/apk_for_local_test/debugUnitTest/packageDebugUnitTestForUnitTest/apk-for-local-test.ap_ Binary XML file line #1002
W/OverlayConfig: partition_order.xml does not exist.
W/PackageParser: Unknown element under <manifest>: queries at /work/src/mobile/android/fenix/app/../../../../obj-x86_64/gradle/build/mobile/android/fenix/app/intermediates/apk_for_local_test/debugUnitTest/packageDebugUnitTestForUnitTest/apk-for-local-test.ap_ Binary XML file line #74
W/PackageParser: Unknown element under <service>: property at /work/src/mobile/android/fenix/app/../../../../obj-x86_64/gradle/build/mobile/android/fenix/app/intermediates/apk_for_local_test/debugUnitTest/packageDebugUnitTestForUnitTest/apk-for-local-test.ap_ Binary XML file line #843
W/PackageParser: Unknown element under <service>: property at /work/src/mobile/android/fenix/app/../../../../obj-x86_64/gradle/build/mobile/android/fenix/app/intermediates/apk_for_local_test/debugUnitTest/packageDebugUnitTestForUnitTest/apk-for-local-test.ap_ Binary XML file line #861
W/PackageParser: Unknown element under <service>: property at /work/src/mobile/android/fenix/app/../../../../obj-x86_64/gradle/build/mobile/android/fenix/app/intermediates/apk_for_local_test/debugUnitTest/packageDebugUnitTestForUnitTest/apk-for-local-test.ap_ Binary XML file line #984
W/PackageParser: Unknown element under <service>: property at /work/src/mobile/android/fenix/app/../../../../obj-x86_64/gradle/build/mobile/android/fenix/app/intermediates/apk_for_local_test/debugUnitTest/packageDebugUnitTestForUnitTest/apk-for-local-test.ap_ Binary XML file line #993
W/PackageParser: Unknown element under <service>: property at /work/src/mobile/android/fenix/app/../../../../obj-x86_64/gradle/build/mobile/android/fenix/app/intermediates/apk_for_local_test/debugUnitTest/packageDebugUnitTestForUnitTest/apk-for-local-test.ap_ Binary XML file line #1002
W/OverlayConfig: partition_order.xml does not exist.
W/PackageParser: Unknown element under <manifest>: queries at /work/src/mobile/android/fenix/app/../../../../obj-x86_64/gradle/build/mobile/android/fenix/app/intermediates/apk_for_local_test/debugUnitTest/packageDebugUnitTestForUnitTest/apk-for-local-test.ap_ Binary XML file line #74
W/PackageParser: Unknown element under <service>: property at /work/src/mobile/android/fenix/app/../../../../obj-x86_64/gradle/build/mobile/android/fenix/app/intermediates/apk_for_local_test/debugUnitTest/packageDebugUnitTestForUnitTest/apk-for-local-test.ap_ Binary XML file line #843
W/PackageParser: Unknown element under <service>: property at /work/src/mobile/android/fenix/app/../../../../obj-x86_64/gradle/build/mobile/android/fenix/app/intermediates/apk_for_local_test/debugUnitTest/packageDebugUnitTestForUnitTest/apk-for-local-test.ap_ Binary XML file line #861
W/PackageParser: Unknown element under <service>: property at /work/src/mobile/android/fenix/app/../../../../obj-x86_64/gradle/build/mobile/android/fenix/app/intermediates/apk_for_local_test/debugUnitTest/packageDebugUnitTestForUnitTest/apk-for-local-test.ap_ Binary XML file line #984
W/PackageParser: Unknown element under <service>: property at /work/src/mobile/android/fenix/app/../../../../obj-x86_64/gradle/build/mobile/android/fenix/app/intermediates/apk_for_local_test/debugUnitTest/packageDebugUnitTestForUnitTest/apk-for-local-test.ap_ Binary XML file line #993
W/PackageParser: Unknown element under <service>: property at /work/src/mobile/android/fenix/app/../../../../obj-x86_64/gradle/build/mobile/android/fenix/app/intermediates/apk_for_local_test/debugUnitTest/packageDebugUnitTestForUnitTest/apk-for-local-test.ap_ Binary XML file line #1002
W/OverlayConfig: partition_order.xml does not exist.
W/PackageParser: Unknown element under <manifest>: queries at /work/src/mobile/android/fenix/app/../../../../obj-x86_64/gradle/build/mobile/android/fenix/app/intermediates/apk_for_local_test/debugUnitTest/packageDebugUnitTestForUnitTest/apk-for-local-test.ap_ Binary XML file line #74
W/PackageParser: Unknown element under <service>: property at /work/src/mobile/android/fenix/app/../../../../obj-x86_64/gradle/build/mobile/android/fenix/app/intermediates/apk_for_local_test/debugUnitTest/packageDebugUnitTestForUnitTest/apk-for-local-test.ap_ Binary XML file line #843
W/PackageParser: Unknown element under <service>: property at /work/src/mobile/android/fenix/app/../../../../obj-x86_64/gradle/build/mobile/android/fenix/app/intermediates/apk_for_local_test/debugUnitTest/packageDebugUnitTestForUnitTest/apk-for-local-test.ap_ Binary XML file line #861
W/PackageParser: Unknown element under <service>: property at /work/src/mobile/android/fenix/app/../../../../obj-x86_64/gradle/build/mobile/android/fenix/app/intermediates/apk_for_local_test/debugUnitTest/packageDebugUnitTestForUnitTest/apk-for-local-test.ap_ Binary XML file line #984
W/PackageParser: Unknown element under <service>: property at /work/src/mobile/android/fenix/app/../../../../obj-x86_64/gradle/build/mobile/android/fenix/app/intermediates/apk_for_local_test/debugUnitTest/packageDebugUnitTestForUnitTest/apk-for-local-test.ap_ Binary XML file line #993
W/PackageParser: Unknown element under <service>: property at /work/src/mobile/android/fenix/app/../../../../obj-x86_64/gradle/build/mobile/android/fenix/app/intermediates/apk_for_local_test/debugUnitTest/packageDebugUnitTestForUnitTest/apk-for-local-test.ap_ Binary XML file line #1002
W/OverlayConfig: partition_order.xml does not exist.
W/PackageParser: Unknown element under <manifest>: queries at /work/src/mobile/android/fenix/app/../../../../obj-x86_64/gradle/build/mobile/android/fenix/app/intermediates/apk_for_local_test/debugUnitTest/packageDebugUnitTestForUnitTest/apk-for-local-test.ap_ Binary XML file line #74
W/PackageParser: Unknown element under <service>: property at /work/src/mobile/android/fenix/app/../../../../obj-x86_64/gradle/build/mobile/android/fenix/app/intermediates/apk_for_local_test/debugUnitTest/packageDebugUnitTestForUnitTest/apk-for-local-test.ap_ Binary XML file line #843
W/PackageParser: Unknown element under <service>: property at /work/src/mobile/android/fenix/app/../../../../obj-x86_64/gradle/build/mobile/android/fenix/app/intermediates/apk_for_local_test/debugUnitTest/packageDebugUnitTestForUnitTest/apk-for-local-test.ap_ Binary XML file line #861
W/PackageParser: Unknown element under <service>: property at /work/src/mobile/android/fenix/app/../../../../obj-x86_64/gradle/build/mobile/android/fenix/app/intermediates/apk_for_local_test/debugUnitTest/packageDebugUnitTestForUnitTest/apk-for-local-test.ap_ Binary XML file line #984
W/PackageParser: Unknown element under <service>: property at /work/src/mobile/android/fenix/app/../../../../obj-x86_64/gradle/build/mobile/android/fenix/app/intermediates/apk_for_local_test/debugUnitTest/packageDebugUnitTestForUnitTest/apk-for-local-test.ap_ Binary XML file line #993
W/PackageParser: Unknown element under <service>: property at /work/src/mobile/android/fenix/app/../../../../obj-x86_64/gradle/build/mobile/android/fenix/app/intermediates/apk_for_local_test/debugUnitTest/packageDebugUnitTestForUnitTest/apk-for-local-test.ap_ Binary XML file line #1002
W/OverlayConfig: partition_order.xml does not exist.
W/PackageParser: Unknown element under <manifest>: queries at /work/src/mobile/android/fenix/app/../../../../obj-x86_64/gradle/build/mobile/android/fenix/app/intermediates/apk_for_local_test/debugUnitTest/packageDebugUnitTestForUnitTest/apk-for-local-test.ap_ Binary XML file line #74
W/PackageParser: Unknown element under <service>: property at /work/src/mobile/android/fenix/app/../../../../obj-x86_64/gradle/build/mobile/android/fenix/app/intermediates/apk_for_local_test/debugUnitTest/packageDebugUnitTestForUnitTest/apk-for-local-test.ap_ Binary XML file line #843
W/PackageParser: Unknown element under <service>: property at /work/src/mobile/android/fenix/app/../../../../obj-x86_64/gradle/build/mobile/android/fenix/app/intermediates/apk_for_local_test/debugUnitTest/packageDebugUnitTestForUnitTest/apk-for-local-test.ap_ Binary XML file line #861
W/PackageParser: Unknown element under <service>: property at /work/src/mobile/android/fenix/app/../../../../obj-x86_64/gradle/build/mobile/android/fenix/app/intermediates/apk_for_local_test/debugUnitTest/packageDebugUnitTestForUnitTest/apk-for-local-test.ap_ Binary XML file line #984
W/PackageParser: Unknown element under <service>: property at /work/src/mobile/android/fenix/app/../../../../obj-x86_64/gradle/build/mobile/android/fenix/app/intermediates/apk_for_local_test/debugUnitTest/packageDebugUnitTestForUnitTest/apk-for-local-test.ap_ Binary XML file line #993
W/PackageParser: Unknown element under <service>: property at /work/src/mobile/android/fenix/app/../../../../obj-x86_64/gradle/build/mobile/android/fenix/app/intermediates/apk_for_local_test/debugUnitTest/packageDebugUnitTestForUnitTest/apk-for-local-test.ap_ Binary XML file line #1002
W/OverlayConfig: partition_order.xml does not exist.
W/PackageParser: Unknown element under <manifest>: queries at /work/src/mobile/android/fenix/app/../../../../obj-x86_64/gradle/build/mobile/android/fenix/app/intermediates/apk_for_local_test/debugUnitTest/packageDebugUnitTestForUnitTest/apk-for-local-test.ap_ Binary XML file line #74
W/PackageParser: Unknown element under <service>: property at /work/src/mobile/android/fenix/app/../../../../obj-x86_64/gradle/build/mobile/android/fenix/app/intermediates/apk_for_local_test/debugUnitTest/packageDebugUnitTestForUnitTest/apk-for-local-test.ap_ Binary XML file line #843
W/PackageParser: Unknown element under <service>: property at /work/src/mobile/android/fenix/app/../../../../obj-x86_64/gradle/build/mobile/android/fenix/app/intermediates/apk_for_local_test/debugUnitTest/packageDebugUnitTestForUnitTest/apk-for-local-test.ap_ Binary XML file line #861
W/PackageParser: Unknown element under <service>: property at /work/src/mobile/android/fenix/app/../../../../obj-x86_64/gradle/build/mobile/android/fenix/app/intermediates/apk_for_local_test/debugUnitTest/packageDebugUnitTestForUnitTest/apk-for-local-test.ap_ Binary XML file line #984
W/PackageParser: Unknown element under <service>: property at /work/src/mobile/android/fenix/app/../../../../obj-x86_64/gradle/build/mobile/android/fenix/app/intermediates/apk_for_local_test/debugUnitTest/packageDebugUnitTestForUnitTest/apk-for-local-test.ap_ Binary XML file line #993
W/PackageParser: Unknown element under <service>: property at /work/src/mobile/android/fenix/app/../../../../obj-x86_64/gradle/build/mobile/android/fenix/app/intermediates/apk_for_local_test/debugUnitTest/packageDebugUnitTestForUnitTest/apk-for-local-test.ap_ Binary XML file line #1002
W/OverlayConfig: partition_order.xml does not exist.
W/PackageParser: Unknown element under <manifest>: queries at /work/src/mobile/android/fenix/app/../../../../obj-x86_64/gradle/build/mobile/android/fenix/app/intermediates/apk_for_local_test/debugUnitTest/packageDebugUnitTestForUnitTest/apk-for-local-test.ap_ Binary XML file line #74
W/PackageParser: Unknown element under <service>: property at /work/src/mobile/android/fenix/app/../../../../obj-x86_64/gradle/build/mobile/android/fenix/app/intermediates/apk_for_local_test/debugUnitTest/packageDebugUnitTestForUnitTest/apk-for-local-test.ap_ Binary XML file line #843
W/PackageParser: Unknown element under <service>: property at /work/src/mobile/android/fenix/app/../../../../obj-x86_64/gradle/build/mobile/android/fenix/app/intermediates/apk_for_local_test/debugUnitTest/packageDebugUnitTestForUnitTest/apk-for-local-test.ap_ Binary XML file line #861
W/PackageParser: Unknown element under <service>: property at /work/src/mobile/android/fenix/app/../../../../obj-x86_64/gradle/build/mobile/android/fenix/app/intermediates/apk_for_local_test/debugUnitTest/packageDebugUnitTestForUnitTest/apk-for-local-test.ap_ Binary XML file line #984
W/PackageParser: Unknown element under <service>: property at /work/src/mobile/android/fenix/app/../../../../obj-x86_64/gradle/build/mobile/android/fenix/app/intermediates/apk_for_local_test/debugUnitTest/packageDebugUnitTestForUnitTest/apk-for-local-test.ap_ Binary XML file line #993
W/PackageParser: Unknown element under <service>: property at /work/src/mobile/android/fenix/app/../../../../obj-x86_64/gradle/build/mobile/android/fenix/app/intermediates/apk_for_local_test/debugUnitTest/packageDebugUnitTestForUnitTest/apk-for-local-test.ap_ Binary XML file line #1002
W/OverlayConfig: partition_order.xml does not exist.
W/PackageParser: Unknown element under <manifest>: queries at /work/src/mobile/android/fenix/app/../../../../obj-x86_64/gradle/build/mobile/android/fenix/app/intermediates/apk_for_local_test/debugUnitTest/packageDebugUnitTestForUnitTest/apk-for-local-test.ap_ Binary XML file line #74
W/PackageParser: Unknown element under <service>: property at /work/src/mobile/android/fenix/app/../../../../obj-x86_64/gradle/build/mobile/android/fenix/app/intermediates/apk_for_local_test/debugUnitTest/packageDebugUnitTestForUnitTest/apk-for-local-test.ap_ Binary XML file line #843
W/PackageParser: Unknown element under <service>: property at /work/src/mobile/android/fenix/app/../../../../obj-x86_64/gradle/build/mobile/android/fenix/app/intermediates/apk_for_local_test/debugUnitTest/packageDebugUnitTestForUnitTest/apk-for-local-test.ap_ Binary XML file line #861
W/PackageParser: Unknown element under <service>: property at /work/src/mobile/android/fenix/app/../../../../obj-x86_64/gradle/build/mobile/android/fenix/app/intermediates/apk_for_local_test/debugUnitTest/packageDebugUnitTestForUnitTest/apk-for-local-test.ap_ Binary XML file line #984
W/PackageParser: Unknown element under <service>: property at /work/src/mobile/android/fenix/app/../../../../obj-x86_64/gradle/build/mobile/android/fenix/app/intermediates/apk_for_local_test/debugUnitTest/packageDebugUnitTestForUnitTest/apk-for-local-test.ap_ Binary XML file line #993
W/PackageParser: Unknown element under <service>: property at /work/src/mobile/android/fenix/app/../../../../obj-x86_64/gradle/build/mobile/android/fenix/app/intermediates/apk_for_local_test/debugUnitTest/packageDebugUnitTestForUnitTest/apk-for-local-test.ap_ Binary XML file line #1002
W/OverlayConfig: partition_order.xml does not exist.
W/PackageParser: Unknown element under <manifest>: queries at /work/src/mobile/android/fenix/app/../../../../obj-x86_64/gradle/build/mobile/android/fenix/app/intermediates/apk_for_local_test/debugUnitTest/packageDebugUnitTestForUnitTest/apk-for-local-test.ap_ Binary XML file line #74
W/PackageParser: Unknown element under <service>: property at /work/src/mobile/android/fenix/app/../../../../obj-x86_64/gradle/build/mobile/android/fenix/app/intermediates/apk_for_local_test/debugUnitTest/packageDebugUnitTestForUnitTest/apk-for-local-test.ap_ Binary XML file line #843
W/PackageParser: Unknown element under <service>: property at /work/src/mobile/android/fenix/app/../../../../obj-x86_64/gradle/build/mobile/android/fenix/app/intermediates/apk_for_local_test/debugUnitTest/packageDebugUnitTestForUnitTest/apk-for-local-test.ap_ Binary XML file line #861
W/PackageParser: Unknown element under <service>: property at /work/src/mobile/android/fenix/app/../../../../obj-x86_64/gradle/build/mobile/android/fenix/app/intermediates/apk_for_local_test/debugUnitTest/packageDebugUnitTestForUnitTest/apk-for-local-test.ap_ Binary XML file line #984
W/PackageParser: Unknown element under <service>: property at /work/src/mobile/android/fenix/app/../../../../obj-x86_64/gradle/build/mobile/android/fenix/app/intermediates/apk_for_local_test/debugUnitTest/packageDebugUnitTestForUnitTest/apk-for-local-test.ap_ Binary XML file line #993
W/PackageParser: Unknown element under <service>: property at /work/src/mobile/android/fenix/app/../../../../obj-x86_64/gradle/build/mobile/android/fenix/app/intermediates/apk_for_local_test/debugUnitTest/packageDebugUnitTestForUnitTest/apk-for-local-test.ap_ Binary XML file line #1002
W/OverlayConfig: partition_order.xml does not exist.
W/PackageParser: Unknown element under <manifest>: queries at /work/src/mobile/android/fenix/app/../../../../obj-x86_64/gradle/build/mobile/android/fenix/app/intermediates/apk_for_local_test/debugUnitTest/packageDebugUnitTestForUnitTest/apk-for-local-test.ap_ Binary XML file line #74
W/PackageParser: Unknown element under <service>: property at /work/src/mobile/android/fenix/app/../../../../obj-x86_64/gradle/build/mobile/android/fenix/app/intermediates/apk_for_local_test/debugUnitTest/packageDebugUnitTestForUnitTest/apk-for-local-test.ap_ Binary XML file line #843
W/PackageParser: Unknown element under <service>: property at /work/src/mobile/android/fenix/app/../../../../obj-x86_64/gradle/build/mobile/android/fenix/app/intermediates/apk_for_local_test/debugUnitTest/packageDebugUnitTestForUnitTest/apk-for-local-test.ap_ Binary XML file line #861
W/PackageParser: Unknown element under <service>: property at /work/src/mobile/android/fenix/app/../../../../obj-x86_64/gradle/build/mobile/android/fenix/app/intermediates/apk_for_local_test/debugUnitTest/packageDebugUnitTestForUnitTest/apk-for-local-test.ap_ Binary XML file line #984
W/PackageParser: Unknown element under <service>: property at /work/src/mobile/android/fenix/app/../../../../obj-x86_64/gradle/build/mobile/android/fenix/app/intermediates/apk_for_local_test/debugUnitTest/packageDebugUnitTestForUnitTest/apk-for-local-test.ap_ Binary XML file line #993
W/PackageParser: Unknown element under <service>: property at /work/src/mobile/android/fenix/app/../../../../obj-x86_64/gradle/build/mobile/android/fenix/app/intermediates/apk_for_local_test/debugUnitTest/packageDebugUnitTestForUnitTest/apk-for-local-test.ap_ Binary XML file line #1002
[...]
W/PackageParser: Unknown element under <service>: property at /work/src/mobile/android/fenix/app/../../../../obj-x86_64/gradle/build/mobile/android/fenix/app/intermediates/apk_for_local_test/debugUnitTest/packageDebugUnitTestForUnitTest/apk-for-local-test.ap_ Binary XML file line #861
W/PackageParser: Unknown element under <service>: property at /work/src/mobile/android/fenix/app/../../../../obj-x86_64/gradle/build/mobile/android/fenix/app/intermediates/apk_for_local_test/debugUnitTest/packageDebugUnitTestForUnitTest/apk-for-local-test.ap_ Binary XML file line #984
W/PackageParser: Unknown element under <service>: property at /work/src/mobile/android/fenix/app/../../../../obj-x86_64/gradle/build/mobile/android/fenix/app/intermediates/apk_for_local_test/debugUnitTest/packageDebugUnitTestForUnitTest/apk-for-local-test.ap_ Binary XML file line #993
W/PackageParser: Unknown element under <service>: property at /work/src/mobile/android/fenix/app/../../../../obj-x86_64/gradle/build/mobile/android/fenix/app/intermediates/apk_for_local_test/debugUnitTest/packageDebugUnitTestForUnitTest/apk-for-local-test.ap_ Binary XML file line #1002
W/OverlayConfig: partition_order.xml does not exist.
W/PackageParser: Unknown element under <manifest>: queries at /work/src/mobile/android/fenix/app/../../../../obj-x86_64/gradle/build/mobile/android/fenix/app/intermediates/apk_for_local_test/debugUnitTest/packageDebugUnitTestForUnitTest/apk-for-local-test.ap_ Binary XML file line #74
W/PackageParser: Unknown element under <service>: property at /work/src/mobile/android/fenix/app/../../../../obj-x86_64/gradle/build/mobile/android/fenix/app/intermediates/apk_for_local_test/debugUnitTest/packageDebugUnitTestForUnitTest/apk-for-local-test.ap_ Binary XML file line #843
W/PackageParser: Unknown element under <service>: property at /work/src/mobile/android/fenix/app/../../../../obj-x86_64/gradle/build/mobile/android/fenix/app/intermediates/apk_for_local_test/debugUnitTest/packageDebugUnitTestForUnitTest/apk-for-local-test.ap_ Binary XML file line #861
W/PackageParser: Unknown element under <service>: property at /work/src/mobile/android/fenix/app/../../../../obj-x86_64/gradle/build/mobile/android/fenix/app/intermediates/apk_for_local_test/debugUnitTest/packageDebugUnitTestForUnitTest/apk-for-local-test.ap_ Binary XML file line #984
W/PackageParser: Unknown element under <service>: property at /work/src/mobile/android/fenix/app/../../../../obj-x86_64/gradle/build/mobile/android/fenix/app/intermediates/apk_for_local_test/debugUnitTest/packageDebugUnitTestForUnitTest/apk-for-local-test.ap_ Binary XML file line #993
W/PackageParser: Unknown element under <service>: property at /work/src/mobile/android/fenix/app/../../../../obj-x86_64/gradle/build/mobile/android/fenix/app/intermediates/apk_for_local_test/debugUnitTest/packageDebugUnitTestForUnitTest/apk-for-local-test.ap_ Binary XML file line #1002
W/OverlayConfig: partition_order.xml does not exist.
W/PackageParser: Unknown element under <manifest>: queries at /work/src/mobile/android/fenix/app/../../../../obj-x86_64/gradle/build/mobile/android/fenix/app/intermediates/apk_for_local_test/debugUnitTest/packageDebugUnitTestForUnitTest/apk-for-local-test.ap_ Binary XML file line #74
W/PackageParser: Unknown element under <service>: property at /work/src/mobile/android/fenix/app/../../../../obj-x86_64/gradle/build/mobile/android/fenix/app/intermediates/apk_for_local_test/debugUnitTest/packageDebugUnitTestForUnitTest/apk-for-local-test.ap_ Binary XML file line #843
W/PackageParser: Unknown element under <service>: property at /work/src/mobile/android/fenix/app/../../../../obj-x86_64/gradle/build/mobile/android/fenix/app/intermediates/apk_for_local_test/debugUnitTest/packageDebugUnitTestForUnitTest/apk-for-local-test.ap_ Binary XML file line #861
W/PackageParser: Unknown element under <service>: property at /work/src/mobile/android/fenix/app/../../../../obj-x86_64/gradle/build/mobile/android/fenix/app/intermediates/apk_for_local_test/debugUnitTest/packageDebugUnitTestForUnitTest/apk-for-local-test.ap_ Binary XML file line #984
W/PackageParser: Unknown element under <service>: property at /work/src/mobile/android/fenix/app/../../../../obj-x86_64/gradle/build/mobile/android/fenix/app/intermediates/apk_for_local_test/debugUnitTest/packageDebugUnitTestForUnitTest/apk-for-local-test.ap_ Binary XML file line #993
W/PackageParser: Unknown element under <service>: property at /work/src/mobile/android/fenix/app/../../../../obj-x86_64/gradle/build/mobile/android/fenix/app/intermediates/apk_for_local_test/debugUnitTest/packageDebugUnitTestForUnitTest/apk-for-local-test.ap_ Binary XML file line #1002
W/OverlayConfig: partition_order.xml does not exist.
W/PackageParser: Unknown element under <manifest>: queries at /work/src/mobile/android/fenix/app/../../../../obj-x86_64/gradle/build/mobile/android/fenix/app/intermediates/apk_for_local_test/debugUnitTest/packageDebugUnitTestForUnitTest/apk-for-local-test.ap_ Binary XML file line #74
W/PackageParser: Unknown element under <service>: property at /work/src/mobile/android/fenix/app/../../../../obj-x86_64/gradle/build/mobile/android/fenix/app/intermediates/apk_for_local_test/debugUnitTest/packageDebugUnitTestForUnitTest/apk-for-local-test.ap_ Binary XML file line #843
W/PackageParser: Unknown element under <service>: property at /work/src/mobile/android/fenix/app/../../../../obj-x86_64/gradle/build/mobile/android/fenix/app/intermediates/apk_for_local_test/debugUnitTest/packageDebugUnitTestForUnitTest/apk-for-local-test.ap_ Binary XML file line #861
W/PackageParser: Unknown element under <service>: property at /work/src/mobile/android/fenix/app/../../../../obj-x86_64/gradle/build/mobile/android/fenix/app/intermediates/apk_for_local_test/debugUnitTest/packageDebugUnitTestForUnitTest/apk-for-local-test.ap_ Binary XML file line #984
W/PackageParser: Unknown element under <service>: property at /work/src/mobile/android/fenix/app/../../../../obj-x86_64/gradle/build/mobile/android/fenix/app/intermediates/apk_for_local_test/debugUnitTest/packageDebugUnitTestForUnitTest/apk-for-local-test.ap_ Binary XML file line #993
W/PackageParser: Unknown element under <service>: property at /work/src/mobile/android/fenix/app/../../../../obj-x86_64/gradle/build/mobile/android/fenix/app/intermediates/apk_for_local_test/debugUnitTest/packageDebugUnitTestForUnitTest/apk-for-local-test.ap_ Binary XML file line #1002
W/OverlayConfig: partition_order.xml does not exist.
W/PackageParser: Unknown element under <manifest>: queries at /work/src/mobile/android/fenix/app/../../../../obj-x86_64/gradle/build/mobile/android/fenix/app/intermediates/apk_for_local_test/debugUnitTest/packageDebugUnitTestForUnitTest/apk-for-local-test.ap_ Binary XML file line #74
W/PackageParser: Unknown element under <service>: property at /work/src/mobile/android/fenix/app/../../../../obj-x86_64/gradle/build/mobile/android/fenix/app/intermediates/apk_for_local_test/debugUnitTest/packageDebugUnitTestForUnitTest/apk-for-local-test.ap_ Binary XML file line #843
W/PackageParser: Unknown element under <service>: property at /work/src/mobile/android/fenix/app/../../../../obj-x86_64/gradle/build/mobile/android/fenix/app/intermediates/apk_for_local_test/debugUnitTest/packageDebugUnitTestForUnitTest/apk-for-local-test.ap_ Binary XML file line #861
W/PackageParser: Unknown element under <service>: property at /work/src/mobile/android/fenix/app/../../../../obj-x86_64/gradle/build/mobile/android/fenix/app/intermediates/apk_for_local_test/debugUnitTest/packageDebugUnitTestForUnitTest/apk-for-local-test.ap_ Binary XML file line #984
W/PackageParser: Unknown element under <service>: property at /work/src/mobile/android/fenix/app/../../../../obj-x86_64/gradle/build/mobile/android/fenix/app/intermediates/apk_for_local_test/debugUnitTest/packageDebugUnitTestForUnitTest/apk-for-local-test.ap_ Binary XML file line #993
W/PackageParser: Unknown element under <service>: property at /work/src/mobile/android/fenix/app/../../../../obj-x86_64/gradle/build/mobile/android/fenix/app/intermediates/apk_for_local_test/debugUnitTest/packageDebugUnitTestForUnitTest/apk-for-local-test.ap_ Binary XML file line #1002
W/OverlayConfig: partition_order.xml does not exist.
W/PackageParser: Unknown element under <manifest>: queries at /work/src/mobile/android/fenix/app/../../../../obj-x86_64/gradle/build/mobile/android/fenix/app/intermediates/apk_for_local_test/debugUnitTest/packageDebugUnitTestForUnitTest/apk-for-local-test.ap_ Binary XML file line #74
W/PackageParser: Unknown element under <service>: property at /work/src/mobile/android/fenix/app/../../../../obj-x86_64/gradle/build/mobile/android/fenix/app/intermediates/apk_for_local_test/debugUnitTest/packageDebugUnitTestForUnitTest/apk-for-local-test.ap_ Binary XML file line #843
W/PackageParser: Unknown element under <service>: property at /work/src/mobile/android/fenix/app/../../../../obj-x86_64/gradle/build/mobile/android/fenix/app/intermediates/apk_for_local_test/debugUnitTest/packageDebugUnitTestForUnitTest/apk-for-local-test.ap_ Binary XML file line #861
W/PackageParser: Unknown element under <service>: property at /work/src/mobile/android/fenix/app/../../../../obj-x86_64/gradle/build/mobile/android/fenix/app/intermediates/apk_for_local_test/debugUnitTest/packageDebugUnitTestForUnitTest/apk-for-local-test.ap_ Binary XML file line #984
W/PackageParser: Unknown element under <service>: property at /work/src/mobile/android/fenix/app/../../../../obj-x86_64/gradle/build/mobile/android/fenix/app/intermediates/apk_for_local_test/debugUnitTest/packageDebugUnitTestForUnitTest/apk-for-local-test.ap_ Binary XML file line #993
W/PackageParser: Unknown element under <service>: property at /work/src/mobile/android/fenix/app/../../../../obj-x86_64/gradle/build/mobile/android/fenix/app/intermediates/apk_for_local_test/debugUnitTest/packageDebugUnitTestForUnitTest/apk-for-local-test.ap_ Binary XML file line #1002
W/OverlayConfig: partition_order.xml does not exist.
W/PackageParser: Unknown element under <manifest>: queries at /work/src/mobile/android/fenix/app/../../../../obj-x86_64/gradle/build/mobile/android/fenix/app/intermediates/apk_for_local_test/debugUnitTest/packageDebugUnitTestForUnitTest/apk-for-local-test.ap_ Binary XML file line #74
W/PackageParser: Unknown element under <service>: property at /work/src/mobile/android/fenix/app/../../../../obj-x86_64/gradle/build/mobile/android/fenix/app/intermediates/apk_for_local_test/debugUnitTest/packageDebugUnitTestForUnitTest/apk-for-local-test.ap_ Binary XML file line #843
W/PackageParser: Unknown element under <service>: property at /work/src/mobile/android/fenix/app/../../../../obj-x86_64/gradle/build/mobile/android/fenix/app/intermediates/apk_for_local_test/debugUnitTest/packageDebugUnitTestForUnitTest/apk-for-local-test.ap_ Binary XML file line #861
W/PackageParser: Unknown element under <service>: property at /work/src/mobile/android/fenix/app/../../../../obj-x86_64/gradle/build/mobile/android/fenix/app/intermediates/apk_for_local_test/debugUnitTest/packageDebugUnitTestForUnitTest/apk-for-local-test.ap_ Binary XML file line #984
W/PackageParser: Unknown element under <service>: property at /work/src/mobile/android/fenix/app/../../../../obj-x86_64/gradle/build/mobile/android/fenix/app/intermediates/apk_for_local_test/debugUnitTest/packageDebugUnitTestForUnitTest/apk-for-local-test.ap_ Binary XML file line #993
W/PackageParser: Unknown element under <service>: property at /work/src/mobile/android/fenix/app/../../../../obj-x86_64/gradle/build/mobile/android/fenix/app/intermediates/apk_for_local_test/debugUnitTest/packageDebugUnitTestForUnitTest/apk-for-local-test.ap_ Binary XML file line #1002
W/OverlayConfig: partition_order.xml does not exist.
W/PackageParser: Unknown element under <manifest>: queries at /work/src/mobile/android/fenix/app/../../../../obj-x86_64/gradle/build/mobile/android/fenix/app/intermediates/apk_for_local_test/debugUnitTest/packageDebugUnitTestForUnitTest/apk-for-local-test.ap_ Binary XML file line #74
W/PackageParser: Unknown element under <service>: property at /work/src/mobile/android/fenix/app/../../../../obj-x86_64/gradle/build/mobile/android/fenix/app/intermediates/apk_for_local_test/debugUnitTest/packageDebugUnitTestForUnitTest/apk-for-local-test.ap_ Binary XML file line #843
W/PackageParser: Unknown element under <service>: property at /work/src/mobile/android/fenix/app/../../../../obj-x86_64/gradle/build/mobile/android/fenix/app/intermediates/apk_for_local_test/debugUnitTest/packageDebugUnitTestForUnitTest/apk-for-local-test.ap_ Binary XML file line #861
W/PackageParser: Unknown element under <service>: property at /work/src/mobile/android/fenix/app/../../../../obj-x86_64/gradle/build/mobile/android/fenix/app/intermediates/apk_for_local_test/debugUnitTest/packageDebugUnitTestForUnitTest/apk-for-local-test.ap_ Binary XML file line #984
W/PackageParser: Unknown element under <service>: property at /work/src/mobile/android/fenix/app/../../../../obj-x86_64/gradle/build/mobile/android/fenix/app/intermediates/apk_for_local_test/debugUnitTest/packageDebugUnitTestForUnitTest/apk-for-local-test.ap_ Binary XML file line #993
W/PackageParser: Unknown element under <service>: property at /work/src/mobile/android/fenix/app/../../../../obj-x86_64/gradle/build/mobile/android/fenix/app/intermediates/apk_for_local_test/debugUnitTest/packageDebugUnitTestForUnitTest/apk-for-local-test.ap_ Binary XML file line #1002
W/OverlayConfig: partition_order.xml does not exist.
W/PackageParser: Unknown element under <manifest>: queries at /work/src/mobile/android/fenix/app/../../../../obj-x86_64/gradle/build/mobile/android/fenix/app/intermediates/apk_for_local_test/debugUnitTest/packageDebugUnitTestForUnitTest/apk-for-local-test.ap_ Binary XML file line #74
W/PackageParser: Unknown element under <service>: property at /work/src/mobile/android/fenix/app/../../../../obj-x86_64/gradle/build/mobile/android/fenix/app/intermediates/apk_for_local_test/debugUnitTest/packageDebugUnitTestForUnitTest/apk-for-local-test.ap_ Binary XML file line #843
W/PackageParser: Unknown element under <service>: property at /work/src/mobile/android/fenix/app/../../../../obj-x86_64/gradle/build/mobile/android/fenix/app/intermediates/apk_for_local_test/debugUnitTest/packageDebugUnitTestForUnitTest/apk-for-local-test.ap_ Binary XML file line #861
W/PackageParser: Unknown element under <service>: property at /work/src/mobile/android/fenix/app/../../../../obj-x86_64/gradle/build/mobile/android/fenix/app/intermediates/apk_for_local_test/debugUnitTest/packageDebugUnitTestForUnitTest/apk-for-local-test.ap_ Binary XML file line #984
W/PackageParser: Unknown element under <service>: property at /work/src/mobile/android/fenix/app/../../../../obj-x86_64/gradle/build/mobile/android/fenix/app/intermediates/apk_for_local_test/debugUnitTest/packageDebugUnitTestForUnitTest/apk-for-local-test.ap_ Binary XML file line #993
W/PackageParser: Unknown element under <service>: property at /work/src/mobile/android/fenix/app/../../../../obj-x86_64/gradle/build/mobile/android/fenix/app/intermediates/apk_for_local_test/debugUnitTest/packageDebugUnitTestForUnitTest/apk-for-local-test.ap_ Binary XML file line #1002
W/OverlayConfig: partition_order.xml does not exist.
W/PackageParser: Unknown element under <manifest>: queries at /work/src/mobile/android/fenix/app/../../../../obj-x86_64/gradle/build/mobile/android/fenix/app/intermediates/apk_for_local_test/debugUnitTest/packageDebugUnitTestForUnitTest/apk-for-local-test.ap_ Binary XML file line #74
W/PackageParser: Unknown element under <service>: property at /work/src/mobile/android/fenix/app/../../../../obj-x86_64/gradle/build/mobile/android/fenix/app/intermediates/apk_for_local_test/debugUnitTest/packageDebugUnitTestForUnitTest/apk-for-local-test.ap_ Binary XML file line #843
W/PackageParser: Unknown element under <service>: property at /work/src/mobile/android/fenix/app/../../../../obj-x86_64/gradle/build/mobile/android/fenix/app/intermediates/apk_for_local_test/debugUnitTest/packageDebugUnitTestForUnitTest/apk-for-local-test.ap_ Binary XML file line #861
W/PackageParser: Unknown element under <service>: property at /work/src/mobile/android/fenix/app/../../../../obj-x86_64/gradle/build/mobile/android/fenix/app/intermediates/apk_for_local_test/debugUnitTest/packageDebugUnitTestForUnitTest/apk-for-local-test.ap_ Binary XML file line #984
W/PackageParser: Unknown element under <service>: property at /work/src/mobile/android/fenix/app/../../../../obj-x86_64/gradle/build/mobile/android/fenix/app/intermediates/apk_for_local_test/debugUnitTest/packageDebugUnitTestForUnitTest/apk-for-local-test.ap_ Binary XML file line #993
W/PackageParser: Unknown element under <service>: property at /work/src/mobile/android/fenix/app/../../../../obj-x86_64/gradle/build/mobile/android/fenix/app/intermediates/apk_for_local_test/debugUnitTest/packageDebugUnitTestForUnitTest/apk-for-local-test.ap_ Binary XML file line #1002
]]></system-out>
  <system-err><![CDATA[java.lang.ClassCastException: class java.lang.String cannot be cast to class java.lang.Long (java.lang.String and java.lang.Long are in module java.base of loader 'bootstrap')
	at android.app.SharedPreferencesImpl.getLong(SharedPreferencesImpl.java:337)
	at org.mozilla.fenix.utils.Settings.migrateLastReviewPromptTimePrefIfNeeded(Settings.kt:336)
	at org.mozilla.fenix.utils.SettingsTest.GIVEN previously stored pref_key_last_review_prompt_shown_time value is a String WHEN calling migrateLastReviewPromptTimePrefIfNeeded THEN crash should not happen(SettingsTest.kt:1236)
	at java.base/jdk.internal.reflect.NativeMethodAccessorImpl.invoke0(Native Method)
	at java.base/jdk.internal.reflect.NativeMethodAccessorImpl.invoke(NativeMethodAccessorImpl.java:77)
	at java.base/jdk.internal.reflect.DelegatingMethodAccessorImpl.invoke(DelegatingMethodAccessorImpl.java:43)
	at org.junit.runners.model.FrameworkMethod$1.runReflectiveCall(FrameworkMethod.java:59)
	at org.junit.internal.runners.model.ReflectiveCallable.run(ReflectiveCallable.java:12)
	at org.junit.runners.model.FrameworkMethod.invokeExplosively(FrameworkMethod.java:56)
	at org.junit.internal.runners.statements.InvokeMethod.evaluate(InvokeMethod.java:17)
	at org.junit.internal.runners.statements.RunBefores.evaluate(RunBefores.java:26)
	at org.junit.runners.ParentRunner$3.evaluate(ParentRunner.java:306)
	at org.robolectric.RobolectricTestRunner$HelperTestRunner$1.evaluate(RobolectricTestRunner.java:524)
	at org.robolectric.internal.SandboxTestRunner.executeInSandbox(SandboxTestRunner.java:494)
	at org.robolectric.internal.SandboxTestRunner.access$900(SandboxTestRunner.java:67)
	at org.robolectric.internal.SandboxTestRunner$7.evaluate(SandboxTestRunner.java:442)
	at org.junit.runners.BlockJUnit4ClassRunner$1.evaluate(BlockJUnit4ClassRunner.java:100)
	at org.junit.runners.ParentRunner.runLeaf(ParentRunner.java:366)
	at org.junit.runners.BlockJUnit4ClassRunner.runChild(BlockJUnit4ClassRunner.java:103)
	at org.robolectric.internal.SandboxTestRunner.access$600(SandboxTestRunner.java:67)
	at org.robolectric.internal.SandboxTestRunner$6.evaluate(SandboxTestRunner.java:333)
	at org.robolectric.internal.SandboxTestRunner$3.evaluate(SandboxTestRunner.java:233)
	at org.robolectric.internal.SandboxTestRunner$5.lambda$evaluate$0(SandboxTestRunner.java:317)
	at org.robolectric.internal.bytecode.Sandbox.lambda$runOnMainThread$0(Sandbox.java:101)
	at java.base/java.util.concurrent.FutureTask.run(FutureTask.java:264)
	at java.base/java.util.concurrent.ThreadPoolExecutor.runWorker(ThreadPoolExecutor.java:1136)
	at java.base/java.util.concurrent.ThreadPoolExecutor$Worker.run(ThreadPoolExecutor.java:635)
	at java.base/java.lang.Thread.run(Thread.java:840)
]]></system-err>
</testsuite>
