<?xml version="1.0" encoding="UTF-8"?>
<testsuite name="org.mozilla.fenix.onboarding.continuous.ContinuousOnboardingFeatureTest" tests="24" skipped="0" failures="0" errors="0" timestamp="2026-08-22T14:32:52.178Z" hostname="b01fb26c9b03" time="2.555">
  <properties/>
  <testcase name="WHEN default browser step completed without RESULT_OK THEN pending stage is reset" classname="org.mozilla.fenix.onboarding.continuous.ContinuousOnboardingFeatureTest" time="0.508"/>
  <testcase name="WHEN sync primary button is clicked THEN navigateToSyncSignIn is invoked" classname="org.mozilla.fenix.onboarding.continuous.ContinuousOnboardingFeatureTest" time="0.136"/>
  <testcase name="WHEN default browser step completed with RESULT_OK THEN pending stage is reset" classname="org.mozilla.fenix.onboarding.continuous.ContinuousOnboardingFeatureTest" time="0.094"/>
  <testcase name="WHEN DAY_7 stage is completed THEN seventh day timestamp is saved" classname="org.mozilla.fenix.onboarding.continuous.ContinuousOnboardingFeatureTest" time="0.1"/>
  <testcase name="getNotificationOnboardingPageState returns the expected state" classname="org.mozilla.fenix.onboarding.continuous.ContinuousOnboardingFeatureTest" time="0.085"/>
  <testcase name="WHEN no notification button is clicked THEN no notification telemetry is recorded" classname="org.mozilla.fenix.onboarding.continuous.ContinuousOnboardingFeatureTest" time="0.087"/>
  <testcase name="WHEN sync primary button is clicked THEN sign-in telemetry is recorded" classname="org.mozilla.fenix.onboarding.continuous.ContinuousOnboardingFeatureTest" time="0.101"/>
  <testcase name="WHEN feature enabled and only third day completed THEN shouldShowContinuousOnboarding returns false" classname="org.mozilla.fenix.onboarding.continuous.ContinuousOnboardingFeatureTest" time="0.091"/>
  <testcase name="WHEN feature enabled and only second day completed THEN shouldShowContinuousOnboarding returns false" classname="org.mozilla.fenix.onboarding.continuous.ContinuousOnboardingFeatureTest" time="0.089"/>
  <testcase name="WHEN feature enabled and seventh day completed THEN shouldShowContinuousOnboarding returns false" classname="org.mozilla.fenix.onboarding.continuous.ContinuousOnboardingFeatureTest" time="0.092"/>
  <testcase name="WHEN default browser step completed without RESULT_OK THEN no set-to-default telemetry is recorded" classname="org.mozilla.fenix.onboarding.continuous.ContinuousOnboardingFeatureTest" time="0.083"/>
  <testcase name="WHEN notification impression event fires THEN notification card telemetry is recorded" classname="org.mozilla.fenix.onboarding.continuous.ContinuousOnboardingFeatureTest" time="0.083"/>
  <testcase name="WHEN notification secondary button is clicked THEN skip notification telemetry is recorded" classname="org.mozilla.fenix.onboarding.continuous.ContinuousOnboardingFeatureTest" time="0.084"/>
  <testcase name="WHEN notification primary button is clicked THEN turn on notification telemetry is recorded" classname="org.mozilla.fenix.onboarding.continuous.ContinuousOnboardingFeatureTest" time="0.083"/>
  <testcase name="WHEN NONE stage is completed THEN no timestamps are changed" classname="org.mozilla.fenix.onboarding.continuous.ContinuousOnboardingFeatureTest" time="0.08"/>
  <testcase name="WHEN feature enabled and seventh day not completed THEN shouldShowContinuousOnboarding returns false" classname="org.mozilla.fenix.onboarding.continuous.ContinuousOnboardingFeatureTest" time="0.09"/>
  <testcase name="WHEN sync impression event fires THEN sign-in card telemetry is recorded" classname="org.mozilla.fenix.onboarding.continuous.ContinuousOnboardingFeatureTest" time="0.08"/>
  <testcase name="WHEN DAY_3 stage is completed THEN third day timestamp is saved" classname="org.mozilla.fenix.onboarding.continuous.ContinuousOnboardingFeatureTest" time="0.081"/>
  <testcase name="WHEN DAY_2 stage is completed THEN second day timestamp is saved" classname="org.mozilla.fenix.onboarding.continuous.ContinuousOnboardingFeatureTest" time="0.089"/>
  <testcase name="WHEN default browser step completed with RESULT_OK THEN set-to-default telemetry is recorded" classname="org.mozilla.fenix.onboarding.continuous.ContinuousOnboardingFeatureTest" time="0.081"/>
  <testcase name="WHEN sync secondary button is clicked THEN skip sign-in telemetry is recorded" classname="org.mozilla.fenix.onboarding.continuous.ContinuousOnboardingFeatureTest" time="0.085"/>
  <testcase name="getSyncOnboardingPageState returns the expected state" classname="org.mozilla.fenix.onboarding.continuous.ContinuousOnboardingFeatureTest" time="0.082"/>
  <testcase name="WHEN no sync button is clicked THEN no sign-in telemetry is recorded" classname="org.mozilla.fenix.onboarding.continuous.ContinuousOnboardingFeatureTest" time="0.078"/>
  <testcase name="WHEN feature disabled THEN shouldShowContinuousOnboarding returns false" classname="org.mozilla.fenix.onboarding.continuous.ContinuousOnboardingFeatureTest" time="0.081"/>
  <system-out><![CDATA[W/OverlayConfig: partition_order.xml does not exist.
W/PackageParser: Unknown element under <manifest>: queries at /work/src/mobile/android/fenix/app/../../../../obj-x86_64/gradle/build/mobile/android/fenix/app/intermediates/apk_for_local_test/debugUnitTest/packageDebugUnitTestForUnitTest/apk-for-local-test.ap_ Binary XML file line #74
W/PackageParser: Unknown element under <service>: property at /work/src/mobile/android/fenix/app/../../../../obj-x86_64/gradle/build/mobile/android/fenix/app/intermediates/apk_for_local_test/debugUnitTest/packageDebugUnitTestForUnitTest/apk-for-local-test.ap_ Binary XML file line #843
W/PackageParser: Unknown element under <service>: property at /work/src/mobile/android/fenix/app/../../../../obj-x86_64/gradle/build/mobile/android/fenix/app/intermediates/apk_for_local_test/debugUnitTest/packageDebugUnitTestForUnitTest/apk-for-local-test.ap_ Binary XML file line #861
W/PackageParser: Unknown element under <service>: property at /work/src/mobile/android/fenix/app/../../../../obj-x86_64/gradle/build/mobile/android/fenix/app/intermediates/apk_for_local_test/debugUnitTest/packageDebugUnitTestForUnitTest/apk-for-local-test.ap_ Binary XML file line #984
W/PackageParser: Unknown element under <service>: property at /work/src/mobile/android/fenix/app/../../../../obj-x86_64/gradle/build/mobile/android/fenix/app/intermediates/apk_for_local_test/debugUnitTest/packageDebugUnitTestForUnitTest/apk-for-local-test.ap_ Binary XML file line #993
W/PackageParser: Unknown element under <service>: property at /work/src/mobile/android/fenix/app/../../../../obj-x86_64/gradle/build/mobile/android/fenix/app/intermediates/apk_for_local_test/debugUnitTest/packageDebugUnitTestForUnitTest/apk-for-local-test.ap_ Binary XML file line #1002
I/glean/Glean: Registering pings for org.mozilla.fenix.GleanMetrics.Pings
E/glean/MetricsPingSched: MetricsPingScheduler last stored ping time was not valid
I/glean/MetricsPingSched: The 'metrics' ping is scheduled for immediate collection, 1787409172259
I/glean/MetricsPingSched: Collecting the 'metrics' ping, now = 1787409172259, startup = true, reason = overdue
D/glean/MetricsPingSched: Scheduling the 'metrics' ping in 48427741ms
D/AppCompatDelegate: Checking for metadata for AppLocalesMetadataHolderService : Service not found
D/LifecycleMonitor: Lifecycle status change: androidx.appcompat.app.AppCompatActivity@5e480dd7 in: PRE_ON_CREATE
D/LifecycleMonitor: Lifecycle status change: androidx.appcompat.app.AppCompatActivity@5e480dd7 in: CREATED
I [ContinuousOnboardingFeatureDefault] Showing notification-permission card dialog.
W/OverlayConfig: partition_order.xml does not exist.
W/PackageParser: Unknown element under <manifest>: queries at /work/src/mobile/android/fenix/app/../../../../obj-x86_64/gradle/build/mobile/android/fenix/app/intermediates/apk_for_local_test/debugUnitTest/packageDebugUnitTestForUnitTest/apk-for-local-test.ap_ Binary XML file line #74
W/PackageParser: Unknown element under <service>: property at /work/src/mobile/android/fenix/app/../../../../obj-x86_64/gradle/build/mobile/android/fenix/app/intermediates/apk_for_local_test/debugUnitTest/packageDebugUnitTestForUnitTest/apk-for-local-test.ap_ Binary XML file line #843
W/PackageParser: Unknown element under <service>: property at /work/src/mobile/android/fenix/app/../../../../obj-x86_64/gradle/build/mobile/android/fenix/app/intermediates/apk_for_local_test/debugUnitTest/packageDebugUnitTestForUnitTest/apk-for-local-test.ap_ Binary XML file line #861
W/PackageParser: Unknown element under <service>: property at /work/src/mobile/android/fenix/app/../../../../obj-x86_64/gradle/build/mobile/android/fenix/app/intermediates/apk_for_local_test/debugUnitTest/packageDebugUnitTestForUnitTest/apk-for-local-test.ap_ Binary XML file line #984
W/PackageParser: Unknown element under <service>: property at /work/src/mobile/android/fenix/app/../../../../obj-x86_64/gradle/build/mobile/android/fenix/app/intermediates/apk_for_local_test/debugUnitTest/packageDebugUnitTestForUnitTest/apk-for-local-test.ap_ Binary XML file line #993
W/PackageParser: Unknown element under <service>: property at /work/src/mobile/android/fenix/app/../../../../obj-x86_64/gradle/build/mobile/android/fenix/app/intermediates/apk_for_local_test/debugUnitTest/packageDebugUnitTestForUnitTest/apk-for-local-test.ap_ Binary XML file line #1002
I/glean/Glean: Registering pings for org.mozilla.fenix.GleanMetrics.Pings
E/glean/MetricsPingSched: MetricsPingScheduler last stored ping time was not valid
I/glean/MetricsPingSched: The 'metrics' ping is scheduled for immediate collection, 1787409172768
I/glean/MetricsPingSched: Collecting the 'metrics' ping, now = 1787409172768, startup = true, reason = overdue
D/glean/MetricsPingSched: Scheduling the 'metrics' ping in 48427232ms
D/LifecycleMonitor: Lifecycle status change: androidx.appcompat.app.AppCompatActivity@43e1a3fe in: PRE_ON_CREATE
D/LifecycleMonitor: Lifecycle status change: androidx.appcompat.app.AppCompatActivity@43e1a3fe in: CREATED
D [OnboardingTelemetryRecorder] Recording sync sign in click event, sequenceId: sync, sequencePosition: 0
D [OnboardingTelemetryRecorder] Recording onboarding completed event, sequenceId: sync, sequencePosition: 0, dismissedMethod: COMPLETED
W/OverlayConfig: partition_order.xml does not exist.
W/PackageParser: Unknown element under <manifest>: queries at /work/src/mobile/android/fenix/app/../../../../obj-x86_64/gradle/build/mobile/android/fenix/app/intermediates/apk_for_local_test/debugUnitTest/packageDebugUnitTestForUnitTest/apk-for-local-test.ap_ Binary XML file line #74
W/PackageParser: Unknown element under <service>: property at /work/src/mobile/android/fenix/app/../../../../obj-x86_64/gradle/build/mobile/android/fenix/app/intermediates/apk_for_local_test/debugUnitTest/packageDebugUnitTestForUnitTest/apk-for-local-test.ap_ Binary XML file line #843
W/PackageParser: Unknown element under <service>: property at /work/src/mobile/android/fenix/app/../../../../obj-x86_64/gradle/build/mobile/android/fenix/app/intermediates/apk_for_local_test/debugUnitTest/packageDebugUnitTestForUnitTest/apk-for-local-test.ap_ Binary XML file line #861
W/PackageParser: Unknown element under <service>: property at /work/src/mobile/android/fenix/app/../../../../obj-x86_64/gradle/build/mobile/android/fenix/app/intermediates/apk_for_local_test/debugUnitTest/packageDebugUnitTestForUnitTest/apk-for-local-test.ap_ Binary XML file line #984
W/PackageParser: Unknown element under <service>: property at /work/src/mobile/android/fenix/app/../../../../obj-x86_64/gradle/build/mobile/android/fenix/app/intermediates/apk_for_local_test/debugUnitTest/packageDebugUnitTestForUnitTest/apk-for-local-test.ap_ Binary XML file line #993
W/PackageParser: Unknown element under <service>: property at /work/src/mobile/android/fenix/app/../../../../obj-x86_64/gradle/build/mobile/android/fenix/app/intermediates/apk_for_local_test/debugUnitTest/packageDebugUnitTestForUnitTest/apk-for-local-test.ap_ Binary XML file line #1002
I/glean/Glean: Registering pings for org.mozilla.fenix.GleanMetrics.Pings
E/glean/MetricsPingSched: MetricsPingScheduler last stored ping time was not valid
I/glean/MetricsPingSched: The 'metrics' ping is scheduled for immediate collection, 1787409172870
I/glean/MetricsPingSched: Collecting the 'metrics' ping, now = 1787409172870, startup = true, reason = overdue
D/glean/MetricsPingSched: Scheduling the 'metrics' ping in 48427130ms
D/LifecycleMonitor: Lifecycle status change: androidx.appcompat.app.AppCompatActivity@4775c196 in: PRE_ON_CREATE
D/LifecycleMonitor: Lifecycle status change: androidx.appcompat.app.AppCompatActivity@4775c196 in: CREATED
D [OnboardingTelemetryRecorder] Recording set to default click event, sequenceId: default, sequencePosition: 0
I [ContinuousOnboardingFeatureDefault] Showing notification-permission card dialog.
W/OverlayConfig: partition_order.xml does not exist.
W/PackageParser: Unknown element under <manifest>: queries at /work/src/mobile/android/fenix/app/../../../../obj-x86_64/gradle/build/mobile/android/fenix/app/intermediates/apk_for_local_test/debugUnitTest/packageDebugUnitTestForUnitTest/apk-for-local-test.ap_ Binary XML file line #74
W/PackageParser: Unknown element under <service>: property at /work/src/mobile/android/fenix/app/../../../../obj-x86_64/gradle/build/mobile/android/fenix/app/intermediates/apk_for_local_test/debugUnitTest/packageDebugUnitTestForUnitTest/apk-for-local-test.ap_ Binary XML file line #843
W/PackageParser: Unknown element under <service>: property at /work/src/mobile/android/fenix/app/../../../../obj-x86_64/gradle/build/mobile/android/fenix/app/intermediates/apk_for_local_test/debugUnitTest/packageDebugUnitTestForUnitTest/apk-for-local-test.ap_ Binary XML file line #861
W/PackageParser: Unknown element under <service>: property at /work/src/mobile/android/fenix/app/../../../../obj-x86_64/gradle/build/mobile/android/fenix/app/intermediates/apk_for_local_test/debugUnitTest/packageDebugUnitTestForUnitTest/apk-for-local-test.ap_ Binary XML file line #984
W/PackageParser: Unknown element under <service>: property at /work/src/mobile/android/fenix/app/../../../../obj-x86_64/gradle/build/mobile/android/fenix/app/intermediates/apk_for_local_test/debugUnitTest/packageDebugUnitTestForUnitTest/apk-for-local-test.ap_ Binary XML file line #993
W/PackageParser: Unknown element under <service>: property at /work/src/mobile/android/fenix/app/../../../../obj-x86_64/gradle/build/mobile/android/fenix/app/intermediates/apk_for_local_test/debugUnitTest/packageDebugUnitTestForUnitTest/apk-for-local-test.ap_ Binary XML file line #1002
I/glean/Glean: Registering pings for org.mozilla.fenix.GleanMetrics.Pings
E/glean/MetricsPingSched: MetricsPingScheduler last stored ping time was not valid
I/glean/MetricsPingSched: The 'metrics' ping is scheduled for immediate collection, 1787409172965
I/glean/MetricsPingSched: Collecting the 'metrics' ping, now = 1787409172965, startup = true, reason = overdue
D/glean/MetricsPingSched: Scheduling the 'metrics' ping in 48427035ms
D/LifecycleMonitor: Lifecycle status change: androidx.appcompat.app.AppCompatActivity@2619bc3d in: PRE_ON_CREATE
D/LifecycleMonitor: Lifecycle status change: androidx.appcompat.app.AppCompatActivity@2619bc3d in: CREATED
I [ContinuousOnboardingFeatureDefault] Marking stage as completed: DAY_7
W/OverlayConfig: partition_order.xml does not exist.
W/PackageParser: Unknown element under <manifest>: queries at /work/src/mobile/android/fenix/app/../../../../obj-x86_64/gradle/build/mobile/android/fenix/app/intermediates/apk_for_local_test/debugUnitTest/packageDebugUnitTestForUnitTest/apk-for-local-test.ap_ Binary XML file line #74
W/PackageParser: Unknown element under <service>: property at /work/src/mobile/android/fenix/app/../../../../obj-x86_64/gradle/build/mobile/android/fenix/app/intermediates/apk_for_local_test/debugUnitTest/packageDebugUnitTestForUnitTest/apk-for-local-test.ap_ Binary XML file line #843
W/PackageParser: Unknown element under <service>: property at /work/src/mobile/android/fenix/app/../../../../obj-x86_64/gradle/build/mobile/android/fenix/app/intermediates/apk_for_local_test/debugUnitTest/packageDebugUnitTestForUnitTest/apk-for-local-test.ap_ Binary XML file line #861
W/PackageParser: Unknown element under <service>: property at /work/src/mobile/android/fenix/app/../../../../obj-x86_64/gradle/build/mobile/android/fenix/app/intermediates/apk_for_local_test/debugUnitTest/packageDebugUnitTestForUnitTest/apk-for-local-test.ap_ Binary XML file line #984
W/PackageParser: Unknown element under <service>: property at /work/src/mobile/android/fenix/app/../../../../obj-x86_64/gradle/build/mobile/android/fenix/app/intermediates/apk_for_local_test/debugUnitTest/packageDebugUnitTestForUnitTest/apk-for-local-test.ap_ Binary XML file line #993
W/PackageParser: Unknown element under <service>: property at /work/src/mobile/android/fenix/app/../../../../obj-x86_64/gradle/build/mobile/android/fenix/app/intermediates/apk_for_local_test/debugUnitTest/packageDebugUnitTestForUnitTest/apk-for-local-test.ap_ Binary XML file line #1002
I/glean/Glean: Registering pings for org.mozilla.fenix.GleanMetrics.Pings
E/glean/MetricsPingSched: MetricsPingScheduler last stored ping time was not valid
I/glean/MetricsPingSched: The 'metrics' ping is scheduled for immediate collection, 1787409173062
I/glean/MetricsPingSched: Collecting the 'metrics' ping, now = 1787409173062, startup = true, reason = overdue
D/glean/MetricsPingSched: Scheduling the 'metrics' ping in 48426938ms
D/LifecycleMonitor: Lifecycle status change: androidx.appcompat.app.AppCompatActivity@4576ba7d in: PRE_ON_CREATE
D/LifecycleMonitor: Lifecycle status change: androidx.appcompat.app.AppCompatActivity@4576ba7d in: CREATED
W/OverlayConfig: partition_order.xml does not exist.
W/PackageParser: Unknown element under <manifest>: queries at /work/src/mobile/android/fenix/app/../../../../obj-x86_64/gradle/build/mobile/android/fenix/app/intermediates/apk_for_local_test/debugUnitTest/packageDebugUnitTestForUnitTest/apk-for-local-test.ap_ Binary XML file line #74
W/PackageParser: Unknown element under <service>: property at /work/src/mobile/android/fenix/app/../../../../obj-x86_64/gradle/build/mobile/android/fenix/app/intermediates/apk_for_local_test/debugUnitTest/packageDebugUnitTestForUnitTest/apk-for-local-test.ap_ Binary XML file line #843
W/PackageParser: Unknown element under <service>: property at /work/src/mobile/android/fenix/app/../../../../obj-x86_64/gradle/build/mobile/android/fenix/app/intermediates/apk_for_local_test/debugUnitTest/packageDebugUnitTestForUnitTest/apk-for-local-test.ap_ Binary XML file line #861
W/PackageParser: Unknown element under <service>: property at /work/src/mobile/android/fenix/app/../../../../obj-x86_64/gradle/build/mobile/android/fenix/app/intermediates/apk_for_local_test/debugUnitTest/packageDebugUnitTestForUnitTest/apk-for-local-test.ap_ Binary XML file line #984
W/PackageParser: Unknown element under <service>: property at /work/src/mobile/android/fenix/app/../../../../obj-x86_64/gradle/build/mobile/android/fenix/app/intermediates/apk_for_local_test/debugUnitTest/packageDebugUnitTestForUnitTest/apk-for-local-test.ap_ Binary XML file line #993
W/PackageParser: Unknown element under <service>: property at /work/src/mobile/android/fenix/app/../../../../obj-x86_64/gradle/build/mobile/android/fenix/app/intermediates/apk_for_local_test/debugUnitTest/packageDebugUnitTestForUnitTest/apk-for-local-test.ap_ Binary XML file line #1002
I/glean/Glean: Registering pings for org.mozilla.fenix.GleanMetrics.Pings
E/glean/MetricsPingSched: MetricsPingScheduler last stored ping time was not valid
I/glean/MetricsPingSched: The 'metrics' ping is scheduled for immediate collection, 1787409173147
I/glean/MetricsPingSched: Collecting the 'metrics' ping, now = 1787409173147, startup = true, reason = overdue
D/glean/MetricsPingSched: Scheduling the 'metrics' ping in 48426853ms
D/LifecycleMonitor: Lifecycle status change: androidx.appcompat.app.AppCompatActivity@544c17b3 in: PRE_ON_CREATE
D/LifecycleMonitor: Lifecycle status change: androidx.appcompat.app.AppCompatActivity@544c17b3 in: CREATED
W/OverlayConfig: partition_order.xml does not exist.
W/PackageParser: Unknown element under <manifest>: queries at /work/src/mobile/android/fenix/app/../../../../obj-x86_64/gradle/build/mobile/android/fenix/app/intermediates/apk_for_local_test/debugUnitTest/packageDebugUnitTestForUnitTest/apk-for-local-test.ap_ Binary XML file line #74
W/PackageParser: Unknown element under <service>: property at /work/src/mobile/android/fenix/app/../../../../obj-x86_64/gradle/build/mobile/android/fenix/app/intermediates/apk_for_local_test/debugUnitTest/packageDebugUnitTestForUnitTest/apk-for-local-test.ap_ Binary XML file line #843
W/PackageParser: Unknown element under <service>: property at /work/src/mobile/android/fenix/app/../../../../obj-x86_64/gradle/build/mobile/android/fenix/app/intermediates/apk_for_local_test/debugUnitTest/packageDebugUnitTestForUnitTest/apk-for-local-test.ap_ Binary XML file line #861
W/PackageParser: Unknown element under <service>: property at /work/src/mobile/android/fenix/app/../../../../obj-x86_64/gradle/build/mobile/android/fenix/app/intermediates/apk_for_local_test/debugUnitTest/packageDebugUnitTestForUnitTest/apk-for-local-test.ap_ Binary XML file line #984
W/PackageParser: Unknown element under <service>: property at /work/src/mobile/android/fenix/app/../../../../obj-x86_64/gradle/build/mobile/android/fenix/app/intermediates/apk_for_local_test/debugUnitTest/packageDebugUnitTestForUnitTest/apk-for-local-test.ap_ Binary XML file line #993
W/PackageParser: Unknown element under <service>: property at /work/src/mobile/android/fenix/app/../../../../obj-x86_64/gradle/build/mobile/android/fenix/app/intermediates/apk_for_local_test/debugUnitTest/packageDebugUnitTestForUnitTest/apk-for-local-test.ap_ Binary XML file line #1002
I/glean/Glean: Registering pings for org.mozilla.fenix.GleanMetrics.Pings
E/glean/MetricsPingSched: MetricsPingScheduler last stored ping time was not valid
I/glean/MetricsPingSched: The 'metrics' ping is scheduled for immediate collection, 1787409173238
I/glean/MetricsPingSched: Collecting the 'metrics' ping, now = 1787409173238, startup = true, reason = overdue
D/glean/MetricsPingSched: Scheduling the 'metrics' ping in 48426762ms
D/LifecycleMonitor: Lifecycle status change: androidx.appcompat.app.AppCompatActivity@116af5cb in: PRE_ON_CREATE
D/LifecycleMonitor: Lifecycle status change: androidx.appcompat.app.AppCompatActivity@116af5cb in: CREATED
D [OnboardingTelemetryRecorder] Recording sync sign in click event, sequenceId: sync, sequencePosition: 0
D [OnboardingTelemetryRecorder] Recording onboarding completed event, sequenceId: sync, sequencePosition: 0, dismissedMethod: COMPLETED
W/OverlayConfig: partition_order.xml does not exist.
W/PackageParser: Unknown element under <manifest>: queries at /work/src/mobile/android/fenix/app/../../../../obj-x86_64/gradle/build/mobile/android/fenix/app/intermediates/apk_for_local_test/debugUnitTest/packageDebugUnitTestForUnitTest/apk-for-local-test.ap_ Binary XML file line #74
W/PackageParser: Unknown element under <service>: property at /work/src/mobile/android/fenix/app/../../../../obj-x86_64/gradle/build/mobile/android/fenix/app/intermediates/apk_for_local_test/debugUnitTest/packageDebugUnitTestForUnitTest/apk-for-local-test.ap_ Binary XML file line #843
W/PackageParser: Unknown element under <service>: property at /work/src/mobile/android/fenix/app/../../../../obj-x86_64/gradle/build/mobile/android/fenix/app/intermediates/apk_for_local_test/debugUnitTest/packageDebugUnitTestForUnitTest/apk-for-local-test.ap_ Binary XML file line #861
W/PackageParser: Unknown element under <service>: property at /work/src/mobile/android/fenix/app/../../../../obj-x86_64/gradle/build/mobile/android/fenix/app/intermediates/apk_for_local_test/debugUnitTest/packageDebugUnitTestForUnitTest/apk-for-local-test.ap_ Binary XML file line #984
W/PackageParser: Unknown element under <service>: property at /work/src/mobile/android/fenix/app/../../../../obj-x86_64/gradle/build/mobile/android/fenix/app/intermediates/apk_for_local_test/debugUnitTest/packageDebugUnitTestForUnitTest/apk-for-local-test.ap_ Binary XML file line #993
W/PackageParser: Unknown element under <service>: property at /work/src/mobile/android/fenix/app/../../../../obj-x86_64/gradle/build/mobile/android/fenix/app/intermediates/apk_for_local_test/debugUnitTest/packageDebugUnitTestForUnitTest/apk-for-local-test.ap_ Binary XML file line #1002
I/glean/Glean: Registering pings for org.mozilla.fenix.GleanMetrics.Pings
E/glean/MetricsPingSched: MetricsPingScheduler last stored ping time was not valid
I/glean/MetricsPingSched: The 'metrics' ping is scheduled for immediate collection, 1787409173336
I/glean/MetricsPingSched: Collecting the 'metrics' ping, now = 1787409173336, startup = true, reason = overdue
D/glean/MetricsPingSched: Scheduling the 'metrics' ping in 48426664ms
D/LifecycleMonitor: Lifecycle status change: androidx.appcompat.app.AppCompatActivity@6770cd9c in: PRE_ON_CREATE
D/LifecycleMonitor: Lifecycle status change: androidx.appcompat.app.AppCompatActivity@6770cd9c in: CREATED
W/OverlayConfig: partition_order.xml does not exist.
W/PackageParser: Unknown element under <manifest>: queries at /work/src/mobile/android/fenix/app/../../../../obj-x86_64/gradle/build/mobile/android/fenix/app/intermediates/apk_for_local_test/debugUnitTest/packageDebugUnitTestForUnitTest/apk-for-local-test.ap_ Binary XML file line #74
W/PackageParser: Unknown element under <service>: property at /work/src/mobile/android/fenix/app/../../../../obj-x86_64/gradle/build/mobile/android/fenix/app/intermediates/apk_for_local_test/debugUnitTest/packageDebugUnitTestForUnitTest/apk-for-local-test.ap_ Binary XML file line #843
W/PackageParser: Unknown element under <service>: property at /work/src/mobile/android/fenix/app/../../../../obj-x86_64/gradle/build/mobile/android/fenix/app/intermediates/apk_for_local_test/debugUnitTest/packageDebugUnitTestForUnitTest/apk-for-local-test.ap_ Binary XML file line #861
W/PackageParser: Unknown element under <service>: property at /work/src/mobile/android/fenix/app/../../../../obj-x86_64/gradle/build/mobile/android/fenix/app/intermediates/apk_for_local_test/debugUnitTest/packageDebugUnitTestForUnitTest/apk-for-local-test.ap_ Binary XML file line #984
W/PackageParser: Unknown element under <service>: property at /work/src/mobile/android/fenix/app/../../../../obj-x86_64/gradle/build/mobile/android/fenix/app/intermediates/apk_for_local_test/debugUnitTest/packageDebugUnitTestForUnitTest/apk-for-local-test.ap_ Binary XML file line #993
W/PackageParser: Unknown element under <service>: property at /work/src/mobile/android/fenix/app/../../../../obj-x86_64/gradle/build/mobile/android/fenix/app/intermediates/apk_for_local_test/debugUnitTest/packageDebugUnitTestForUnitTest/apk-for-local-test.ap_ Binary XML file line #1002
I/glean/Glean: Registering pings for org.mozilla.fenix.GleanMetrics.Pings
E/glean/MetricsPingSched: MetricsPingScheduler last stored ping time was not valid
I/glean/MetricsPingSched: The 'metrics' ping is scheduled for immediate collection, 1787409173425
I/glean/MetricsPingSched: Collecting the 'metrics' ping, now = 1787409173425, startup = true, reason = overdue
D/glean/MetricsPingSched: Scheduling the 'metrics' ping in 48426575ms
D/LifecycleMonitor: Lifecycle status change: androidx.appcompat.app.AppCompatActivity@6dbfa390 in: PRE_ON_CREATE
D/LifecycleMonitor: Lifecycle status change: androidx.appcompat.app.AppCompatActivity@6dbfa390 in: CREATED
W/OverlayConfig: partition_order.xml does not exist.
W/PackageParser: Unknown element under <manifest>: queries at /work/src/mobile/android/fenix/app/../../../../obj-x86_64/gradle/build/mobile/android/fenix/app/intermediates/apk_for_local_test/debugUnitTest/packageDebugUnitTestForUnitTest/apk-for-local-test.ap_ Binary XML file line #74
W/PackageParser: Unknown element under <service>: property at /work/src/mobile/android/fenix/app/../../../../obj-x86_64/gradle/build/mobile/android/fenix/app/intermediates/apk_for_local_test/debugUnitTest/packageDebugUnitTestForUnitTest/apk-for-local-test.ap_ Binary XML file line #843
W/PackageParser: Unknown element under <service>: property at /work/src/mobile/android/fenix/app/../../../../obj-x86_64/gradle/build/mobile/android/fenix/app/intermediates/apk_for_local_test/debugUnitTest/packageDebugUnitTestForUnitTest/apk-for-local-test.ap_ Binary XML file line #861
W/PackageParser: Unknown element under <service>: property at /work/src/mobile/android/fenix/app/../../../../obj-x86_64/gradle/build/mobile/android/fenix/app/intermediates/apk_for_local_test/debugUnitTest/packageDebugUnitTestForUnitTest/apk-for-local-test.ap_ Binary XML file line #984
W/PackageParser: Unknown element under <service>: property at /work/src/mobile/android/fenix/app/../../../../obj-x86_64/gradle/build/mobile/android/fenix/app/intermediates/apk_for_local_test/debugUnitTest/packageDebugUnitTestForUnitTest/apk-for-local-test.ap_ Binary XML file line #993
W/PackageParser: Unknown element under <service>: property at /work/src/mobile/android/fenix/app/../../../../obj-x86_64/gradle/build/mobile/android/fenix/app/intermediates/apk_for_local_test/debugUnitTest/packageDebugUnitTestForUnitTest/apk-for-local-test.ap_ Binary XML file line #1002
I/glean/Glean: Registering pings for org.mozilla.fenix.GleanMetrics.Pings
E/glean/MetricsPingSched: MetricsPingScheduler last stored ping time was not valid
I/glean/MetricsPingSched: The 'metrics' ping is scheduled for immediate collection, 1787409173517
I/glean/MetricsPingSched: Collecting the 'metrics' ping, now = 1787409173517, startup = true, reason = overdue
D/glean/MetricsPingSched: Scheduling the 'metrics' ping in 48426483ms
D/LifecycleMonitor: Lifecycle status change: androidx.appcompat.app.AppCompatActivity@270a833e in: PRE_ON_CREATE
D/LifecycleMonitor: Lifecycle status change: androidx.appcompat.app.AppCompatActivity@270a833e in: CREATED
W/OverlayConfig: partition_order.xml does not exist.
W/PackageParser: Unknown element under <manifest>: queries at /work/src/mobile/android/fenix/app/../../../../obj-x86_64/gradle/build/mobile/android/fenix/app/intermediates/apk_for_local_test/debugUnitTest/packageDebugUnitTestForUnitTest/apk-for-local-test.ap_ Binary XML file line #74
W/PackageParser: Unknown element under <service>: property at /work/src/mobile/android/fenix/app/../../../../obj-x86_64/gradle/build/mobile/android/fenix/app/intermediates/apk_for_local_test/debugUnitTest/packageDebugUnitTestForUnitTest/apk-for-local-test.ap_ Binary XML file line #843
W/PackageParser: Unknown element under <service>: property at /work/src/mobile/android/fenix/app/../../../../obj-x86_64/gradle/build/mobile/android/fenix/app/intermediates/apk_for_local_test/debugUnitTest/packageDebugUnitTestForUnitTest/apk-for-local-test.ap_ Binary XML file line #861
W/PackageParser: Unknown element under <service>: property at /work/src/mobile/android/fenix/app/../../../../obj-x86_64/gradle/build/mobile/android/fenix/app/intermediates/apk_for_local_test/debugUnitTest/packageDebugUnitTestForUnitTest/apk-for-local-test.ap_ Binary XML file line #984
W/PackageParser: Unknown element under <service>: property at /work/src/mobile/android/fenix/app/../../../../obj-x86_64/gradle/build/mobile/android/fenix/app/intermediates/apk_for_local_test/debugUnitTest/packageDebugUnitTestForUnitTest/apk-for-local-test.ap_ Binary XML file line #993
W/PackageParser: Unknown element under <service>: property at /work/src/mobile/android/fenix/app/../../../../obj-x86_64/gradle/build/mobile/android/fenix/app/intermediates/apk_for_local_test/debugUnitTest/packageDebugUnitTestForUnitTest/apk-for-local-test.ap_ Binary XML file line #1002
I/glean/Glean: Registering pings for org.mozilla.fenix.GleanMetrics.Pings
E/glean/MetricsPingSched: MetricsPingScheduler last stored ping time was not valid
I/glean/MetricsPingSched: The 'metrics' ping is scheduled for immediate collection, 1787409173608
I/glean/MetricsPingSched: Collecting the 'metrics' ping, now = 1787409173608, startup = true, reason = overdue
D/glean/MetricsPingSched: Scheduling the 'metrics' ping in 48426392ms
D/LifecycleMonitor: Lifecycle status change: androidx.appcompat.app.AppCompatActivity@56a10b05 in: PRE_ON_CREATE
D/LifecycleMonitor: Lifecycle status change: androidx.appcompat.app.AppCompatActivity@56a10b05 in: CREATED
I [ContinuousOnboardingFeatureDefault] Showing notification-permission card dialog.
W/OverlayConfig: partition_order.xml does not exist.
W/PackageParser: Unknown element under <manifest>: queries at /work/src/mobile/android/fenix/app/../../../../obj-x86_64/gradle/build/mobile/android/fenix/app/intermediates/apk_for_local_test/debugUnitTest/packageDebugUnitTestForUnitTest/apk-for-local-test.ap_ Binary XML file line #74
W/PackageParser: Unknown element under <service>: property at /work/src/mobile/android/fenix/app/../../../../obj-x86_64/gradle/build/mobile/android/fenix/app/intermediates/apk_for_local_test/debugUnitTest/packageDebugUnitTestForUnitTest/apk-for-local-test.ap_ Binary XML file line #843
W/PackageParser: Unknown element under <service>: property at /work/src/mobile/android/fenix/app/../../../../obj-x86_64/gradle/build/mobile/android/fenix/app/intermediates/apk_for_local_test/debugUnitTest/packageDebugUnitTestForUnitTest/apk-for-local-test.ap_ Binary XML file line #861
W/PackageParser: Unknown element under <service>: property at /work/src/mobile/android/fenix/app/../../../../obj-x86_64/gradle/build/mobile/android/fenix/app/intermediates/apk_for_local_test/debugUnitTest/packageDebugUnitTestForUnitTest/apk-for-local-test.ap_ Binary XML file line #984
W/PackageParser: Unknown element under <service>: property at /work/src/mobile/android/fenix/app/../../../../obj-x86_64/gradle/build/mobile/android/fenix/app/intermediates/apk_for_local_test/debugUnitTest/packageDebugUnitTestForUnitTest/apk-for-local-test.ap_ Binary XML file line #993
W/PackageParser: Unknown element under <service>: property at /work/src/mobile/android/fenix/app/../../../../obj-x86_64/gradle/build/mobile/android/fenix/app/intermediates/apk_for_local_test/debugUnitTest/packageDebugUnitTestForUnitTest/apk-for-local-test.ap_ Binary XML file line #1002
I/glean/Glean: Registering pings for org.mozilla.fenix.GleanMetrics.Pings
E/glean/MetricsPingSched: MetricsPingScheduler last stored ping time was not valid
I/glean/MetricsPingSched: The 'metrics' ping is scheduled for immediate collection, 1787409173692
I/glean/MetricsPingSched: Collecting the 'metrics' ping, now = 1787409173692, startup = true, reason = overdue
D/glean/MetricsPingSched: Scheduling the 'metrics' ping in 48426308ms
D/LifecycleMonitor: Lifecycle status change: androidx.appcompat.app.AppCompatActivity@3d0340ab in: PRE_ON_CREATE
D/LifecycleMonitor: Lifecycle status change: androidx.appcompat.app.AppCompatActivity@3d0340ab in: CREATED
D [OnboardingTelemetryRecorder] Recording on impression event, sequenceId: notification, pageType: NOTIFICATION_PERMISSION, sequencePosition: 0
W/OverlayConfig: partition_order.xml does not exist.
W/PackageParser: Unknown element under <manifest>: queries at /work/src/mobile/android/fenix/app/../../../../obj-x86_64/gradle/build/mobile/android/fenix/app/intermediates/apk_for_local_test/debugUnitTest/packageDebugUnitTestForUnitTest/apk-for-local-test.ap_ Binary XML file line #74
W/PackageParser: Unknown element under <service>: property at /work/src/mobile/android/fenix/app/../../../../obj-x86_64/gradle/build/mobile/android/fenix/app/intermediates/apk_for_local_test/debugUnitTest/packageDebugUnitTestForUnitTest/apk-for-local-test.ap_ Binary XML file line #843
W/PackageParser: Unknown element under <service>: property at /work/src/mobile/android/fenix/app/../../../../obj-x86_64/gradle/build/mobile/android/fenix/app/intermediates/apk_for_local_test/debugUnitTest/packageDebugUnitTestForUnitTest/apk-for-local-test.ap_ Binary XML file line #861
W/PackageParser: Unknown element under <service>: property at /work/src/mobile/android/fenix/app/../../../../obj-x86_64/gradle/build/mobile/android/fenix/app/intermediates/apk_for_local_test/debugUnitTest/packageDebugUnitTestForUnitTest/apk-for-local-test.ap_ Binary XML file line #984
W/PackageParser: Unknown element under <service>: property at /work/src/mobile/android/fenix/app/../../../../obj-x86_64/gradle/build/mobile/android/fenix/app/intermediates/apk_for_local_test/debugUnitTest/packageDebugUnitTestForUnitTest/apk-for-local-test.ap_ Binary XML file line #993
W/PackageParser: Unknown element under <service>: property at /work/src/mobile/android/fenix/app/../../../../obj-x86_64/gradle/build/mobile/android/fenix/app/intermediates/apk_for_local_test/debugUnitTest/packageDebugUnitTestForUnitTest/apk-for-local-test.ap_ Binary XML file line #1002
I/glean/Glean: Registering pings for org.mozilla.fenix.GleanMetrics.Pings
E/glean/MetricsPingSched: MetricsPingScheduler last stored ping time was not valid
I/glean/MetricsPingSched: The 'metrics' ping is scheduled for immediate collection, 1787409173773
I/glean/MetricsPingSched: Collecting the 'metrics' ping, now = 1787409173773, startup = true, reason = overdue
D/glean/MetricsPingSched: Scheduling the 'metrics' ping in 48426227ms
D/LifecycleMonitor: Lifecycle status change: androidx.appcompat.app.AppCompatActivity@3309f8b9 in: PRE_ON_CREATE
D/LifecycleMonitor: Lifecycle status change: androidx.appcompat.app.AppCompatActivity@3309f8b9 in: CREATED
D [OnboardingTelemetryRecorder] Recording skip notification permission click event, sequenceId: notification, sequencePosition: 0, elementType: secondary_button
W/OverlayConfig: partition_order.xml does not exist.
W/PackageParser: Unknown element under <manifest>: queries at /work/src/mobile/android/fenix/app/../../../../obj-x86_64/gradle/build/mobile/android/fenix/app/intermediates/apk_for_local_test/debugUnitTest/packageDebugUnitTestForUnitTest/apk-for-local-test.ap_ Binary XML file line #74
W/PackageParser: Unknown element under <service>: property at /work/src/mobile/android/fenix/app/../../../../obj-x86_64/gradle/build/mobile/android/fenix/app/intermediates/apk_for_local_test/debugUnitTest/packageDebugUnitTestForUnitTest/apk-for-local-test.ap_ Binary XML file line #843
W/PackageParser: Unknown element under <service>: property at /work/src/mobile/android/fenix/app/../../../../obj-x86_64/gradle/build/mobile/android/fenix/app/intermediates/apk_for_local_test/debugUnitTest/packageDebugUnitTestForUnitTest/apk-for-local-test.ap_ Binary XML file line #861
W/PackageParser: Unknown element under <service>: property at /work/src/mobile/android/fenix/app/../../../../obj-x86_64/gradle/build/mobile/android/fenix/app/intermediates/apk_for_local_test/debugUnitTest/packageDebugUnitTestForUnitTest/apk-for-local-test.ap_ Binary XML file line #984
W/PackageParser: Unknown element under <service>: property at /work/src/mobile/android/fenix/app/../../../../obj-x86_64/gradle/build/mobile/android/fenix/app/intermediates/apk_for_local_test/debugUnitTest/packageDebugUnitTestForUnitTest/apk-for-local-test.ap_ Binary XML file line #993
W/PackageParser: Unknown element under <service>: property at /work/src/mobile/android/fenix/app/../../../../obj-x86_64/gradle/build/mobile/android/fenix/app/intermediates/apk_for_local_test/debugUnitTest/packageDebugUnitTestForUnitTest/apk-for-local-test.ap_ Binary XML file line #1002
I/glean/Glean: Registering pings for org.mozilla.fenix.GleanMetrics.Pings
E/glean/MetricsPingSched: MetricsPingScheduler last stored ping time was not valid
I/glean/MetricsPingSched: The 'metrics' ping is scheduled for immediate collection, 1787409173858
I/glean/MetricsPingSched: Collecting the 'metrics' ping, now = 1787409173858, startup = true, reason = overdue
D/glean/MetricsPingSched: Scheduling the 'metrics' ping in 48426142ms
D/LifecycleMonitor: Lifecycle status change: androidx.appcompat.app.AppCompatActivity@1838935f in: PRE_ON_CREATE
D/LifecycleMonitor: Lifecycle status change: androidx.appcompat.app.AppCompatActivity@1838935f in: CREATED
D [OnboardingTelemetryRecorder] Recording notification permission click event, sequenceId: notification, sequencePosition: 0
W/OverlayConfig: partition_order.xml does not exist.
W/PackageParser: Unknown element under <manifest>: queries at /work/src/mobile/android/fenix/app/../../../../obj-x86_64/gradle/build/mobile/android/fenix/app/intermediates/apk_for_local_test/debugUnitTest/packageDebugUnitTestForUnitTest/apk-for-local-test.ap_ Binary XML file line #74
W/PackageParser: Unknown element under <service>: property at /work/src/mobile/android/fenix/app/../../../../obj-x86_64/gradle/build/mobile/android/fenix/app/intermediates/apk_for_local_test/debugUnitTest/packageDebugUnitTestForUnitTest/apk-for-local-test.ap_ Binary XML file line #843
W/PackageParser: Unknown element under <service>: property at /work/src/mobile/android/fenix/app/../../../../obj-x86_64/gradle/build/mobile/android/fenix/app/intermediates/apk_for_local_test/debugUnitTest/packageDebugUnitTestForUnitTest/apk-for-local-test.ap_ Binary XML file line #861
W/PackageParser: Unknown element under <service>: property at /work/src/mobile/android/fenix/app/../../../../obj-x86_64/gradle/build/mobile/android/fenix/app/intermediates/apk_for_local_test/debugUnitTest/packageDebugUnitTestForUnitTest/apk-for-local-test.ap_ Binary XML file line #984
W/PackageParser: Unknown element under <service>: property at /work/src/mobile/android/fenix/app/../../../../obj-x86_64/gradle/build/mobile/android/fenix/app/intermediates/apk_for_local_test/debugUnitTest/packageDebugUnitTestForUnitTest/apk-for-local-test.ap_ Binary XML file line #993
W/PackageParser: Unknown element under <service>: property at /work/src/mobile/android/fenix/app/../../../../obj-x86_64/gradle/build/mobile/android/fenix/app/intermediates/apk_for_local_test/debugUnitTest/packageDebugUnitTestForUnitTest/apk-for-local-test.ap_ Binary XML file line #1002
I/glean/Glean: Registering pings for org.mozilla.fenix.GleanMetrics.Pings
E/glean/MetricsPingSched: MetricsPingScheduler last stored ping time was not valid
I/glean/MetricsPingSched: The 'metrics' ping is scheduled for immediate collection, 1787409173943
I/glean/MetricsPingSched: Collecting the 'metrics' ping, now = 1787409173943, startup = true, reason = overdue
D/glean/MetricsPingSched: Scheduling the 'metrics' ping in 48426057ms
D/LifecycleMonitor: Lifecycle status change: androidx.appcompat.app.AppCompatActivity@7d89b786 in: PRE_ON_CREATE
D/LifecycleMonitor: Lifecycle status change: androidx.appcompat.app.AppCompatActivity@7d89b786 in: CREATED
I [ContinuousOnboardingFeatureDefault] Marking stage as completed: NONE
W/OverlayConfig: partition_order.xml does not exist.
W/PackageParser: Unknown element under <manifest>: queries at /work/src/mobile/android/fenix/app/../../../../obj-x86_64/gradle/build/mobile/android/fenix/app/intermediates/apk_for_local_test/debugUnitTest/packageDebugUnitTestForUnitTest/apk-for-local-test.ap_ Binary XML file line #74
W/PackageParser: Unknown element under <service>: property at /work/src/mobile/android/fenix/app/../../../../obj-x86_64/gradle/build/mobile/android/fenix/app/intermediates/apk_for_local_test/debugUnitTest/packageDebugUnitTestForUnitTest/apk-for-local-test.ap_ Binary XML file line #843
W/PackageParser: Unknown element under <service>: property at /work/src/mobile/android/fenix/app/../../../../obj-x86_64/gradle/build/mobile/android/fenix/app/intermediates/apk_for_local_test/debugUnitTest/packageDebugUnitTestForUnitTest/apk-for-local-test.ap_ Binary XML file line #861
W/PackageParser: Unknown element under <service>: property at /work/src/mobile/android/fenix/app/../../../../obj-x86_64/gradle/build/mobile/android/fenix/app/intermediates/apk_for_local_test/debugUnitTest/packageDebugUnitTestForUnitTest/apk-for-local-test.ap_ Binary XML file line #984
W/PackageParser: Unknown element under <service>: property at /work/src/mobile/android/fenix/app/../../../../obj-x86_64/gradle/build/mobile/android/fenix/app/intermediates/apk_for_local_test/debugUnitTest/packageDebugUnitTestForUnitTest/apk-for-local-test.ap_ Binary XML file line #993
W/PackageParser: Unknown element under <service>: property at /work/src/mobile/android/fenix/app/../../../../obj-x86_64/gradle/build/mobile/android/fenix/app/intermediates/apk_for_local_test/debugUnitTest/packageDebugUnitTestForUnitTest/apk-for-local-test.ap_ Binary XML file line #1002
I/glean/Glean: Registering pings for org.mozilla.fenix.GleanMetrics.Pings
E/glean/MetricsPingSched: MetricsPingScheduler last stored ping time was not valid
I/glean/MetricsPingSched: The 'metrics' ping is scheduled for immediate collection, 1787409174021
I/glean/MetricsPingSched: Collecting the 'metrics' ping, now = 1787409174021, startup = true, reason = overdue
D/glean/MetricsPingSched: Scheduling the 'metrics' ping in 48425979ms
D/LifecycleMonitor: Lifecycle status change: androidx.appcompat.app.AppCompatActivity@56a8e7c5 in: PRE_ON_CREATE
D/LifecycleMonitor: Lifecycle status change: androidx.appcompat.app.AppCompatActivity@56a8e7c5 in: CREATED
W/OverlayConfig: partition_order.xml does not exist.
W/PackageParser: Unknown element under <manifest>: queries at /work/src/mobile/android/fenix/app/../../../../obj-x86_64/gradle/build/mobile/android/fenix/app/intermediates/apk_for_local_test/debugUnitTest/packageDebugUnitTestForUnitTest/apk-for-local-test.ap_ Binary XML file line #74
W/PackageParser: Unknown element under <service>: property at /work/src/mobile/android/fenix/app/../../../../obj-x86_64/gradle/build/mobile/android/fenix/app/intermediates/apk_for_local_test/debugUnitTest/packageDebugUnitTestForUnitTest/apk-for-local-test.ap_ Binary XML file line #843
W/PackageParser: Unknown element under <service>: property at /work/src/mobile/android/fenix/app/../../../../obj-x86_64/gradle/build/mobile/android/fenix/app/intermediates/apk_for_local_test/debugUnitTest/packageDebugUnitTestForUnitTest/apk-for-local-test.ap_ Binary XML file line #861
W/PackageParser: Unknown element under <service>: property at /work/src/mobile/android/fenix/app/../../../../obj-x86_64/gradle/build/mobile/android/fenix/app/intermediates/apk_for_local_test/debugUnitTest/packageDebugUnitTestForUnitTest/apk-for-local-test.ap_ Binary XML file line #984
W/PackageParser: Unknown element under <service>: property at /work/src/mobile/android/fenix/app/../../../../obj-x86_64/gradle/build/mobile/android/fenix/app/intermediates/apk_for_local_test/debugUnitTest/packageDebugUnitTestForUnitTest/apk-for-local-test.ap_ Binary XML file line #993
W/PackageParser: Unknown element under <service>: property at /work/src/mobile/android/fenix/app/../../../../obj-x86_64/gradle/build/mobile/android/fenix/app/intermediates/apk_for_local_test/debugUnitTest/packageDebugUnitTestForUnitTest/apk-for-local-test.ap_ Binary XML file line #1002
I/glean/Glean: Registering pings for org.mozilla.fenix.GleanMetrics.Pings
E/glean/MetricsPingSched: MetricsPingScheduler last stored ping time was not valid
I/glean/MetricsPingSched: The 'metrics' ping is scheduled for immediate collection, 1787409174112
I/glean/MetricsPingSched: Collecting the 'metrics' ping, now = 1787409174112, startup = true, reason = overdue
D/glean/MetricsPingSched: Scheduling the 'metrics' ping in 48425888ms
D/LifecycleMonitor: Lifecycle status change: androidx.appcompat.app.AppCompatActivity@7cce7566 in: PRE_ON_CREATE
D/LifecycleMonitor: Lifecycle status change: androidx.appcompat.app.AppCompatActivity@7cce7566 in: CREATED
D [OnboardingTelemetryRecorder] Recording on impression event, sequenceId: sync, pageType: SYNC_SIGN_IN, sequencePosition: 0
W/OverlayConfig: partition_order.xml does not exist.
W/PackageParser: Unknown element under <manifest>: queries at /work/src/mobile/android/fenix/app/../../../../obj-x86_64/gradle/build/mobile/android/fenix/app/intermediates/apk_for_local_test/debugUnitTest/packageDebugUnitTestForUnitTest/apk-for-local-test.ap_ Binary XML file line #74
W/PackageParser: Unknown element under <service>: property at /work/src/mobile/android/fenix/app/../../../../obj-x86_64/gradle/build/mobile/android/fenix/app/intermediates/apk_for_local_test/debugUnitTest/packageDebugUnitTestForUnitTest/apk-for-local-test.ap_ Binary XML file line #843
W/PackageParser: Unknown element under <service>: property at /work/src/mobile/android/fenix/app/../../../../obj-x86_64/gradle/build/mobile/android/fenix/app/intermediates/apk_for_local_test/debugUnitTest/packageDebugUnitTestForUnitTest/apk-for-local-test.ap_ Binary XML file line #861
W/PackageParser: Unknown element under <service>: property at /work/src/mobile/android/fenix/app/../../../../obj-x86_64/gradle/build/mobile/android/fenix/app/intermediates/apk_for_local_test/debugUnitTest/packageDebugUnitTestForUnitTest/apk-for-local-test.ap_ Binary XML file line #984
W/PackageParser: Unknown element under <service>: property at /work/src/mobile/android/fenix/app/../../../../obj-x86_64/gradle/build/mobile/android/fenix/app/intermediates/apk_for_local_test/debugUnitTest/packageDebugUnitTestForUnitTest/apk-for-local-test.ap_ Binary XML file line #993
W/PackageParser: Unknown element under <service>: property at /work/src/mobile/android/fenix/app/../../../../obj-x86_64/gradle/build/mobile/android/fenix/app/intermediates/apk_for_local_test/debugUnitTest/packageDebugUnitTestForUnitTest/apk-for-local-test.ap_ Binary XML file line #1002
I/glean/Glean: Registering pings for org.mozilla.fenix.GleanMetrics.Pings
E/glean/MetricsPingSched: MetricsPingScheduler last stored ping time was not valid
I/glean/MetricsPingSched: The 'metrics' ping is scheduled for immediate collection, 1787409174190
I/glean/MetricsPingSched: Collecting the 'metrics' ping, now = 1787409174190, startup = true, reason = overdue
D/glean/MetricsPingSched: Scheduling the 'metrics' ping in 48425810ms
D/LifecycleMonitor: Lifecycle status change: androidx.appcompat.app.AppCompatActivity@3ac5a506 in: PRE_ON_CREATE
D/LifecycleMonitor: Lifecycle status change: androidx.appcompat.app.AppCompatActivity@3ac5a506 in: CREATED
I [ContinuousOnboardingFeatureDefault] Marking stage as completed: DAY_3
W/OverlayConfig: partition_order.xml does not exist.
W/PackageParser: Unknown element under <manifest>: queries at /work/src/mobile/android/fenix/app/../../../../obj-x86_64/gradle/build/mobile/android/fenix/app/intermediates/apk_for_local_test/debugUnitTest/packageDebugUnitTestForUnitTest/apk-for-local-test.ap_ Binary XML file line #74
W/PackageParser: Unknown element under <service>: property at /work/src/mobile/android/fenix/app/../../../../obj-x86_64/gradle/build/mobile/android/fenix/app/intermediates/apk_for_local_test/debugUnitTest/packageDebugUnitTestForUnitTest/apk-for-local-test.ap_ Binary XML file line #843
W/PackageParser: Unknown element under <service>: property at /work/src/mobile/android/fenix/app/../../../../obj-x86_64/gradle/build/mobile/android/fenix/app/intermediates/apk_for_local_test/debugUnitTest/packageDebugUnitTestForUnitTest/apk-for-local-test.ap_ Binary XML file line #861
W/PackageParser: Unknown element under <service>: property at /work/src/mobile/android/fenix/app/../../../../obj-x86_64/gradle/build/mobile/android/fenix/app/intermediates/apk_for_local_test/debugUnitTest/packageDebugUnitTestForUnitTest/apk-for-local-test.ap_ Binary XML file line #984
W/PackageParser: Unknown element under <service>: property at /work/src/mobile/android/fenix/app/../../../../obj-x86_64/gradle/build/mobile/android/fenix/app/intermediates/apk_for_local_test/debugUnitTest/packageDebugUnitTestForUnitTest/apk-for-local-test.ap_ Binary XML file line #993
W/PackageParser: Unknown element under <service>: property at /work/src/mobile/android/fenix/app/../../../../obj-x86_64/gradle/build/mobile/android/fenix/app/intermediates/apk_for_local_test/debugUnitTest/packageDebugUnitTestForUnitTest/apk-for-local-test.ap_ Binary XML file line #1002
I/glean/Glean: Registering pings for org.mozilla.fenix.GleanMetrics.Pings
E/glean/MetricsPingSched: MetricsPingScheduler last stored ping time was not valid
I/glean/MetricsPingSched: The 'metrics' ping is scheduled for immediate collection, 1787409174276
I/glean/MetricsPingSched: Collecting the 'metrics' ping, now = 1787409174276, startup = true, reason = overdue
D/glean/MetricsPingSched: Scheduling the 'metrics' ping in 48425724ms
D/LifecycleMonitor: Lifecycle status change: androidx.appcompat.app.AppCompatActivity@5e05dda5 in: PRE_ON_CREATE
D/LifecycleMonitor: Lifecycle status change: androidx.appcompat.app.AppCompatActivity@5e05dda5 in: CREATED
I [ContinuousOnboardingFeatureDefault] Marking stage as completed: DAY_2
W/OverlayConfig: partition_order.xml does not exist.
W/PackageParser: Unknown element under <manifest>: queries at /work/src/mobile/android/fenix/app/../../../../obj-x86_64/gradle/build/mobile/android/fenix/app/intermediates/apk_for_local_test/debugUnitTest/packageDebugUnitTestForUnitTest/apk-for-local-test.ap_ Binary XML file line #74
W/PackageParser: Unknown element under <service>: property at /work/src/mobile/android/fenix/app/../../../../obj-x86_64/gradle/build/mobile/android/fenix/app/intermediates/apk_for_local_test/debugUnitTest/packageDebugUnitTestForUnitTest/apk-for-local-test.ap_ Binary XML file line #843
W/PackageParser: Unknown element under <service>: property at /work/src/mobile/android/fenix/app/../../../../obj-x86_64/gradle/build/mobile/android/fenix/app/intermediates/apk_for_local_test/debugUnitTest/packageDebugUnitTestForUnitTest/apk-for-local-test.ap_ Binary XML file line #861
W/PackageParser: Unknown element under <service>: property at /work/src/mobile/android/fenix/app/../../../../obj-x86_64/gradle/build/mobile/android/fenix/app/intermediates/apk_for_local_test/debugUnitTest/packageDebugUnitTestForUnitTest/apk-for-local-test.ap_ Binary XML file line #984
W/PackageParser: Unknown element under <service>: property at /work/src/mobile/android/fenix/app/../../../../obj-x86_64/gradle/build/mobile/android/fenix/app/intermediates/apk_for_local_test/debugUnitTest/packageDebugUnitTestForUnitTest/apk-for-local-test.ap_ Binary XML file line #993
W/PackageParser: Unknown element under <service>: property at /work/src/mobile/android/fenix/app/../../../../obj-x86_64/gradle/build/mobile/android/fenix/app/intermediates/apk_for_local_test/debugUnitTest/packageDebugUnitTestForUnitTest/apk-for-local-test.ap_ Binary XML file line #1002
I/glean/Glean: Registering pings for org.mozilla.fenix.GleanMetrics.Pings
E/glean/MetricsPingSched: MetricsPingScheduler last stored ping time was not valid
I/glean/MetricsPingSched: The 'metrics' ping is scheduled for immediate collection, 1787409174360
I/glean/MetricsPingSched: Collecting the 'metrics' ping, now = 1787409174360, startup = true, reason = overdue
D/glean/MetricsPingSched: Scheduling the 'metrics' ping in 48425640ms
D/LifecycleMonitor: Lifecycle status change: androidx.appcompat.app.AppCompatActivity@1ed28efa in: PRE_ON_CREATE
D/LifecycleMonitor: Lifecycle status change: androidx.appcompat.app.AppCompatActivity@1ed28efa in: CREATED
D [OnboardingTelemetryRecorder] Recording set to default click event, sequenceId: default, sequencePosition: 0
I [ContinuousOnboardingFeatureDefault] Showing notification-permission card dialog.
W/OverlayConfig: partition_order.xml does not exist.
W/PackageParser: Unknown element under <manifest>: queries at /work/src/mobile/android/fenix/app/../../../../obj-x86_64/gradle/build/mobile/android/fenix/app/intermediates/apk_for_local_test/debugUnitTest/packageDebugUnitTestForUnitTest/apk-for-local-test.ap_ Binary XML file line #74
W/PackageParser: Unknown element under <service>: property at /work/src/mobile/android/fenix/app/../../../../obj-x86_64/gradle/build/mobile/android/fenix/app/intermediates/apk_for_local_test/debugUnitTest/packageDebugUnitTestForUnitTest/apk-for-local-test.ap_ Binary XML file line #843
W/PackageParser: Unknown element under <service>: property at /work/src/mobile/android/fenix/app/../../../../obj-x86_64/gradle/build/mobile/android/fenix/app/intermediates/apk_for_local_test/debugUnitTest/packageDebugUnitTestForUnitTest/apk-for-local-test.ap_ Binary XML file line #861
W/PackageParser: Unknown element under <service>: property at /work/src/mobile/android/fenix/app/../../../../obj-x86_64/gradle/build/mobile/android/fenix/app/intermediates/apk_for_local_test/debugUnitTest/packageDebugUnitTestForUnitTest/apk-for-local-test.ap_ Binary XML file line #984
W/PackageParser: Unknown element under <service>: property at /work/src/mobile/android/fenix/app/../../../../obj-x86_64/gradle/build/mobile/android/fenix/app/intermediates/apk_for_local_test/debugUnitTest/packageDebugUnitTestForUnitTest/apk-for-local-test.ap_ Binary XML file line #993
W/PackageParser: Unknown element under <service>: property at /work/src/mobile/android/fenix/app/../../../../obj-x86_64/gradle/build/mobile/android/fenix/app/intermediates/apk_for_local_test/debugUnitTest/packageDebugUnitTestForUnitTest/apk-for-local-test.ap_ Binary XML file line #1002
I/glean/Glean: Registering pings for org.mozilla.fenix.GleanMetrics.Pings
E/glean/MetricsPingSched: MetricsPingScheduler last stored ping time was not valid
I/glean/MetricsPingSched: The 'metrics' ping is scheduled for immediate collection, 1787409174444
I/glean/MetricsPingSched: Collecting the 'metrics' ping, now = 1787409174444, startup = true, reason = overdue
D/glean/MetricsPingSched: Scheduling the 'metrics' ping in 48425556ms
D/LifecycleMonitor: Lifecycle status change: androidx.appcompat.app.AppCompatActivity@fe617d6 in: PRE_ON_CREATE
D/LifecycleMonitor: Lifecycle status change: androidx.appcompat.app.AppCompatActivity@fe617d6 in: CREATED
D [OnboardingTelemetryRecorder] Recording skip sign in click event, sequenceId: sync, sequencePosition: 0, elementType: secondary_button
D [OnboardingTelemetryRecorder] Recording onboarding completed event, sequenceId: sync, sequencePosition: 0, dismissedMethod: SKIPPED
W/OverlayConfig: partition_order.xml does not exist.
W/PackageParser: Unknown element under <manifest>: queries at /work/src/mobile/android/fenix/app/../../../../obj-x86_64/gradle/build/mobile/android/fenix/app/intermediates/apk_for_local_test/debugUnitTest/packageDebugUnitTestForUnitTest/apk-for-local-test.ap_ Binary XML file line #74
W/PackageParser: Unknown element under <service>: property at /work/src/mobile/android/fenix/app/../../../../obj-x86_64/gradle/build/mobile/android/fenix/app/intermediates/apk_for_local_test/debugUnitTest/packageDebugUnitTestForUnitTest/apk-for-local-test.ap_ Binary XML file line #843
W/PackageParser: Unknown element under <service>: property at /work/src/mobile/android/fenix/app/../../../../obj-x86_64/gradle/build/mobile/android/fenix/app/intermediates/apk_for_local_test/debugUnitTest/packageDebugUnitTestForUnitTest/apk-for-local-test.ap_ Binary XML file line #861
W/PackageParser: Unknown element under <service>: property at /work/src/mobile/android/fenix/app/../../../../obj-x86_64/gradle/build/mobile/android/fenix/app/intermediates/apk_for_local_test/debugUnitTest/packageDebugUnitTestForUnitTest/apk-for-local-test.ap_ Binary XML file line #984
W/PackageParser: Unknown element under <service>: property at /work/src/mobile/android/fenix/app/../../../../obj-x86_64/gradle/build/mobile/android/fenix/app/intermediates/apk_for_local_test/debugUnitTest/packageDebugUnitTestForUnitTest/apk-for-local-test.ap_ Binary XML file line #993
W/PackageParser: Unknown element under <service>: property at /work/src/mobile/android/fenix/app/../../../../obj-x86_64/gradle/build/mobile/android/fenix/app/intermediates/apk_for_local_test/debugUnitTest/packageDebugUnitTestForUnitTest/apk-for-local-test.ap_ Binary XML file line #1002
I/glean/Glean: Registering pings for org.mozilla.fenix.GleanMetrics.Pings
E/glean/MetricsPingSched: MetricsPingScheduler last stored ping time was not valid
I/glean/MetricsPingSched: The 'metrics' ping is scheduled for immediate collection, 1787409174531
I/glean/MetricsPingSched: Collecting the 'metrics' ping, now = 1787409174531, startup = true, reason = overdue
D/glean/MetricsPingSched: Scheduling the 'metrics' ping in 48425469ms
D/LifecycleMonitor: Lifecycle status change: androidx.appcompat.app.AppCompatActivity@491c2c3d in: PRE_ON_CREATE
D/LifecycleMonitor: Lifecycle status change: androidx.appcompat.app.AppCompatActivity@491c2c3d in: CREATED
W/OverlayConfig: partition_order.xml does not exist.
W/PackageParser: Unknown element under <manifest>: queries at /work/src/mobile/android/fenix/app/../../../../obj-x86_64/gradle/build/mobile/android/fenix/app/intermediates/apk_for_local_test/debugUnitTest/packageDebugUnitTestForUnitTest/apk-for-local-test.ap_ Binary XML file line #74
W/PackageParser: Unknown element under <service>: property at /work/src/mobile/android/fenix/app/../../../../obj-x86_64/gradle/build/mobile/android/fenix/app/intermediates/apk_for_local_test/debugUnitTest/packageDebugUnitTestForUnitTest/apk-for-local-test.ap_ Binary XML file line #843
W/PackageParser: Unknown element under <service>: property at /work/src/mobile/android/fenix/app/../../../../obj-x86_64/gradle/build/mobile/android/fenix/app/intermediates/apk_for_local_test/debugUnitTest/packageDebugUnitTestForUnitTest/apk-for-local-test.ap_ Binary XML file line #861
W/PackageParser: Unknown element under <service>: property at /work/src/mobile/android/fenix/app/../../../../obj-x86_64/gradle/build/mobile/android/fenix/app/intermediates/apk_for_local_test/debugUnitTest/packageDebugUnitTestForUnitTest/apk-for-local-test.ap_ Binary XML file line #984
W/PackageParser: Unknown element under <service>: property at /work/src/mobile/android/fenix/app/../../../../obj-x86_64/gradle/build/mobile/android/fenix/app/intermediates/apk_for_local_test/debugUnitTest/packageDebugUnitTestForUnitTest/apk-for-local-test.ap_ Binary XML file line #993
W/PackageParser: Unknown element under <service>: property at /work/src/mobile/android/fenix/app/../../../../obj-x86_64/gradle/build/mobile/android/fenix/app/intermediates/apk_for_local_test/debugUnitTest/packageDebugUnitTestForUnitTest/apk-for-local-test.ap_ Binary XML file line #1002
I/glean/Glean: Registering pings for org.mozilla.fenix.GleanMetrics.Pings
E/glean/MetricsPingSched: MetricsPingScheduler last stored ping time was not valid
I/glean/MetricsPingSched: The 'metrics' ping is scheduled for immediate collection, 1787409174609
I/glean/MetricsPingSched: Collecting the 'metrics' ping, now = 1787409174609, startup = true, reason = overdue
D/glean/MetricsPingSched: Scheduling the 'metrics' ping in 48425391ms
D/LifecycleMonitor: Lifecycle status change: androidx.appcompat.app.AppCompatActivity@72ea5fc7 in: PRE_ON_CREATE
D/LifecycleMonitor: Lifecycle status change: androidx.appcompat.app.AppCompatActivity@72ea5fc7 in: CREATED
W/OverlayConfig: partition_order.xml does not exist.
W/PackageParser: Unknown element under <manifest>: queries at /work/src/mobile/android/fenix/app/../../../../obj-x86_64/gradle/build/mobile/android/fenix/app/intermediates/apk_for_local_test/debugUnitTest/packageDebugUnitTestForUnitTest/apk-for-local-test.ap_ Binary XML file line #74
W/PackageParser: Unknown element under <service>: property at /work/src/mobile/android/fenix/app/../../../../obj-x86_64/gradle/build/mobile/android/fenix/app/intermediates/apk_for_local_test/debugUnitTest/packageDebugUnitTestForUnitTest/apk-for-local-test.ap_ Binary XML file line #843
W/PackageParser: Unknown element under <service>: property at /work/src/mobile/android/fenix/app/../../../../obj-x86_64/gradle/build/mobile/android/fenix/app/intermediates/apk_for_local_test/debugUnitTest/packageDebugUnitTestForUnitTest/apk-for-local-test.ap_ Binary XML file line #861
W/PackageParser: Unknown element under <service>: property at /work/src/mobile/android/fenix/app/../../../../obj-x86_64/gradle/build/mobile/android/fenix/app/intermediates/apk_for_local_test/debugUnitTest/packageDebugUnitTestForUnitTest/apk-for-local-test.ap_ Binary XML file line #984
W/PackageParser: Unknown element under <service>: property at /work/src/mobile/android/fenix/app/../../../../obj-x86_64/gradle/build/mobile/android/fenix/app/intermediates/apk_for_local_test/debugUnitTest/packageDebugUnitTestForUnitTest/apk-for-local-test.ap_ Binary XML file line #993
W/PackageParser: Unknown element under <service>: property at /work/src/mobile/android/fenix/app/../../../../obj-x86_64/gradle/build/mobile/android/fenix/app/intermediates/apk_for_local_test/debugUnitTest/packageDebugUnitTestForUnitTest/apk-for-local-test.ap_ Binary XML file line #1002
I/glean/Glean: Registering pings for org.mozilla.fenix.GleanMetrics.Pings
E/glean/MetricsPingSched: MetricsPingScheduler last stored ping time was not valid
I/glean/MetricsPingSched: The 'metrics' ping is scheduled for immediate collection, 1787409174686
I/glean/MetricsPingSched: Collecting the 'metrics' ping, now = 1787409174686, startup = true, reason = overdue
D/glean/MetricsPingSched: Scheduling the 'metrics' ping in 48425314ms
D/LifecycleMonitor: Lifecycle status change: androidx.appcompat.app.AppCompatActivity@1dc62da0 in: PRE_ON_CREATE
D/LifecycleMonitor: Lifecycle status change: androidx.appcompat.app.AppCompatActivity@1dc62da0 in: CREATED
]]></system-out>
  <system-err><![CDATA[]]></system-err>
</testsuite>
