<?xml version="1.0" encoding="UTF-8"?>
<testsuite name="org.mozilla.fenix.termsofuse.store.TermsOfUsePromptRepositoryTest" tests="15" skipped="0" failures="0" errors="0" timestamp="2026-08-22T14:33:00.170Z" hostname="b01fb26c9b03" time="0.769">
  <properties/>
  <testcase name="WHEN updateLastTermsOfUsePromptTimeInMillis is called THEN the preference is updated" classname="org.mozilla.fenix.termsofuse.store.TermsOfUsePromptRepositoryTest" time="0.066"/>
  <testcase name="WHEN incrementTermsOfUsePromptDisplayedCount is called THEN the preference is updated" classname="org.mozilla.fenix.termsofuse.store.TermsOfUsePromptRepositoryTest" time="0.059"/>
  <testcase name="WHEN all upstream conditions are satisfied THEN still do not show the prompt" classname="org.mozilla.fenix.termsofuse.store.TermsOfUsePromptRepositoryTest" time="0.057"/>
  <testcase name="GIVEN debug mode WHEN user was last prompted less than 30 seconds ago and postponed accepting ToU THEN userPostponedAndWithinCooldownPeriod returns true" classname="org.mozilla.fenix.termsofuse.store.TermsOfUsePromptRepositoryTest" time="0.05"/>
  <testcase name="WHEN user has already accepted the ToU THEN don't show the prompt" classname="org.mozilla.fenix.termsofuse.store.TermsOfUsePromptRepositoryTest" time="0.048"/>
  <testcase name="GIVEN debug mode WHEN user was last prompted over 30 seconds ago and postponed accepting ToU THEN userPostponedAndWithinCooldownPeriod returns false" classname="org.mozilla.fenix.termsofuse.store.TermsOfUsePromptRepositoryTest" time="0.049"/>
  <testcase name="WHEN user was last prompted over 5 days ago and postponed accepting ToU THEN userPostponedAndWithinCooldownPeriod returns false" classname="org.mozilla.fenix.termsofuse.store.TermsOfUsePromptRepositoryTest" time="0.048"/>
  <testcase name="WHEN the prompt is already showing THEN do not show the prompt" classname="org.mozilla.fenix.termsofuse.store.TermsOfUsePromptRepositoryTest" time="0.049"/>
  <testcase name="WHEN updateHasPostponedAcceptingTermsOfUsePreference is called THEN the preference is updated" classname="org.mozilla.fenix.termsofuse.store.TermsOfUsePromptRepositoryTest" time="0.046"/>
  <testcase name="WHEN user has already seen the maximum number of prompts THEN don't show the prompt" classname="org.mozilla.fenix.termsofuse.store.TermsOfUsePromptRepositoryTest" time="0.047"/>
  <testcase name="WHEN updateHasAcceptedTermsOfUsePreference is called THEN the related ToU preferences are updated" classname="org.mozilla.fenix.termsofuse.store.TermsOfUsePromptRepositoryTest" time="0.051"/>
  <testcase name="GIVEN debug mode WHEN user was last prompted 30 seconds ago and postponed accepting ToU THEN userPostponedAndWithinCooldownPeriod returns false" classname="org.mozilla.fenix.termsofuse.store.TermsOfUsePromptRepositoryTest" time="0.048"/>
  <testcase name="WHEN user was last prompted 5 days ago and postponed accepting ToU THEN userPostponedAndWithinCooldownPeriod returns false" classname="org.mozilla.fenix.termsofuse.store.TermsOfUsePromptRepositoryTest" time="0.051"/>
  <testcase name="WHEN user was last prompted less than 5 days ago and postponed accepting ToU THEN userPostponedAndWithinCooldownPeriod returns true" classname="org.mozilla.fenix.termsofuse.store.TermsOfUsePromptRepositoryTest" time="0.047"/>
  <testcase name="WHEN the prompt feature is disabled THEN don't show the prompt" classname="org.mozilla.fenix.termsofuse.store.TermsOfUsePromptRepositoryTest" time="0.047"/>
  <system-out><![CDATA[W/OverlayConfig: partition_order.xml does not exist.
W/PackageParser: Unknown element under <manifest>: queries at /work/src/mobile/android/fenix/app/../../../../obj-x86_64/gradle/build/mobile/android/fenix/app/intermediates/apk_for_local_test/debugUnitTest/packageDebugUnitTestForUnitTest/apk-for-local-test.ap_ Binary XML file line #74
W/PackageParser: Unknown element under <service>: property at /work/src/mobile/android/fenix/app/../../../../obj-x86_64/gradle/build/mobile/android/fenix/app/intermediates/apk_for_local_test/debugUnitTest/packageDebugUnitTestForUnitTest/apk-for-local-test.ap_ Binary XML file line #843
W/PackageParser: Unknown element under <service>: property at /work/src/mobile/android/fenix/app/../../../../obj-x86_64/gradle/build/mobile/android/fenix/app/intermediates/apk_for_local_test/debugUnitTest/packageDebugUnitTestForUnitTest/apk-for-local-test.ap_ Binary XML file line #861
W/PackageParser: Unknown element under <service>: property at /work/src/mobile/android/fenix/app/../../../../obj-x86_64/gradle/build/mobile/android/fenix/app/intermediates/apk_for_local_test/debugUnitTest/packageDebugUnitTestForUnitTest/apk-for-local-test.ap_ Binary XML file line #984
W/PackageParser: Unknown element under <service>: property at /work/src/mobile/android/fenix/app/../../../../obj-x86_64/gradle/build/mobile/android/fenix/app/intermediates/apk_for_local_test/debugUnitTest/packageDebugUnitTestForUnitTest/apk-for-local-test.ap_ Binary XML file line #993
W/PackageParser: Unknown element under <service>: property at /work/src/mobile/android/fenix/app/../../../../obj-x86_64/gradle/build/mobile/android/fenix/app/intermediates/apk_for_local_test/debugUnitTest/packageDebugUnitTestForUnitTest/apk-for-local-test.ap_ Binary XML file line #1002
W/OverlayConfig: partition_order.xml does not exist.
W/PackageParser: Unknown element under <manifest>: queries at /work/src/mobile/android/fenix/app/../../../../obj-x86_64/gradle/build/mobile/android/fenix/app/intermediates/apk_for_local_test/debugUnitTest/packageDebugUnitTestForUnitTest/apk-for-local-test.ap_ Binary XML file line #74
W/PackageParser: Unknown element under <service>: property at /work/src/mobile/android/fenix/app/../../../../obj-x86_64/gradle/build/mobile/android/fenix/app/intermediates/apk_for_local_test/debugUnitTest/packageDebugUnitTestForUnitTest/apk-for-local-test.ap_ Binary XML file line #843
W/PackageParser: Unknown element under <service>: property at /work/src/mobile/android/fenix/app/../../../../obj-x86_64/gradle/build/mobile/android/fenix/app/intermediates/apk_for_local_test/debugUnitTest/packageDebugUnitTestForUnitTest/apk-for-local-test.ap_ Binary XML file line #861
W/PackageParser: Unknown element under <service>: property at /work/src/mobile/android/fenix/app/../../../../obj-x86_64/gradle/build/mobile/android/fenix/app/intermediates/apk_for_local_test/debugUnitTest/packageDebugUnitTestForUnitTest/apk-for-local-test.ap_ Binary XML file line #984
W/PackageParser: Unknown element under <service>: property at /work/src/mobile/android/fenix/app/../../../../obj-x86_64/gradle/build/mobile/android/fenix/app/intermediates/apk_for_local_test/debugUnitTest/packageDebugUnitTestForUnitTest/apk-for-local-test.ap_ Binary XML file line #993
W/PackageParser: Unknown element under <service>: property at /work/src/mobile/android/fenix/app/../../../../obj-x86_64/gradle/build/mobile/android/fenix/app/intermediates/apk_for_local_test/debugUnitTest/packageDebugUnitTestForUnitTest/apk-for-local-test.ap_ Binary XML file line #1002
W/OverlayConfig: partition_order.xml does not exist.
W/PackageParser: Unknown element under <manifest>: queries at /work/src/mobile/android/fenix/app/../../../../obj-x86_64/gradle/build/mobile/android/fenix/app/intermediates/apk_for_local_test/debugUnitTest/packageDebugUnitTestForUnitTest/apk-for-local-test.ap_ Binary XML file line #74
W/PackageParser: Unknown element under <service>: property at /work/src/mobile/android/fenix/app/../../../../obj-x86_64/gradle/build/mobile/android/fenix/app/intermediates/apk_for_local_test/debugUnitTest/packageDebugUnitTestForUnitTest/apk-for-local-test.ap_ Binary XML file line #843
W/PackageParser: Unknown element under <service>: property at /work/src/mobile/android/fenix/app/../../../../obj-x86_64/gradle/build/mobile/android/fenix/app/intermediates/apk_for_local_test/debugUnitTest/packageDebugUnitTestForUnitTest/apk-for-local-test.ap_ Binary XML file line #861
W/PackageParser: Unknown element under <service>: property at /work/src/mobile/android/fenix/app/../../../../obj-x86_64/gradle/build/mobile/android/fenix/app/intermediates/apk_for_local_test/debugUnitTest/packageDebugUnitTestForUnitTest/apk-for-local-test.ap_ Binary XML file line #984
W/PackageParser: Unknown element under <service>: property at /work/src/mobile/android/fenix/app/../../../../obj-x86_64/gradle/build/mobile/android/fenix/app/intermediates/apk_for_local_test/debugUnitTest/packageDebugUnitTestForUnitTest/apk-for-local-test.ap_ Binary XML file line #993
W/PackageParser: Unknown element under <service>: property at /work/src/mobile/android/fenix/app/../../../../obj-x86_64/gradle/build/mobile/android/fenix/app/intermediates/apk_for_local_test/debugUnitTest/packageDebugUnitTestForUnitTest/apk-for-local-test.ap_ Binary XML file line #1002
W/OverlayConfig: partition_order.xml does not exist.
W/PackageParser: Unknown element under <manifest>: queries at /work/src/mobile/android/fenix/app/../../../../obj-x86_64/gradle/build/mobile/android/fenix/app/intermediates/apk_for_local_test/debugUnitTest/packageDebugUnitTestForUnitTest/apk-for-local-test.ap_ Binary XML file line #74
W/PackageParser: Unknown element under <service>: property at /work/src/mobile/android/fenix/app/../../../../obj-x86_64/gradle/build/mobile/android/fenix/app/intermediates/apk_for_local_test/debugUnitTest/packageDebugUnitTestForUnitTest/apk-for-local-test.ap_ Binary XML file line #843
W/PackageParser: Unknown element under <service>: property at /work/src/mobile/android/fenix/app/../../../../obj-x86_64/gradle/build/mobile/android/fenix/app/intermediates/apk_for_local_test/debugUnitTest/packageDebugUnitTestForUnitTest/apk-for-local-test.ap_ Binary XML file line #861
W/PackageParser: Unknown element under <service>: property at /work/src/mobile/android/fenix/app/../../../../obj-x86_64/gradle/build/mobile/android/fenix/app/intermediates/apk_for_local_test/debugUnitTest/packageDebugUnitTestForUnitTest/apk-for-local-test.ap_ Binary XML file line #984
W/PackageParser: Unknown element under <service>: property at /work/src/mobile/android/fenix/app/../../../../obj-x86_64/gradle/build/mobile/android/fenix/app/intermediates/apk_for_local_test/debugUnitTest/packageDebugUnitTestForUnitTest/apk-for-local-test.ap_ Binary XML file line #993
W/PackageParser: Unknown element under <service>: property at /work/src/mobile/android/fenix/app/../../../../obj-x86_64/gradle/build/mobile/android/fenix/app/intermediates/apk_for_local_test/debugUnitTest/packageDebugUnitTestForUnitTest/apk-for-local-test.ap_ Binary XML file line #1002
W/OverlayConfig: partition_order.xml does not exist.
W/PackageParser: Unknown element under <manifest>: queries at /work/src/mobile/android/fenix/app/../../../../obj-x86_64/gradle/build/mobile/android/fenix/app/intermediates/apk_for_local_test/debugUnitTest/packageDebugUnitTestForUnitTest/apk-for-local-test.ap_ Binary XML file line #74
W/PackageParser: Unknown element under <service>: property at /work/src/mobile/android/fenix/app/../../../../obj-x86_64/gradle/build/mobile/android/fenix/app/intermediates/apk_for_local_test/debugUnitTest/packageDebugUnitTestForUnitTest/apk-for-local-test.ap_ Binary XML file line #843
W/PackageParser: Unknown element under <service>: property at /work/src/mobile/android/fenix/app/../../../../obj-x86_64/gradle/build/mobile/android/fenix/app/intermediates/apk_for_local_test/debugUnitTest/packageDebugUnitTestForUnitTest/apk-for-local-test.ap_ Binary XML file line #861
W/PackageParser: Unknown element under <service>: property at /work/src/mobile/android/fenix/app/../../../../obj-x86_64/gradle/build/mobile/android/fenix/app/intermediates/apk_for_local_test/debugUnitTest/packageDebugUnitTestForUnitTest/apk-for-local-test.ap_ Binary XML file line #984
W/PackageParser: Unknown element under <service>: property at /work/src/mobile/android/fenix/app/../../../../obj-x86_64/gradle/build/mobile/android/fenix/app/intermediates/apk_for_local_test/debugUnitTest/packageDebugUnitTestForUnitTest/apk-for-local-test.ap_ Binary XML file line #993
W/PackageParser: Unknown element under <service>: property at /work/src/mobile/android/fenix/app/../../../../obj-x86_64/gradle/build/mobile/android/fenix/app/intermediates/apk_for_local_test/debugUnitTest/packageDebugUnitTestForUnitTest/apk-for-local-test.ap_ Binary XML file line #1002
W/OverlayConfig: partition_order.xml does not exist.
W/PackageParser: Unknown element under <manifest>: queries at /work/src/mobile/android/fenix/app/../../../../obj-x86_64/gradle/build/mobile/android/fenix/app/intermediates/apk_for_local_test/debugUnitTest/packageDebugUnitTestForUnitTest/apk-for-local-test.ap_ Binary XML file line #74
W/PackageParser: Unknown element under <service>: property at /work/src/mobile/android/fenix/app/../../../../obj-x86_64/gradle/build/mobile/android/fenix/app/intermediates/apk_for_local_test/debugUnitTest/packageDebugUnitTestForUnitTest/apk-for-local-test.ap_ Binary XML file line #843
W/PackageParser: Unknown element under <service>: property at /work/src/mobile/android/fenix/app/../../../../obj-x86_64/gradle/build/mobile/android/fenix/app/intermediates/apk_for_local_test/debugUnitTest/packageDebugUnitTestForUnitTest/apk-for-local-test.ap_ Binary XML file line #861
W/PackageParser: Unknown element under <service>: property at /work/src/mobile/android/fenix/app/../../../../obj-x86_64/gradle/build/mobile/android/fenix/app/intermediates/apk_for_local_test/debugUnitTest/packageDebugUnitTestForUnitTest/apk-for-local-test.ap_ Binary XML file line #984
W/PackageParser: Unknown element under <service>: property at /work/src/mobile/android/fenix/app/../../../../obj-x86_64/gradle/build/mobile/android/fenix/app/intermediates/apk_for_local_test/debugUnitTest/packageDebugUnitTestForUnitTest/apk-for-local-test.ap_ Binary XML file line #993
W/PackageParser: Unknown element under <service>: property at /work/src/mobile/android/fenix/app/../../../../obj-x86_64/gradle/build/mobile/android/fenix/app/intermediates/apk_for_local_test/debugUnitTest/packageDebugUnitTestForUnitTest/apk-for-local-test.ap_ Binary XML file line #1002
W/OverlayConfig: partition_order.xml does not exist.
W/PackageParser: Unknown element under <manifest>: queries at /work/src/mobile/android/fenix/app/../../../../obj-x86_64/gradle/build/mobile/android/fenix/app/intermediates/apk_for_local_test/debugUnitTest/packageDebugUnitTestForUnitTest/apk-for-local-test.ap_ Binary XML file line #74
W/PackageParser: Unknown element under <service>: property at /work/src/mobile/android/fenix/app/../../../../obj-x86_64/gradle/build/mobile/android/fenix/app/intermediates/apk_for_local_test/debugUnitTest/packageDebugUnitTestForUnitTest/apk-for-local-test.ap_ Binary XML file line #843
W/PackageParser: Unknown element under <service>: property at /work/src/mobile/android/fenix/app/../../../../obj-x86_64/gradle/build/mobile/android/fenix/app/intermediates/apk_for_local_test/debugUnitTest/packageDebugUnitTestForUnitTest/apk-for-local-test.ap_ Binary XML file line #861
W/PackageParser: Unknown element under <service>: property at /work/src/mobile/android/fenix/app/../../../../obj-x86_64/gradle/build/mobile/android/fenix/app/intermediates/apk_for_local_test/debugUnitTest/packageDebugUnitTestForUnitTest/apk-for-local-test.ap_ Binary XML file line #984
W/PackageParser: Unknown element under <service>: property at /work/src/mobile/android/fenix/app/../../../../obj-x86_64/gradle/build/mobile/android/fenix/app/intermediates/apk_for_local_test/debugUnitTest/packageDebugUnitTestForUnitTest/apk-for-local-test.ap_ Binary XML file line #993
W/PackageParser: Unknown element under <service>: property at /work/src/mobile/android/fenix/app/../../../../obj-x86_64/gradle/build/mobile/android/fenix/app/intermediates/apk_for_local_test/debugUnitTest/packageDebugUnitTestForUnitTest/apk-for-local-test.ap_ Binary XML file line #1002
W/OverlayConfig: partition_order.xml does not exist.
W/PackageParser: Unknown element under <manifest>: queries at /work/src/mobile/android/fenix/app/../../../../obj-x86_64/gradle/build/mobile/android/fenix/app/intermediates/apk_for_local_test/debugUnitTest/packageDebugUnitTestForUnitTest/apk-for-local-test.ap_ Binary XML file line #74
W/PackageParser: Unknown element under <service>: property at /work/src/mobile/android/fenix/app/../../../../obj-x86_64/gradle/build/mobile/android/fenix/app/intermediates/apk_for_local_test/debugUnitTest/packageDebugUnitTestForUnitTest/apk-for-local-test.ap_ Binary XML file line #843
W/PackageParser: Unknown element under <service>: property at /work/src/mobile/android/fenix/app/../../../../obj-x86_64/gradle/build/mobile/android/fenix/app/intermediates/apk_for_local_test/debugUnitTest/packageDebugUnitTestForUnitTest/apk-for-local-test.ap_ Binary XML file line #861
W/PackageParser: Unknown element under <service>: property at /work/src/mobile/android/fenix/app/../../../../obj-x86_64/gradle/build/mobile/android/fenix/app/intermediates/apk_for_local_test/debugUnitTest/packageDebugUnitTestForUnitTest/apk-for-local-test.ap_ Binary XML file line #984
W/PackageParser: Unknown element under <service>: property at /work/src/mobile/android/fenix/app/../../../../obj-x86_64/gradle/build/mobile/android/fenix/app/intermediates/apk_for_local_test/debugUnitTest/packageDebugUnitTestForUnitTest/apk-for-local-test.ap_ Binary XML file line #993
W/PackageParser: Unknown element under <service>: property at /work/src/mobile/android/fenix/app/../../../../obj-x86_64/gradle/build/mobile/android/fenix/app/intermediates/apk_for_local_test/debugUnitTest/packageDebugUnitTestForUnitTest/apk-for-local-test.ap_ Binary XML file line #1002
W/OverlayConfig: partition_order.xml does not exist.
W/PackageParser: Unknown element under <manifest>: queries at /work/src/mobile/android/fenix/app/../../../../obj-x86_64/gradle/build/mobile/android/fenix/app/intermediates/apk_for_local_test/debugUnitTest/packageDebugUnitTestForUnitTest/apk-for-local-test.ap_ Binary XML file line #74
W/PackageParser: Unknown element under <service>: property at /work/src/mobile/android/fenix/app/../../../../obj-x86_64/gradle/build/mobile/android/fenix/app/intermediates/apk_for_local_test/debugUnitTest/packageDebugUnitTestForUnitTest/apk-for-local-test.ap_ Binary XML file line #843
W/PackageParser: Unknown element under <service>: property at /work/src/mobile/android/fenix/app/../../../../obj-x86_64/gradle/build/mobile/android/fenix/app/intermediates/apk_for_local_test/debugUnitTest/packageDebugUnitTestForUnitTest/apk-for-local-test.ap_ Binary XML file line #861
W/PackageParser: Unknown element under <service>: property at /work/src/mobile/android/fenix/app/../../../../obj-x86_64/gradle/build/mobile/android/fenix/app/intermediates/apk_for_local_test/debugUnitTest/packageDebugUnitTestForUnitTest/apk-for-local-test.ap_ Binary XML file line #984
W/PackageParser: Unknown element under <service>: property at /work/src/mobile/android/fenix/app/../../../../obj-x86_64/gradle/build/mobile/android/fenix/app/intermediates/apk_for_local_test/debugUnitTest/packageDebugUnitTestForUnitTest/apk-for-local-test.ap_ Binary XML file line #993
W/PackageParser: Unknown element under <service>: property at /work/src/mobile/android/fenix/app/../../../../obj-x86_64/gradle/build/mobile/android/fenix/app/intermediates/apk_for_local_test/debugUnitTest/packageDebugUnitTestForUnitTest/apk-for-local-test.ap_ Binary XML file line #1002
W/OverlayConfig: partition_order.xml does not exist.
W/PackageParser: Unknown element under <manifest>: queries at /work/src/mobile/android/fenix/app/../../../../obj-x86_64/gradle/build/mobile/android/fenix/app/intermediates/apk_for_local_test/debugUnitTest/packageDebugUnitTestForUnitTest/apk-for-local-test.ap_ Binary XML file line #74
W/PackageParser: Unknown element under <service>: property at /work/src/mobile/android/fenix/app/../../../../obj-x86_64/gradle/build/mobile/android/fenix/app/intermediates/apk_for_local_test/debugUnitTest/packageDebugUnitTestForUnitTest/apk-for-local-test.ap_ Binary XML file line #843
W/PackageParser: Unknown element under <service>: property at /work/src/mobile/android/fenix/app/../../../../obj-x86_64/gradle/build/mobile/android/fenix/app/intermediates/apk_for_local_test/debugUnitTest/packageDebugUnitTestForUnitTest/apk-for-local-test.ap_ Binary XML file line #861
W/PackageParser: Unknown element under <service>: property at /work/src/mobile/android/fenix/app/../../../../obj-x86_64/gradle/build/mobile/android/fenix/app/intermediates/apk_for_local_test/debugUnitTest/packageDebugUnitTestForUnitTest/apk-for-local-test.ap_ Binary XML file line #984
W/PackageParser: Unknown element under <service>: property at /work/src/mobile/android/fenix/app/../../../../obj-x86_64/gradle/build/mobile/android/fenix/app/intermediates/apk_for_local_test/debugUnitTest/packageDebugUnitTestForUnitTest/apk-for-local-test.ap_ Binary XML file line #993
W/PackageParser: Unknown element under <service>: property at /work/src/mobile/android/fenix/app/../../../../obj-x86_64/gradle/build/mobile/android/fenix/app/intermediates/apk_for_local_test/debugUnitTest/packageDebugUnitTestForUnitTest/apk-for-local-test.ap_ Binary XML file line #1002
W/OverlayConfig: partition_order.xml does not exist.
W/PackageParser: Unknown element under <manifest>: queries at /work/src/mobile/android/fenix/app/../../../../obj-x86_64/gradle/build/mobile/android/fenix/app/intermediates/apk_for_local_test/debugUnitTest/packageDebugUnitTestForUnitTest/apk-for-local-test.ap_ Binary XML file line #74
W/PackageParser: Unknown element under <service>: property at /work/src/mobile/android/fenix/app/../../../../obj-x86_64/gradle/build/mobile/android/fenix/app/intermediates/apk_for_local_test/debugUnitTest/packageDebugUnitTestForUnitTest/apk-for-local-test.ap_ Binary XML file line #843
W/PackageParser: Unknown element under <service>: property at /work/src/mobile/android/fenix/app/../../../../obj-x86_64/gradle/build/mobile/android/fenix/app/intermediates/apk_for_local_test/debugUnitTest/packageDebugUnitTestForUnitTest/apk-for-local-test.ap_ Binary XML file line #861
W/PackageParser: Unknown element under <service>: property at /work/src/mobile/android/fenix/app/../../../../obj-x86_64/gradle/build/mobile/android/fenix/app/intermediates/apk_for_local_test/debugUnitTest/packageDebugUnitTestForUnitTest/apk-for-local-test.ap_ Binary XML file line #984
W/PackageParser: Unknown element under <service>: property at /work/src/mobile/android/fenix/app/../../../../obj-x86_64/gradle/build/mobile/android/fenix/app/intermediates/apk_for_local_test/debugUnitTest/packageDebugUnitTestForUnitTest/apk-for-local-test.ap_ Binary XML file line #993
W/PackageParser: Unknown element under <service>: property at /work/src/mobile/android/fenix/app/../../../../obj-x86_64/gradle/build/mobile/android/fenix/app/intermediates/apk_for_local_test/debugUnitTest/packageDebugUnitTestForUnitTest/apk-for-local-test.ap_ Binary XML file line #1002
W/OverlayConfig: partition_order.xml does not exist.
W/PackageParser: Unknown element under <manifest>: queries at /work/src/mobile/android/fenix/app/../../../../obj-x86_64/gradle/build/mobile/android/fenix/app/intermediates/apk_for_local_test/debugUnitTest/packageDebugUnitTestForUnitTest/apk-for-local-test.ap_ Binary XML file line #74
W/PackageParser: Unknown element under <service>: property at /work/src/mobile/android/fenix/app/../../../../obj-x86_64/gradle/build/mobile/android/fenix/app/intermediates/apk_for_local_test/debugUnitTest/packageDebugUnitTestForUnitTest/apk-for-local-test.ap_ Binary XML file line #843
W/PackageParser: Unknown element under <service>: property at /work/src/mobile/android/fenix/app/../../../../obj-x86_64/gradle/build/mobile/android/fenix/app/intermediates/apk_for_local_test/debugUnitTest/packageDebugUnitTestForUnitTest/apk-for-local-test.ap_ Binary XML file line #861
W/PackageParser: Unknown element under <service>: property at /work/src/mobile/android/fenix/app/../../../../obj-x86_64/gradle/build/mobile/android/fenix/app/intermediates/apk_for_local_test/debugUnitTest/packageDebugUnitTestForUnitTest/apk-for-local-test.ap_ Binary XML file line #984
W/PackageParser: Unknown element under <service>: property at /work/src/mobile/android/fenix/app/../../../../obj-x86_64/gradle/build/mobile/android/fenix/app/intermediates/apk_for_local_test/debugUnitTest/packageDebugUnitTestForUnitTest/apk-for-local-test.ap_ Binary XML file line #993
W/PackageParser: Unknown element under <service>: property at /work/src/mobile/android/fenix/app/../../../../obj-x86_64/gradle/build/mobile/android/fenix/app/intermediates/apk_for_local_test/debugUnitTest/packageDebugUnitTestForUnitTest/apk-for-local-test.ap_ Binary XML file line #1002
W/OverlayConfig: partition_order.xml does not exist.
W/PackageParser: Unknown element under <manifest>: queries at /work/src/mobile/android/fenix/app/../../../../obj-x86_64/gradle/build/mobile/android/fenix/app/intermediates/apk_for_local_test/debugUnitTest/packageDebugUnitTestForUnitTest/apk-for-local-test.ap_ Binary XML file line #74
W/PackageParser: Unknown element under <service>: property at /work/src/mobile/android/fenix/app/../../../../obj-x86_64/gradle/build/mobile/android/fenix/app/intermediates/apk_for_local_test/debugUnitTest/packageDebugUnitTestForUnitTest/apk-for-local-test.ap_ Binary XML file line #843
W/PackageParser: Unknown element under <service>: property at /work/src/mobile/android/fenix/app/../../../../obj-x86_64/gradle/build/mobile/android/fenix/app/intermediates/apk_for_local_test/debugUnitTest/packageDebugUnitTestForUnitTest/apk-for-local-test.ap_ Binary XML file line #861
W/PackageParser: Unknown element under <service>: property at /work/src/mobile/android/fenix/app/../../../../obj-x86_64/gradle/build/mobile/android/fenix/app/intermediates/apk_for_local_test/debugUnitTest/packageDebugUnitTestForUnitTest/apk-for-local-test.ap_ Binary XML file line #984
W/PackageParser: Unknown element under <service>: property at /work/src/mobile/android/fenix/app/../../../../obj-x86_64/gradle/build/mobile/android/fenix/app/intermediates/apk_for_local_test/debugUnitTest/packageDebugUnitTestForUnitTest/apk-for-local-test.ap_ Binary XML file line #993
W/PackageParser: Unknown element under <service>: property at /work/src/mobile/android/fenix/app/../../../../obj-x86_64/gradle/build/mobile/android/fenix/app/intermediates/apk_for_local_test/debugUnitTest/packageDebugUnitTestForUnitTest/apk-for-local-test.ap_ Binary XML file line #1002
W/OverlayConfig: partition_order.xml does not exist.
W/PackageParser: Unknown element under <manifest>: queries at /work/src/mobile/android/fenix/app/../../../../obj-x86_64/gradle/build/mobile/android/fenix/app/intermediates/apk_for_local_test/debugUnitTest/packageDebugUnitTestForUnitTest/apk-for-local-test.ap_ Binary XML file line #74
W/PackageParser: Unknown element under <service>: property at /work/src/mobile/android/fenix/app/../../../../obj-x86_64/gradle/build/mobile/android/fenix/app/intermediates/apk_for_local_test/debugUnitTest/packageDebugUnitTestForUnitTest/apk-for-local-test.ap_ Binary XML file line #843
W/PackageParser: Unknown element under <service>: property at /work/src/mobile/android/fenix/app/../../../../obj-x86_64/gradle/build/mobile/android/fenix/app/intermediates/apk_for_local_test/debugUnitTest/packageDebugUnitTestForUnitTest/apk-for-local-test.ap_ Binary XML file line #861
W/PackageParser: Unknown element under <service>: property at /work/src/mobile/android/fenix/app/../../../../obj-x86_64/gradle/build/mobile/android/fenix/app/intermediates/apk_for_local_test/debugUnitTest/packageDebugUnitTestForUnitTest/apk-for-local-test.ap_ Binary XML file line #984
W/PackageParser: Unknown element under <service>: property at /work/src/mobile/android/fenix/app/../../../../obj-x86_64/gradle/build/mobile/android/fenix/app/intermediates/apk_for_local_test/debugUnitTest/packageDebugUnitTestForUnitTest/apk-for-local-test.ap_ Binary XML file line #993
W/PackageParser: Unknown element under <service>: property at /work/src/mobile/android/fenix/app/../../../../obj-x86_64/gradle/build/mobile/android/fenix/app/intermediates/apk_for_local_test/debugUnitTest/packageDebugUnitTestForUnitTest/apk-for-local-test.ap_ Binary XML file line #1002
W/OverlayConfig: partition_order.xml does not exist.
W/PackageParser: Unknown element under <manifest>: queries at /work/src/mobile/android/fenix/app/../../../../obj-x86_64/gradle/build/mobile/android/fenix/app/intermediates/apk_for_local_test/debugUnitTest/packageDebugUnitTestForUnitTest/apk-for-local-test.ap_ Binary XML file line #74
W/PackageParser: Unknown element under <service>: property at /work/src/mobile/android/fenix/app/../../../../obj-x86_64/gradle/build/mobile/android/fenix/app/intermediates/apk_for_local_test/debugUnitTest/packageDebugUnitTestForUnitTest/apk-for-local-test.ap_ Binary XML file line #843
W/PackageParser: Unknown element under <service>: property at /work/src/mobile/android/fenix/app/../../../../obj-x86_64/gradle/build/mobile/android/fenix/app/intermediates/apk_for_local_test/debugUnitTest/packageDebugUnitTestForUnitTest/apk-for-local-test.ap_ Binary XML file line #861
W/PackageParser: Unknown element under <service>: property at /work/src/mobile/android/fenix/app/../../../../obj-x86_64/gradle/build/mobile/android/fenix/app/intermediates/apk_for_local_test/debugUnitTest/packageDebugUnitTestForUnitTest/apk-for-local-test.ap_ Binary XML file line #984
W/PackageParser: Unknown element under <service>: property at /work/src/mobile/android/fenix/app/../../../../obj-x86_64/gradle/build/mobile/android/fenix/app/intermediates/apk_for_local_test/debugUnitTest/packageDebugUnitTestForUnitTest/apk-for-local-test.ap_ Binary XML file line #993
W/PackageParser: Unknown element under <service>: property at /work/src/mobile/android/fenix/app/../../../../obj-x86_64/gradle/build/mobile/android/fenix/app/intermediates/apk_for_local_test/debugUnitTest/packageDebugUnitTestForUnitTest/apk-for-local-test.ap_ Binary XML file line #1002
]]></system-out>
  <system-err><![CDATA[]]></system-err>
</testsuite>
