<?xml version="1.0" encoding="UTF-8"?>
<testsuite name="org.mozilla.fenix.onboarding.continuous.ContinuousOnboardingFeatureTest" tests="24" skipped="0" failures="0" errors="0" timestamp="2026-08-22T14:46:02.219Z" hostname="b01fb26c9b03" time="1.618">
  <properties/>
  <testcase name="WHEN default browser step completed without RESULT_OK THEN pending stage is reset" classname="org.mozilla.fenix.onboarding.continuous.ContinuousOnboardingFeatureTest" time="0.464"/>
  <testcase name="WHEN sync primary button is clicked THEN navigateToSyncSignIn is invoked" classname="org.mozilla.fenix.onboarding.continuous.ContinuousOnboardingFeatureTest" time="0.081"/>
  <testcase name="WHEN default browser step completed with RESULT_OK THEN pending stage is reset" classname="org.mozilla.fenix.onboarding.continuous.ContinuousOnboardingFeatureTest" time="0.051"/>
  <testcase name="WHEN DAY_7 stage is completed THEN seventh day timestamp is saved" classname="org.mozilla.fenix.onboarding.continuous.ContinuousOnboardingFeatureTest" time="0.064"/>
  <testcase name="getNotificationOnboardingPageState returns the expected state" classname="org.mozilla.fenix.onboarding.continuous.ContinuousOnboardingFeatureTest" time="0.051"/>
  <testcase name="WHEN no notification button is clicked THEN no notification telemetry is recorded" classname="org.mozilla.fenix.onboarding.continuous.ContinuousOnboardingFeatureTest" time="0.05"/>
  <testcase name="WHEN sync primary button is clicked THEN sign-in telemetry is recorded" classname="org.mozilla.fenix.onboarding.continuous.ContinuousOnboardingFeatureTest" time="0.05"/>
  <testcase name="WHEN feature enabled and only second day completed THEN shouldShowContinuousOnboarding returns true" classname="org.mozilla.fenix.onboarding.continuous.ContinuousOnboardingFeatureTest" time="0.057"/>
  <testcase name="WHEN feature enabled and seventh day not completed THEN shouldShowContinuousOnboarding returns true" classname="org.mozilla.fenix.onboarding.continuous.ContinuousOnboardingFeatureTest" time="0.049"/>
  <testcase name="WHEN feature enabled and seventh day completed THEN shouldShowContinuousOnboarding returns false" classname="org.mozilla.fenix.onboarding.continuous.ContinuousOnboardingFeatureTest" time="0.052"/>
  <testcase name="WHEN default browser step completed without RESULT_OK THEN no set-to-default telemetry is recorded" classname="org.mozilla.fenix.onboarding.continuous.ContinuousOnboardingFeatureTest" time="0.045"/>
  <testcase name="WHEN notification impression event fires THEN notification card telemetry is recorded" classname="org.mozilla.fenix.onboarding.continuous.ContinuousOnboardingFeatureTest" time="0.049"/>
  <testcase name="WHEN notification secondary button is clicked THEN skip notification telemetry is recorded" classname="org.mozilla.fenix.onboarding.continuous.ContinuousOnboardingFeatureTest" time="0.047"/>
  <testcase name="WHEN notification primary button is clicked THEN turn on notification telemetry is recorded" classname="org.mozilla.fenix.onboarding.continuous.ContinuousOnboardingFeatureTest" time="0.044"/>
  <testcase name="WHEN NONE stage is completed THEN no timestamps are changed" classname="org.mozilla.fenix.onboarding.continuous.ContinuousOnboardingFeatureTest" time="0.045"/>
  <testcase name="WHEN sync impression event fires THEN sign-in card telemetry is recorded" classname="org.mozilla.fenix.onboarding.continuous.ContinuousOnboardingFeatureTest" time="0.045"/>
  <testcase name="WHEN feature enabled and only third day completed THEN shouldShowContinuousOnboarding returns true" classname="org.mozilla.fenix.onboarding.continuous.ContinuousOnboardingFeatureTest" time="0.049"/>
  <testcase name="WHEN DAY_3 stage is completed THEN third day timestamp is saved" classname="org.mozilla.fenix.onboarding.continuous.ContinuousOnboardingFeatureTest" time="0.043"/>
  <testcase name="WHEN DAY_2 stage is completed THEN second day timestamp is saved" classname="org.mozilla.fenix.onboarding.continuous.ContinuousOnboardingFeatureTest" time="0.047"/>
  <testcase name="WHEN default browser step completed with RESULT_OK THEN set-to-default telemetry is recorded" classname="org.mozilla.fenix.onboarding.continuous.ContinuousOnboardingFeatureTest" time="0.046"/>
  <testcase name="WHEN sync secondary button is clicked THEN skip sign-in telemetry is recorded" classname="org.mozilla.fenix.onboarding.continuous.ContinuousOnboardingFeatureTest" time="0.048"/>
  <testcase name="getSyncOnboardingPageState returns the expected state" classname="org.mozilla.fenix.onboarding.continuous.ContinuousOnboardingFeatureTest" time="0.042"/>
  <testcase name="WHEN no sync button is clicked THEN no sign-in telemetry is recorded" classname="org.mozilla.fenix.onboarding.continuous.ContinuousOnboardingFeatureTest" time="0.044"/>
  <testcase name="WHEN feature disabled THEN shouldShowContinuousOnboarding returns false" classname="org.mozilla.fenix.onboarding.continuous.ContinuousOnboardingFeatureTest" time="0.046"/>
  <system-out><![CDATA[W/OverlayConfig: partition_order.xml does not exist.
W/PackageParser: Unknown element under <manifest>: queries at /work/src/mobile/android/fenix/app/../../../../obj-x86_64/gradle/build/mobile/android/fenix/app/intermediates/apk_for_local_test/debugUnitTest/packageDebugUnitTestForUnitTest/apk-for-local-test.ap_ Binary XML file line #74
W/PackageParser: Unknown element under <service>: property at /work/src/mobile/android/fenix/app/../../../../obj-x86_64/gradle/build/mobile/android/fenix/app/intermediates/apk_for_local_test/debugUnitTest/packageDebugUnitTestForUnitTest/apk-for-local-test.ap_ Binary XML file line #843
W/PackageParser: Unknown element under <service>: property at /work/src/mobile/android/fenix/app/../../../../obj-x86_64/gradle/build/mobile/android/fenix/app/intermediates/apk_for_local_test/debugUnitTest/packageDebugUnitTestForUnitTest/apk-for-local-test.ap_ Binary XML file line #861
W/PackageParser: Unknown element under <service>: property at /work/src/mobile/android/fenix/app/../../../../obj-x86_64/gradle/build/mobile/android/fenix/app/intermediates/apk_for_local_test/debugUnitTest/packageDebugUnitTestForUnitTest/apk-for-local-test.ap_ Binary XML file line #984
W/PackageParser: Unknown element under <service>: property at /work/src/mobile/android/fenix/app/../../../../obj-x86_64/gradle/build/mobile/android/fenix/app/intermediates/apk_for_local_test/debugUnitTest/packageDebugUnitTestForUnitTest/apk-for-local-test.ap_ Binary XML file line #993
W/PackageParser: Unknown element under <service>: property at /work/src/mobile/android/fenix/app/../../../../obj-x86_64/gradle/build/mobile/android/fenix/app/intermediates/apk_for_local_test/debugUnitTest/packageDebugUnitTestForUnitTest/apk-for-local-test.ap_ Binary XML file line #1002
I/glean/Glean: Registering pings for org.mozilla.fenix.GleanMetrics.Pings
E/glean/MetricsPingSched: MetricsPingScheduler last stored ping time was not valid
I/glean/MetricsPingSched: The 'metrics' ping is scheduled for immediate collection, 1787409962274
I/glean/MetricsPingSched: Collecting the 'metrics' ping, now = 1787409962274, startup = true, reason = overdue
D/glean/MetricsPingSched: Scheduling the 'metrics' ping in 47637726ms
D/AppCompatDelegate: Checking for metadata for AppLocalesMetadataHolderService : Service not found
D/LifecycleMonitor: Lifecycle status change: androidx.appcompat.app.AppCompatActivity@58ef1d59 in: PRE_ON_CREATE
D/LifecycleMonitor: Lifecycle status change: androidx.appcompat.app.AppCompatActivity@58ef1d59 in: CREATED
I [ContinuousOnboardingFeatureDefault] Showing notification-permission card dialog.
W/OverlayConfig: partition_order.xml does not exist.
W/PackageParser: Unknown element under <manifest>: queries at /work/src/mobile/android/fenix/app/../../../../obj-x86_64/gradle/build/mobile/android/fenix/app/intermediates/apk_for_local_test/debugUnitTest/packageDebugUnitTestForUnitTest/apk-for-local-test.ap_ Binary XML file line #74
W/PackageParser: Unknown element under <service>: property at /work/src/mobile/android/fenix/app/../../../../obj-x86_64/gradle/build/mobile/android/fenix/app/intermediates/apk_for_local_test/debugUnitTest/packageDebugUnitTestForUnitTest/apk-for-local-test.ap_ Binary XML file line #843
W/PackageParser: Unknown element under <service>: property at /work/src/mobile/android/fenix/app/../../../../obj-x86_64/gradle/build/mobile/android/fenix/app/intermediates/apk_for_local_test/debugUnitTest/packageDebugUnitTestForUnitTest/apk-for-local-test.ap_ Binary XML file line #861
W/PackageParser: Unknown element under <service>: property at /work/src/mobile/android/fenix/app/../../../../obj-x86_64/gradle/build/mobile/android/fenix/app/intermediates/apk_for_local_test/debugUnitTest/packageDebugUnitTestForUnitTest/apk-for-local-test.ap_ Binary XML file line #984
W/PackageParser: Unknown element under <service>: property at /work/src/mobile/android/fenix/app/../../../../obj-x86_64/gradle/build/mobile/android/fenix/app/intermediates/apk_for_local_test/debugUnitTest/packageDebugUnitTestForUnitTest/apk-for-local-test.ap_ Binary XML file line #993
W/PackageParser: Unknown element under <service>: property at /work/src/mobile/android/fenix/app/../../../../obj-x86_64/gradle/build/mobile/android/fenix/app/intermediates/apk_for_local_test/debugUnitTest/packageDebugUnitTestForUnitTest/apk-for-local-test.ap_ Binary XML file line #1002
I/glean/Glean: Registering pings for org.mozilla.fenix.GleanMetrics.Pings
E/glean/MetricsPingSched: MetricsPingScheduler last stored ping time was not valid
I/glean/MetricsPingSched: The 'metrics' ping is scheduled for immediate collection, 1787409962748
I/glean/MetricsPingSched: Collecting the 'metrics' ping, now = 1787409962748, startup = true, reason = overdue
D/glean/MetricsPingSched: Scheduling the 'metrics' ping in 47637252ms
D/LifecycleMonitor: Lifecycle status change: androidx.appcompat.app.AppCompatActivity@ba91fa0 in: PRE_ON_CREATE
D/LifecycleMonitor: Lifecycle status change: androidx.appcompat.app.AppCompatActivity@ba91fa0 in: CREATED
D [OnboardingTelemetryRecorder] Recording sync sign in click event, sequenceId: sync, sequencePosition: 0
D [OnboardingTelemetryRecorder] Recording onboarding completed event, sequenceId: sync, sequencePosition: 0, dismissedMethod: COMPLETED
W/OverlayConfig: partition_order.xml does not exist.
W/PackageParser: Unknown element under <manifest>: queries at /work/src/mobile/android/fenix/app/../../../../obj-x86_64/gradle/build/mobile/android/fenix/app/intermediates/apk_for_local_test/debugUnitTest/packageDebugUnitTestForUnitTest/apk-for-local-test.ap_ Binary XML file line #74
W/PackageParser: Unknown element under <service>: property at /work/src/mobile/android/fenix/app/../../../../obj-x86_64/gradle/build/mobile/android/fenix/app/intermediates/apk_for_local_test/debugUnitTest/packageDebugUnitTestForUnitTest/apk-for-local-test.ap_ Binary XML file line #843
W/PackageParser: Unknown element under <service>: property at /work/src/mobile/android/fenix/app/../../../../obj-x86_64/gradle/build/mobile/android/fenix/app/intermediates/apk_for_local_test/debugUnitTest/packageDebugUnitTestForUnitTest/apk-for-local-test.ap_ Binary XML file line #861
W/PackageParser: Unknown element under <service>: property at /work/src/mobile/android/fenix/app/../../../../obj-x86_64/gradle/build/mobile/android/fenix/app/intermediates/apk_for_local_test/debugUnitTest/packageDebugUnitTestForUnitTest/apk-for-local-test.ap_ Binary XML file line #984
W/PackageParser: Unknown element under <service>: property at /work/src/mobile/android/fenix/app/../../../../obj-x86_64/gradle/build/mobile/android/fenix/app/intermediates/apk_for_local_test/debugUnitTest/packageDebugUnitTestForUnitTest/apk-for-local-test.ap_ Binary XML file line #993
W/PackageParser: Unknown element under <service>: property at /work/src/mobile/android/fenix/app/../../../../obj-x86_64/gradle/build/mobile/android/fenix/app/intermediates/apk_for_local_test/debugUnitTest/packageDebugUnitTestForUnitTest/apk-for-local-test.ap_ Binary XML file line #1002
I/glean/Glean: Registering pings for org.mozilla.fenix.GleanMetrics.Pings
E/glean/MetricsPingSched: MetricsPingScheduler last stored ping time was not valid
I/glean/MetricsPingSched: The 'metrics' ping is scheduled for immediate collection, 1787409962802
I/glean/MetricsPingSched: Collecting the 'metrics' ping, now = 1787409962802, startup = true, reason = overdue
D/glean/MetricsPingSched: Scheduling the 'metrics' ping in 47637198ms
D/LifecycleMonitor: Lifecycle status change: androidx.appcompat.app.AppCompatActivity@c175c5c in: PRE_ON_CREATE
D/LifecycleMonitor: Lifecycle status change: androidx.appcompat.app.AppCompatActivity@c175c5c in: CREATED
D [OnboardingTelemetryRecorder] Recording set to default click event, sequenceId: default, sequencePosition: 0
I [ContinuousOnboardingFeatureDefault] Showing notification-permission card dialog.
W/OverlayConfig: partition_order.xml does not exist.
W/PackageParser: Unknown element under <manifest>: queries at /work/src/mobile/android/fenix/app/../../../../obj-x86_64/gradle/build/mobile/android/fenix/app/intermediates/apk_for_local_test/debugUnitTest/packageDebugUnitTestForUnitTest/apk-for-local-test.ap_ Binary XML file line #74
W/PackageParser: Unknown element under <service>: property at /work/src/mobile/android/fenix/app/../../../../obj-x86_64/gradle/build/mobile/android/fenix/app/intermediates/apk_for_local_test/debugUnitTest/packageDebugUnitTestForUnitTest/apk-for-local-test.ap_ Binary XML file line #843
W/PackageParser: Unknown element under <service>: property at /work/src/mobile/android/fenix/app/../../../../obj-x86_64/gradle/build/mobile/android/fenix/app/intermediates/apk_for_local_test/debugUnitTest/packageDebugUnitTestForUnitTest/apk-for-local-test.ap_ Binary XML file line #861
W/PackageParser: Unknown element under <service>: property at /work/src/mobile/android/fenix/app/../../../../obj-x86_64/gradle/build/mobile/android/fenix/app/intermediates/apk_for_local_test/debugUnitTest/packageDebugUnitTestForUnitTest/apk-for-local-test.ap_ Binary XML file line #984
W/PackageParser: Unknown element under <service>: property at /work/src/mobile/android/fenix/app/../../../../obj-x86_64/gradle/build/mobile/android/fenix/app/intermediates/apk_for_local_test/debugUnitTest/packageDebugUnitTestForUnitTest/apk-for-local-test.ap_ Binary XML file line #993
W/PackageParser: Unknown element under <service>: property at /work/src/mobile/android/fenix/app/../../../../obj-x86_64/gradle/build/mobile/android/fenix/app/intermediates/apk_for_local_test/debugUnitTest/packageDebugUnitTestForUnitTest/apk-for-local-test.ap_ Binary XML file line #1002
I/glean/Glean: Registering pings for org.mozilla.fenix.GleanMetrics.Pings
E/glean/MetricsPingSched: MetricsPingScheduler last stored ping time was not valid
I/glean/MetricsPingSched: The 'metrics' ping is scheduled for immediate collection, 1787409962864
I/glean/MetricsPingSched: Collecting the 'metrics' ping, now = 1787409962864, startup = true, reason = overdue
D/glean/MetricsPingSched: Scheduling the 'metrics' ping in 47637136ms
D/LifecycleMonitor: Lifecycle status change: androidx.appcompat.app.AppCompatActivity@37003d12 in: PRE_ON_CREATE
D/LifecycleMonitor: Lifecycle status change: androidx.appcompat.app.AppCompatActivity@37003d12 in: CREATED
I [ContinuousOnboardingFeatureDefault] Marking stage as completed: DAY_7
W/OverlayConfig: partition_order.xml does not exist.
W/PackageParser: Unknown element under <manifest>: queries at /work/src/mobile/android/fenix/app/../../../../obj-x86_64/gradle/build/mobile/android/fenix/app/intermediates/apk_for_local_test/debugUnitTest/packageDebugUnitTestForUnitTest/apk-for-local-test.ap_ Binary XML file line #74
W/PackageParser: Unknown element under <service>: property at /work/src/mobile/android/fenix/app/../../../../obj-x86_64/gradle/build/mobile/android/fenix/app/intermediates/apk_for_local_test/debugUnitTest/packageDebugUnitTestForUnitTest/apk-for-local-test.ap_ Binary XML file line #843
W/PackageParser: Unknown element under <service>: property at /work/src/mobile/android/fenix/app/../../../../obj-x86_64/gradle/build/mobile/android/fenix/app/intermediates/apk_for_local_test/debugUnitTest/packageDebugUnitTestForUnitTest/apk-for-local-test.ap_ Binary XML file line #861
W/PackageParser: Unknown element under <service>: property at /work/src/mobile/android/fenix/app/../../../../obj-x86_64/gradle/build/mobile/android/fenix/app/intermediates/apk_for_local_test/debugUnitTest/packageDebugUnitTestForUnitTest/apk-for-local-test.ap_ Binary XML file line #984
W/PackageParser: Unknown element under <service>: property at /work/src/mobile/android/fenix/app/../../../../obj-x86_64/gradle/build/mobile/android/fenix/app/intermediates/apk_for_local_test/debugUnitTest/packageDebugUnitTestForUnitTest/apk-for-local-test.ap_ Binary XML file line #993
W/PackageParser: Unknown element under <service>: property at /work/src/mobile/android/fenix/app/../../../../obj-x86_64/gradle/build/mobile/android/fenix/app/intermediates/apk_for_local_test/debugUnitTest/packageDebugUnitTestForUnitTest/apk-for-local-test.ap_ Binary XML file line #1002
I/glean/Glean: Registering pings for org.mozilla.fenix.GleanMetrics.Pings
E/glean/MetricsPingSched: MetricsPingScheduler last stored ping time was not valid
I/glean/MetricsPingSched: The 'metrics' ping is scheduled for immediate collection, 1787409962917
I/glean/MetricsPingSched: Collecting the 'metrics' ping, now = 1787409962917, startup = true, reason = overdue
D/glean/MetricsPingSched: Scheduling the 'metrics' ping in 47637083ms
D/LifecycleMonitor: Lifecycle status change: androidx.appcompat.app.AppCompatActivity@c140dd9 in: PRE_ON_CREATE
D/LifecycleMonitor: Lifecycle status change: androidx.appcompat.app.AppCompatActivity@c140dd9 in: CREATED
W/OverlayConfig: partition_order.xml does not exist.
W/PackageParser: Unknown element under <manifest>: queries at /work/src/mobile/android/fenix/app/../../../../obj-x86_64/gradle/build/mobile/android/fenix/app/intermediates/apk_for_local_test/debugUnitTest/packageDebugUnitTestForUnitTest/apk-for-local-test.ap_ Binary XML file line #74
W/PackageParser: Unknown element under <service>: property at /work/src/mobile/android/fenix/app/../../../../obj-x86_64/gradle/build/mobile/android/fenix/app/intermediates/apk_for_local_test/debugUnitTest/packageDebugUnitTestForUnitTest/apk-for-local-test.ap_ Binary XML file line #843
W/PackageParser: Unknown element under <service>: property at /work/src/mobile/android/fenix/app/../../../../obj-x86_64/gradle/build/mobile/android/fenix/app/intermediates/apk_for_local_test/debugUnitTest/packageDebugUnitTestForUnitTest/apk-for-local-test.ap_ Binary XML file line #861
W/PackageParser: Unknown element under <service>: property at /work/src/mobile/android/fenix/app/../../../../obj-x86_64/gradle/build/mobile/android/fenix/app/intermediates/apk_for_local_test/debugUnitTest/packageDebugUnitTestForUnitTest/apk-for-local-test.ap_ Binary XML file line #984
W/PackageParser: Unknown element under <service>: property at /work/src/mobile/android/fenix/app/../../../../obj-x86_64/gradle/build/mobile/android/fenix/app/intermediates/apk_for_local_test/debugUnitTest/packageDebugUnitTestForUnitTest/apk-for-local-test.ap_ Binary XML file line #993
W/PackageParser: Unknown element under <service>: property at /work/src/mobile/android/fenix/app/../../../../obj-x86_64/gradle/build/mobile/android/fenix/app/intermediates/apk_for_local_test/debugUnitTest/packageDebugUnitTestForUnitTest/apk-for-local-test.ap_ Binary XML file line #1002
I/glean/Glean: Registering pings for org.mozilla.fenix.GleanMetrics.Pings
E/glean/MetricsPingSched: MetricsPingScheduler last stored ping time was not valid
I/glean/MetricsPingSched: The 'metrics' ping is scheduled for immediate collection, 1787409962969
I/glean/MetricsPingSched: Collecting the 'metrics' ping, now = 1787409962969, startup = true, reason = overdue
D/glean/MetricsPingSched: Scheduling the 'metrics' ping in 47637031ms
D/LifecycleMonitor: Lifecycle status change: androidx.appcompat.app.AppCompatActivity@14c0f0af in: PRE_ON_CREATE
D/LifecycleMonitor: Lifecycle status change: androidx.appcompat.app.AppCompatActivity@14c0f0af in: CREATED
W/OverlayConfig: partition_order.xml does not exist.
W/PackageParser: Unknown element under <manifest>: queries at /work/src/mobile/android/fenix/app/../../../../obj-x86_64/gradle/build/mobile/android/fenix/app/intermediates/apk_for_local_test/debugUnitTest/packageDebugUnitTestForUnitTest/apk-for-local-test.ap_ Binary XML file line #74
W/PackageParser: Unknown element under <service>: property at /work/src/mobile/android/fenix/app/../../../../obj-x86_64/gradle/build/mobile/android/fenix/app/intermediates/apk_for_local_test/debugUnitTest/packageDebugUnitTestForUnitTest/apk-for-local-test.ap_ Binary XML file line #843
W/PackageParser: Unknown element under <service>: property at /work/src/mobile/android/fenix/app/../../../../obj-x86_64/gradle/build/mobile/android/fenix/app/intermediates/apk_for_local_test/debugUnitTest/packageDebugUnitTestForUnitTest/apk-for-local-test.ap_ Binary XML file line #861
W/PackageParser: Unknown element under <service>: property at /work/src/mobile/android/fenix/app/../../../../obj-x86_64/gradle/build/mobile/android/fenix/app/intermediates/apk_for_local_test/debugUnitTest/packageDebugUnitTestForUnitTest/apk-for-local-test.ap_ Binary XML file line #984
W/PackageParser: Unknown element under <service>: property at /work/src/mobile/android/fenix/app/../../../../obj-x86_64/gradle/build/mobile/android/fenix/app/intermediates/apk_for_local_test/debugUnitTest/packageDebugUnitTestForUnitTest/apk-for-local-test.ap_ Binary XML file line #993
W/PackageParser: Unknown element under <service>: property at /work/src/mobile/android/fenix/app/../../../../obj-x86_64/gradle/build/mobile/android/fenix/app/intermediates/apk_for_local_test/debugUnitTest/packageDebugUnitTestForUnitTest/apk-for-local-test.ap_ Binary XML file line #1002
I/glean/Glean: Registering pings for org.mozilla.fenix.GleanMetrics.Pings
E/glean/MetricsPingSched: MetricsPingScheduler last stored ping time was not valid
I/glean/MetricsPingSched: The 'metrics' ping is scheduled for immediate collection, 1787409963018
I/glean/MetricsPingSched: Collecting the 'metrics' ping, now = 1787409963018, startup = true, reason = overdue
D/glean/MetricsPingSched: Scheduling the 'metrics' ping in 47636982ms
D/LifecycleMonitor: Lifecycle status change: androidx.appcompat.app.AppCompatActivity@77e7887f in: PRE_ON_CREATE
D/LifecycleMonitor: Lifecycle status change: androidx.appcompat.app.AppCompatActivity@77e7887f in: CREATED
D [OnboardingTelemetryRecorder] Recording sync sign in click event, sequenceId: sync, sequencePosition: 0
D [OnboardingTelemetryRecorder] Recording onboarding completed event, sequenceId: sync, sequencePosition: 0, dismissedMethod: COMPLETED
W/OverlayConfig: partition_order.xml does not exist.
W/PackageParser: Unknown element under <manifest>: queries at /work/src/mobile/android/fenix/app/../../../../obj-x86_64/gradle/build/mobile/android/fenix/app/intermediates/apk_for_local_test/debugUnitTest/packageDebugUnitTestForUnitTest/apk-for-local-test.ap_ Binary XML file line #74
W/PackageParser: Unknown element under <service>: property at /work/src/mobile/android/fenix/app/../../../../obj-x86_64/gradle/build/mobile/android/fenix/app/intermediates/apk_for_local_test/debugUnitTest/packageDebugUnitTestForUnitTest/apk-for-local-test.ap_ Binary XML file line #843
W/PackageParser: Unknown element under <service>: property at /work/src/mobile/android/fenix/app/../../../../obj-x86_64/gradle/build/mobile/android/fenix/app/intermediates/apk_for_local_test/debugUnitTest/packageDebugUnitTestForUnitTest/apk-for-local-test.ap_ Binary XML file line #861
W/PackageParser: Unknown element under <service>: property at /work/src/mobile/android/fenix/app/../../../../obj-x86_64/gradle/build/mobile/android/fenix/app/intermediates/apk_for_local_test/debugUnitTest/packageDebugUnitTestForUnitTest/apk-for-local-test.ap_ Binary XML file line #984
W/PackageParser: Unknown element under <service>: property at /work/src/mobile/android/fenix/app/../../../../obj-x86_64/gradle/build/mobile/android/fenix/app/intermediates/apk_for_local_test/debugUnitTest/packageDebugUnitTestForUnitTest/apk-for-local-test.ap_ Binary XML file line #993
W/PackageParser: Unknown element under <service>: property at /work/src/mobile/android/fenix/app/../../../../obj-x86_64/gradle/build/mobile/android/fenix/app/intermediates/apk_for_local_test/debugUnitTest/packageDebugUnitTestForUnitTest/apk-for-local-test.ap_ Binary XML file line #1002
I/glean/Glean: Registering pings for org.mozilla.fenix.GleanMetrics.Pings
E/glean/MetricsPingSched: MetricsPingScheduler last stored ping time was not valid
I/glean/MetricsPingSched: The 'metrics' ping is scheduled for immediate collection, 1787409963070
I/glean/MetricsPingSched: Collecting the 'metrics' ping, now = 1787409963070, startup = true, reason = overdue
D/glean/MetricsPingSched: Scheduling the 'metrics' ping in 47636930ms
D/LifecycleMonitor: Lifecycle status change: androidx.appcompat.app.AppCompatActivity@4eb5668c in: PRE_ON_CREATE
D/LifecycleMonitor: Lifecycle status change: androidx.appcompat.app.AppCompatActivity@4eb5668c in: CREATED
I [ContinuousOnboardingFeatureDefault] continuousOnboardingCompleted: false
I [ContinuousOnboardingFeatureDefault] continuousOnboardingFeatureEnabled: true
W/OverlayConfig: partition_order.xml does not exist.
W/PackageParser: Unknown element under <manifest>: queries at /work/src/mobile/android/fenix/app/../../../../obj-x86_64/gradle/build/mobile/android/fenix/app/intermediates/apk_for_local_test/debugUnitTest/packageDebugUnitTestForUnitTest/apk-for-local-test.ap_ Binary XML file line #74
W/PackageParser: Unknown element under <service>: property at /work/src/mobile/android/fenix/app/../../../../obj-x86_64/gradle/build/mobile/android/fenix/app/intermediates/apk_for_local_test/debugUnitTest/packageDebugUnitTestForUnitTest/apk-for-local-test.ap_ Binary XML file line #843
W/PackageParser: Unknown element under <service>: property at /work/src/mobile/android/fenix/app/../../../../obj-x86_64/gradle/build/mobile/android/fenix/app/intermediates/apk_for_local_test/debugUnitTest/packageDebugUnitTestForUnitTest/apk-for-local-test.ap_ Binary XML file line #861
W/PackageParser: Unknown element under <service>: property at /work/src/mobile/android/fenix/app/../../../../obj-x86_64/gradle/build/mobile/android/fenix/app/intermediates/apk_for_local_test/debugUnitTest/packageDebugUnitTestForUnitTest/apk-for-local-test.ap_ Binary XML file line #984
W/PackageParser: Unknown element under <service>: property at /work/src/mobile/android/fenix/app/../../../../obj-x86_64/gradle/build/mobile/android/fenix/app/intermediates/apk_for_local_test/debugUnitTest/packageDebugUnitTestForUnitTest/apk-for-local-test.ap_ Binary XML file line #993
W/PackageParser: Unknown element under <service>: property at /work/src/mobile/android/fenix/app/../../../../obj-x86_64/gradle/build/mobile/android/fenix/app/intermediates/apk_for_local_test/debugUnitTest/packageDebugUnitTestForUnitTest/apk-for-local-test.ap_ Binary XML file line #1002
I/glean/Glean: Registering pings for org.mozilla.fenix.GleanMetrics.Pings
E/glean/MetricsPingSched: MetricsPingScheduler last stored ping time was not valid
I/glean/MetricsPingSched: The 'metrics' ping is scheduled for immediate collection, 1787409963124
I/glean/MetricsPingSched: Collecting the 'metrics' ping, now = 1787409963124, startup = true, reason = overdue
D/glean/MetricsPingSched: Scheduling the 'metrics' ping in 47636876ms
D/LifecycleMonitor: Lifecycle status change: androidx.appcompat.app.AppCompatActivity@79ab0816 in: PRE_ON_CREATE
D/LifecycleMonitor: Lifecycle status change: androidx.appcompat.app.AppCompatActivity@79ab0816 in: CREATED
I [ContinuousOnboardingFeatureDefault] continuousOnboardingCompleted: false
I [ContinuousOnboardingFeatureDefault] continuousOnboardingFeatureEnabled: true
W/OverlayConfig: partition_order.xml does not exist.
W/PackageParser: Unknown element under <manifest>: queries at /work/src/mobile/android/fenix/app/../../../../obj-x86_64/gradle/build/mobile/android/fenix/app/intermediates/apk_for_local_test/debugUnitTest/packageDebugUnitTestForUnitTest/apk-for-local-test.ap_ Binary XML file line #74
W/PackageParser: Unknown element under <service>: property at /work/src/mobile/android/fenix/app/../../../../obj-x86_64/gradle/build/mobile/android/fenix/app/intermediates/apk_for_local_test/debugUnitTest/packageDebugUnitTestForUnitTest/apk-for-local-test.ap_ Binary XML file line #843
W/PackageParser: Unknown element under <service>: property at /work/src/mobile/android/fenix/app/../../../../obj-x86_64/gradle/build/mobile/android/fenix/app/intermediates/apk_for_local_test/debugUnitTest/packageDebugUnitTestForUnitTest/apk-for-local-test.ap_ Binary XML file line #861
W/PackageParser: Unknown element under <service>: property at /work/src/mobile/android/fenix/app/../../../../obj-x86_64/gradle/build/mobile/android/fenix/app/intermediates/apk_for_local_test/debugUnitTest/packageDebugUnitTestForUnitTest/apk-for-local-test.ap_ Binary XML file line #984
W/PackageParser: Unknown element under <service>: property at /work/src/mobile/android/fenix/app/../../../../obj-x86_64/gradle/build/mobile/android/fenix/app/intermediates/apk_for_local_test/debugUnitTest/packageDebugUnitTestForUnitTest/apk-for-local-test.ap_ Binary XML file line #993
W/PackageParser: Unknown element under <service>: property at /work/src/mobile/android/fenix/app/../../../../obj-x86_64/gradle/build/mobile/android/fenix/app/intermediates/apk_for_local_test/debugUnitTest/packageDebugUnitTestForUnitTest/apk-for-local-test.ap_ Binary XML file line #1002
I/glean/Glean: Registering pings for org.mozilla.fenix.GleanMetrics.Pings
E/glean/MetricsPingSched: MetricsPingScheduler last stored ping time was not valid
I/glean/MetricsPingSched: The 'metrics' ping is scheduled for immediate collection, 1787409963173
I/glean/MetricsPingSched: Collecting the 'metrics' ping, now = 1787409963173, startup = true, reason = overdue
D/glean/MetricsPingSched: Scheduling the 'metrics' ping in 47636827ms
D/LifecycleMonitor: Lifecycle status change: androidx.appcompat.app.AppCompatActivity@5480946b in: PRE_ON_CREATE
D/LifecycleMonitor: Lifecycle status change: androidx.appcompat.app.AppCompatActivity@5480946b in: CREATED
I [ContinuousOnboardingFeatureDefault] continuousOnboardingCompleted: true
I [ContinuousOnboardingFeatureDefault] continuousOnboardingFeatureEnabled: true
W/OverlayConfig: partition_order.xml does not exist.
W/PackageParser: Unknown element under <manifest>: queries at /work/src/mobile/android/fenix/app/../../../../obj-x86_64/gradle/build/mobile/android/fenix/app/intermediates/apk_for_local_test/debugUnitTest/packageDebugUnitTestForUnitTest/apk-for-local-test.ap_ Binary XML file line #74
W/PackageParser: Unknown element under <service>: property at /work/src/mobile/android/fenix/app/../../../../obj-x86_64/gradle/build/mobile/android/fenix/app/intermediates/apk_for_local_test/debugUnitTest/packageDebugUnitTestForUnitTest/apk-for-local-test.ap_ Binary XML file line #843
W/PackageParser: Unknown element under <service>: property at /work/src/mobile/android/fenix/app/../../../../obj-x86_64/gradle/build/mobile/android/fenix/app/intermediates/apk_for_local_test/debugUnitTest/packageDebugUnitTestForUnitTest/apk-for-local-test.ap_ Binary XML file line #861
W/PackageParser: Unknown element under <service>: property at /work/src/mobile/android/fenix/app/../../../../obj-x86_64/gradle/build/mobile/android/fenix/app/intermediates/apk_for_local_test/debugUnitTest/packageDebugUnitTestForUnitTest/apk-for-local-test.ap_ Binary XML file line #984
W/PackageParser: Unknown element under <service>: property at /work/src/mobile/android/fenix/app/../../../../obj-x86_64/gradle/build/mobile/android/fenix/app/intermediates/apk_for_local_test/debugUnitTest/packageDebugUnitTestForUnitTest/apk-for-local-test.ap_ Binary XML file line #993
W/PackageParser: Unknown element under <service>: property at /work/src/mobile/android/fenix/app/../../../../obj-x86_64/gradle/build/mobile/android/fenix/app/intermediates/apk_for_local_test/debugUnitTest/packageDebugUnitTestForUnitTest/apk-for-local-test.ap_ Binary XML file line #1002
I/glean/Glean: Registering pings for org.mozilla.fenix.GleanMetrics.Pings
E/glean/MetricsPingSched: MetricsPingScheduler last stored ping time was not valid
I/glean/MetricsPingSched: The 'metrics' ping is scheduled for immediate collection, 1787409963226
I/glean/MetricsPingSched: Collecting the 'metrics' ping, now = 1787409963226, startup = true, reason = overdue
D/glean/MetricsPingSched: Scheduling the 'metrics' ping in 47636774ms
D/LifecycleMonitor: Lifecycle status change: androidx.appcompat.app.AppCompatActivity@3bf71974 in: PRE_ON_CREATE
D/LifecycleMonitor: Lifecycle status change: androidx.appcompat.app.AppCompatActivity@3bf71974 in: CREATED
I [ContinuousOnboardingFeatureDefault] Showing notification-permission card dialog.
W/OverlayConfig: partition_order.xml does not exist.
W/PackageParser: Unknown element under <manifest>: queries at /work/src/mobile/android/fenix/app/../../../../obj-x86_64/gradle/build/mobile/android/fenix/app/intermediates/apk_for_local_test/debugUnitTest/packageDebugUnitTestForUnitTest/apk-for-local-test.ap_ Binary XML file line #74
W/PackageParser: Unknown element under <service>: property at /work/src/mobile/android/fenix/app/../../../../obj-x86_64/gradle/build/mobile/android/fenix/app/intermediates/apk_for_local_test/debugUnitTest/packageDebugUnitTestForUnitTest/apk-for-local-test.ap_ Binary XML file line #843
W/PackageParser: Unknown element under <service>: property at /work/src/mobile/android/fenix/app/../../../../obj-x86_64/gradle/build/mobile/android/fenix/app/intermediates/apk_for_local_test/debugUnitTest/packageDebugUnitTestForUnitTest/apk-for-local-test.ap_ Binary XML file line #861
W/PackageParser: Unknown element under <service>: property at /work/src/mobile/android/fenix/app/../../../../obj-x86_64/gradle/build/mobile/android/fenix/app/intermediates/apk_for_local_test/debugUnitTest/packageDebugUnitTestForUnitTest/apk-for-local-test.ap_ Binary XML file line #984
W/PackageParser: Unknown element under <service>: property at /work/src/mobile/android/fenix/app/../../../../obj-x86_64/gradle/build/mobile/android/fenix/app/intermediates/apk_for_local_test/debugUnitTest/packageDebugUnitTestForUnitTest/apk-for-local-test.ap_ Binary XML file line #993
W/PackageParser: Unknown element under <service>: property at /work/src/mobile/android/fenix/app/../../../../obj-x86_64/gradle/build/mobile/android/fenix/app/intermediates/apk_for_local_test/debugUnitTest/packageDebugUnitTestForUnitTest/apk-for-local-test.ap_ Binary XML file line #1002
I/glean/Glean: Registering pings for org.mozilla.fenix.GleanMetrics.Pings
E/glean/MetricsPingSched: MetricsPingScheduler last stored ping time was not valid
I/glean/MetricsPingSched: The 'metrics' ping is scheduled for immediate collection, 1787409963273
I/glean/MetricsPingSched: Collecting the 'metrics' ping, now = 1787409963273, startup = true, reason = overdue
D/glean/MetricsPingSched: Scheduling the 'metrics' ping in 47636727ms
D/LifecycleMonitor: Lifecycle status change: androidx.appcompat.app.AppCompatActivity@135647ca in: PRE_ON_CREATE
D/LifecycleMonitor: Lifecycle status change: androidx.appcompat.app.AppCompatActivity@135647ca in: CREATED
D [OnboardingTelemetryRecorder] Recording on impression event, sequenceId: notification, pageType: NOTIFICATION_PERMISSION, sequencePosition: 0
W/OverlayConfig: partition_order.xml does not exist.
W/PackageParser: Unknown element under <manifest>: queries at /work/src/mobile/android/fenix/app/../../../../obj-x86_64/gradle/build/mobile/android/fenix/app/intermediates/apk_for_local_test/debugUnitTest/packageDebugUnitTestForUnitTest/apk-for-local-test.ap_ Binary XML file line #74
W/PackageParser: Unknown element under <service>: property at /work/src/mobile/android/fenix/app/../../../../obj-x86_64/gradle/build/mobile/android/fenix/app/intermediates/apk_for_local_test/debugUnitTest/packageDebugUnitTestForUnitTest/apk-for-local-test.ap_ Binary XML file line #843
W/PackageParser: Unknown element under <service>: property at /work/src/mobile/android/fenix/app/../../../../obj-x86_64/gradle/build/mobile/android/fenix/app/intermediates/apk_for_local_test/debugUnitTest/packageDebugUnitTestForUnitTest/apk-for-local-test.ap_ Binary XML file line #861
W/PackageParser: Unknown element under <service>: property at /work/src/mobile/android/fenix/app/../../../../obj-x86_64/gradle/build/mobile/android/fenix/app/intermediates/apk_for_local_test/debugUnitTest/packageDebugUnitTestForUnitTest/apk-for-local-test.ap_ Binary XML file line #984
W/PackageParser: Unknown element under <service>: property at /work/src/mobile/android/fenix/app/../../../../obj-x86_64/gradle/build/mobile/android/fenix/app/intermediates/apk_for_local_test/debugUnitTest/packageDebugUnitTestForUnitTest/apk-for-local-test.ap_ Binary XML file line #993
W/PackageParser: Unknown element under <service>: property at /work/src/mobile/android/fenix/app/../../../../obj-x86_64/gradle/build/mobile/android/fenix/app/intermediates/apk_for_local_test/debugUnitTest/packageDebugUnitTestForUnitTest/apk-for-local-test.ap_ Binary XML file line #1002
I/glean/Glean: Registering pings for org.mozilla.fenix.GleanMetrics.Pings
E/glean/MetricsPingSched: MetricsPingScheduler last stored ping time was not valid
I/glean/MetricsPingSched: The 'metrics' ping is scheduled for immediate collection, 1787409963322
I/glean/MetricsPingSched: Collecting the 'metrics' ping, now = 1787409963322, startup = true, reason = overdue
D/glean/MetricsPingSched: Scheduling the 'metrics' ping in 47636678ms
D/LifecycleMonitor: Lifecycle status change: androidx.appcompat.app.AppCompatActivity@59db21c3 in: PRE_ON_CREATE
D/LifecycleMonitor: Lifecycle status change: androidx.appcompat.app.AppCompatActivity@59db21c3 in: CREATED
D [OnboardingTelemetryRecorder] Recording skip notification permission click event, sequenceId: notification, sequencePosition: 0, elementType: secondary_button
W/OverlayConfig: partition_order.xml does not exist.
W/PackageParser: Unknown element under <manifest>: queries at /work/src/mobile/android/fenix/app/../../../../obj-x86_64/gradle/build/mobile/android/fenix/app/intermediates/apk_for_local_test/debugUnitTest/packageDebugUnitTestForUnitTest/apk-for-local-test.ap_ Binary XML file line #74
W/PackageParser: Unknown element under <service>: property at /work/src/mobile/android/fenix/app/../../../../obj-x86_64/gradle/build/mobile/android/fenix/app/intermediates/apk_for_local_test/debugUnitTest/packageDebugUnitTestForUnitTest/apk-for-local-test.ap_ Binary XML file line #843
W/PackageParser: Unknown element under <service>: property at /work/src/mobile/android/fenix/app/../../../../obj-x86_64/gradle/build/mobile/android/fenix/app/intermediates/apk_for_local_test/debugUnitTest/packageDebugUnitTestForUnitTest/apk-for-local-test.ap_ Binary XML file line #861
W/PackageParser: Unknown element under <service>: property at /work/src/mobile/android/fenix/app/../../../../obj-x86_64/gradle/build/mobile/android/fenix/app/intermediates/apk_for_local_test/debugUnitTest/packageDebugUnitTestForUnitTest/apk-for-local-test.ap_ Binary XML file line #984
W/PackageParser: Unknown element under <service>: property at /work/src/mobile/android/fenix/app/../../../../obj-x86_64/gradle/build/mobile/android/fenix/app/intermediates/apk_for_local_test/debugUnitTest/packageDebugUnitTestForUnitTest/apk-for-local-test.ap_ Binary XML file line #993
W/PackageParser: Unknown element under <service>: property at /work/src/mobile/android/fenix/app/../../../../obj-x86_64/gradle/build/mobile/android/fenix/app/intermediates/apk_for_local_test/debugUnitTest/packageDebugUnitTestForUnitTest/apk-for-local-test.ap_ Binary XML file line #1002
I/glean/Glean: Registering pings for org.mozilla.fenix.GleanMetrics.Pings
E/glean/MetricsPingSched: MetricsPingScheduler last stored ping time was not valid
I/glean/MetricsPingSched: The 'metrics' ping is scheduled for immediate collection, 1787409963366
I/glean/MetricsPingSched: Collecting the 'metrics' ping, now = 1787409963366, startup = true, reason = overdue
D/glean/MetricsPingSched: Scheduling the 'metrics' ping in 47636634ms
D/LifecycleMonitor: Lifecycle status change: androidx.appcompat.app.AppCompatActivity@6e5b2b7b in: PRE_ON_CREATE
D/LifecycleMonitor: Lifecycle status change: androidx.appcompat.app.AppCompatActivity@6e5b2b7b in: CREATED
D [OnboardingTelemetryRecorder] Recording notification permission click event, sequenceId: notification, sequencePosition: 0
W/OverlayConfig: partition_order.xml does not exist.
W/PackageParser: Unknown element under <manifest>: queries at /work/src/mobile/android/fenix/app/../../../../obj-x86_64/gradle/build/mobile/android/fenix/app/intermediates/apk_for_local_test/debugUnitTest/packageDebugUnitTestForUnitTest/apk-for-local-test.ap_ Binary XML file line #74
W/PackageParser: Unknown element under <service>: property at /work/src/mobile/android/fenix/app/../../../../obj-x86_64/gradle/build/mobile/android/fenix/app/intermediates/apk_for_local_test/debugUnitTest/packageDebugUnitTestForUnitTest/apk-for-local-test.ap_ Binary XML file line #843
W/PackageParser: Unknown element under <service>: property at /work/src/mobile/android/fenix/app/../../../../obj-x86_64/gradle/build/mobile/android/fenix/app/intermediates/apk_for_local_test/debugUnitTest/packageDebugUnitTestForUnitTest/apk-for-local-test.ap_ Binary XML file line #861
W/PackageParser: Unknown element under <service>: property at /work/src/mobile/android/fenix/app/../../../../obj-x86_64/gradle/build/mobile/android/fenix/app/intermediates/apk_for_local_test/debugUnitTest/packageDebugUnitTestForUnitTest/apk-for-local-test.ap_ Binary XML file line #984
W/PackageParser: Unknown element under <service>: property at /work/src/mobile/android/fenix/app/../../../../obj-x86_64/gradle/build/mobile/android/fenix/app/intermediates/apk_for_local_test/debugUnitTest/packageDebugUnitTestForUnitTest/apk-for-local-test.ap_ Binary XML file line #993
W/PackageParser: Unknown element under <service>: property at /work/src/mobile/android/fenix/app/../../../../obj-x86_64/gradle/build/mobile/android/fenix/app/intermediates/apk_for_local_test/debugUnitTest/packageDebugUnitTestForUnitTest/apk-for-local-test.ap_ Binary XML file line #1002
I/glean/Glean: Registering pings for org.mozilla.fenix.GleanMetrics.Pings
E/glean/MetricsPingSched: MetricsPingScheduler last stored ping time was not valid
I/glean/MetricsPingSched: The 'metrics' ping is scheduled for immediate collection, 1787409963411
I/glean/MetricsPingSched: Collecting the 'metrics' ping, now = 1787409963411, startup = true, reason = overdue
D/glean/MetricsPingSched: Scheduling the 'metrics' ping in 47636589ms
D/LifecycleMonitor: Lifecycle status change: androidx.appcompat.app.AppCompatActivity@59840884 in: PRE_ON_CREATE
D/LifecycleMonitor: Lifecycle status change: androidx.appcompat.app.AppCompatActivity@59840884 in: CREATED
I [ContinuousOnboardingFeatureDefault] Marking stage as completed: NONE
W/OverlayConfig: partition_order.xml does not exist.
W/PackageParser: Unknown element under <manifest>: queries at /work/src/mobile/android/fenix/app/../../../../obj-x86_64/gradle/build/mobile/android/fenix/app/intermediates/apk_for_local_test/debugUnitTest/packageDebugUnitTestForUnitTest/apk-for-local-test.ap_ Binary XML file line #74
W/PackageParser: Unknown element under <service>: property at /work/src/mobile/android/fenix/app/../../../../obj-x86_64/gradle/build/mobile/android/fenix/app/intermediates/apk_for_local_test/debugUnitTest/packageDebugUnitTestForUnitTest/apk-for-local-test.ap_ Binary XML file line #843
W/PackageParser: Unknown element under <service>: property at /work/src/mobile/android/fenix/app/../../../../obj-x86_64/gradle/build/mobile/android/fenix/app/intermediates/apk_for_local_test/debugUnitTest/packageDebugUnitTestForUnitTest/apk-for-local-test.ap_ Binary XML file line #861
W/PackageParser: Unknown element under <service>: property at /work/src/mobile/android/fenix/app/../../../../obj-x86_64/gradle/build/mobile/android/fenix/app/intermediates/apk_for_local_test/debugUnitTest/packageDebugUnitTestForUnitTest/apk-for-local-test.ap_ Binary XML file line #984
W/PackageParser: Unknown element under <service>: property at /work/src/mobile/android/fenix/app/../../../../obj-x86_64/gradle/build/mobile/android/fenix/app/intermediates/apk_for_local_test/debugUnitTest/packageDebugUnitTestForUnitTest/apk-for-local-test.ap_ Binary XML file line #993
W/PackageParser: Unknown element under <service>: property at /work/src/mobile/android/fenix/app/../../../../obj-x86_64/gradle/build/mobile/android/fenix/app/intermediates/apk_for_local_test/debugUnitTest/packageDebugUnitTestForUnitTest/apk-for-local-test.ap_ Binary XML file line #1002
I/glean/Glean: Registering pings for org.mozilla.fenix.GleanMetrics.Pings
E/glean/MetricsPingSched: MetricsPingScheduler last stored ping time was not valid
I/glean/MetricsPingSched: The 'metrics' ping is scheduled for immediate collection, 1787409963456
I/glean/MetricsPingSched: Collecting the 'metrics' ping, now = 1787409963456, startup = true, reason = overdue
D/glean/MetricsPingSched: Scheduling the 'metrics' ping in 47636544ms
D/LifecycleMonitor: Lifecycle status change: androidx.appcompat.app.AppCompatActivity@2e315ae1 in: PRE_ON_CREATE
D/LifecycleMonitor: Lifecycle status change: androidx.appcompat.app.AppCompatActivity@2e315ae1 in: CREATED
D [OnboardingTelemetryRecorder] Recording on impression event, sequenceId: sync, pageType: SYNC_SIGN_IN, sequencePosition: 0
W/OverlayConfig: partition_order.xml does not exist.
W/PackageParser: Unknown element under <manifest>: queries at /work/src/mobile/android/fenix/app/../../../../obj-x86_64/gradle/build/mobile/android/fenix/app/intermediates/apk_for_local_test/debugUnitTest/packageDebugUnitTestForUnitTest/apk-for-local-test.ap_ Binary XML file line #74
W/PackageParser: Unknown element under <service>: property at /work/src/mobile/android/fenix/app/../../../../obj-x86_64/gradle/build/mobile/android/fenix/app/intermediates/apk_for_local_test/debugUnitTest/packageDebugUnitTestForUnitTest/apk-for-local-test.ap_ Binary XML file line #843
W/PackageParser: Unknown element under <service>: property at /work/src/mobile/android/fenix/app/../../../../obj-x86_64/gradle/build/mobile/android/fenix/app/intermediates/apk_for_local_test/debugUnitTest/packageDebugUnitTestForUnitTest/apk-for-local-test.ap_ Binary XML file line #861
W/PackageParser: Unknown element under <service>: property at /work/src/mobile/android/fenix/app/../../../../obj-x86_64/gradle/build/mobile/android/fenix/app/intermediates/apk_for_local_test/debugUnitTest/packageDebugUnitTestForUnitTest/apk-for-local-test.ap_ Binary XML file line #984
W/PackageParser: Unknown element under <service>: property at /work/src/mobile/android/fenix/app/../../../../obj-x86_64/gradle/build/mobile/android/fenix/app/intermediates/apk_for_local_test/debugUnitTest/packageDebugUnitTestForUnitTest/apk-for-local-test.ap_ Binary XML file line #993
W/PackageParser: Unknown element under <service>: property at /work/src/mobile/android/fenix/app/../../../../obj-x86_64/gradle/build/mobile/android/fenix/app/intermediates/apk_for_local_test/debugUnitTest/packageDebugUnitTestForUnitTest/apk-for-local-test.ap_ Binary XML file line #1002
I/glean/Glean: Registering pings for org.mozilla.fenix.GleanMetrics.Pings
E/glean/MetricsPingSched: MetricsPingScheduler last stored ping time was not valid
I/glean/MetricsPingSched: The 'metrics' ping is scheduled for immediate collection, 1787409963501
I/glean/MetricsPingSched: Collecting the 'metrics' ping, now = 1787409963501, startup = true, reason = overdue
D/glean/MetricsPingSched: Scheduling the 'metrics' ping in 47636499ms
D/LifecycleMonitor: Lifecycle status change: androidx.appcompat.app.AppCompatActivity@22c73033 in: PRE_ON_CREATE
D/LifecycleMonitor: Lifecycle status change: androidx.appcompat.app.AppCompatActivity@22c73033 in: CREATED
I [ContinuousOnboardingFeatureDefault] continuousOnboardingCompleted: false
I [ContinuousOnboardingFeatureDefault] continuousOnboardingFeatureEnabled: true
W/OverlayConfig: partition_order.xml does not exist.
W/PackageParser: Unknown element under <manifest>: queries at /work/src/mobile/android/fenix/app/../../../../obj-x86_64/gradle/build/mobile/android/fenix/app/intermediates/apk_for_local_test/debugUnitTest/packageDebugUnitTestForUnitTest/apk-for-local-test.ap_ Binary XML file line #74
W/PackageParser: Unknown element under <service>: property at /work/src/mobile/android/fenix/app/../../../../obj-x86_64/gradle/build/mobile/android/fenix/app/intermediates/apk_for_local_test/debugUnitTest/packageDebugUnitTestForUnitTest/apk-for-local-test.ap_ Binary XML file line #843
W/PackageParser: Unknown element under <service>: property at /work/src/mobile/android/fenix/app/../../../../obj-x86_64/gradle/build/mobile/android/fenix/app/intermediates/apk_for_local_test/debugUnitTest/packageDebugUnitTestForUnitTest/apk-for-local-test.ap_ Binary XML file line #861
W/PackageParser: Unknown element under <service>: property at /work/src/mobile/android/fenix/app/../../../../obj-x86_64/gradle/build/mobile/android/fenix/app/intermediates/apk_for_local_test/debugUnitTest/packageDebugUnitTestForUnitTest/apk-for-local-test.ap_ Binary XML file line #984
W/PackageParser: Unknown element under <service>: property at /work/src/mobile/android/fenix/app/../../../../obj-x86_64/gradle/build/mobile/android/fenix/app/intermediates/apk_for_local_test/debugUnitTest/packageDebugUnitTestForUnitTest/apk-for-local-test.ap_ Binary XML file line #993
W/PackageParser: Unknown element under <service>: property at /work/src/mobile/android/fenix/app/../../../../obj-x86_64/gradle/build/mobile/android/fenix/app/intermediates/apk_for_local_test/debugUnitTest/packageDebugUnitTestForUnitTest/apk-for-local-test.ap_ Binary XML file line #1002
I/glean/Glean: Registering pings for org.mozilla.fenix.GleanMetrics.Pings
E/glean/MetricsPingSched: MetricsPingScheduler last stored ping time was not valid
I/glean/MetricsPingSched: The 'metrics' ping is scheduled for immediate collection, 1787409963548
I/glean/MetricsPingSched: Collecting the 'metrics' ping, now = 1787409963548, startup = true, reason = overdue
D/glean/MetricsPingSched: Scheduling the 'metrics' ping in 47636452ms
D/LifecycleMonitor: Lifecycle status change: androidx.appcompat.app.AppCompatActivity@76198929 in: PRE_ON_CREATE
D/LifecycleMonitor: Lifecycle status change: androidx.appcompat.app.AppCompatActivity@76198929 in: CREATED
I [ContinuousOnboardingFeatureDefault] Marking stage as completed: DAY_3
W/OverlayConfig: partition_order.xml does not exist.
W/PackageParser: Unknown element under <manifest>: queries at /work/src/mobile/android/fenix/app/../../../../obj-x86_64/gradle/build/mobile/android/fenix/app/intermediates/apk_for_local_test/debugUnitTest/packageDebugUnitTestForUnitTest/apk-for-local-test.ap_ Binary XML file line #74
W/PackageParser: Unknown element under <service>: property at /work/src/mobile/android/fenix/app/../../../../obj-x86_64/gradle/build/mobile/android/fenix/app/intermediates/apk_for_local_test/debugUnitTest/packageDebugUnitTestForUnitTest/apk-for-local-test.ap_ Binary XML file line #843
W/PackageParser: Unknown element under <service>: property at /work/src/mobile/android/fenix/app/../../../../obj-x86_64/gradle/build/mobile/android/fenix/app/intermediates/apk_for_local_test/debugUnitTest/packageDebugUnitTestForUnitTest/apk-for-local-test.ap_ Binary XML file line #861
W/PackageParser: Unknown element under <service>: property at /work/src/mobile/android/fenix/app/../../../../obj-x86_64/gradle/build/mobile/android/fenix/app/intermediates/apk_for_local_test/debugUnitTest/packageDebugUnitTestForUnitTest/apk-for-local-test.ap_ Binary XML file line #984
W/PackageParser: Unknown element under <service>: property at /work/src/mobile/android/fenix/app/../../../../obj-x86_64/gradle/build/mobile/android/fenix/app/intermediates/apk_for_local_test/debugUnitTest/packageDebugUnitTestForUnitTest/apk-for-local-test.ap_ Binary XML file line #993
W/PackageParser: Unknown element under <service>: property at /work/src/mobile/android/fenix/app/../../../../obj-x86_64/gradle/build/mobile/android/fenix/app/intermediates/apk_for_local_test/debugUnitTest/packageDebugUnitTestForUnitTest/apk-for-local-test.ap_ Binary XML file line #1002
I/glean/Glean: Registering pings for org.mozilla.fenix.GleanMetrics.Pings
E/glean/MetricsPingSched: MetricsPingScheduler last stored ping time was not valid
I/glean/MetricsPingSched: The 'metrics' ping is scheduled for immediate collection, 1787409963593
I/glean/MetricsPingSched: Collecting the 'metrics' ping, now = 1787409963593, startup = true, reason = overdue
D/glean/MetricsPingSched: Scheduling the 'metrics' ping in 47636407ms
D/LifecycleMonitor: Lifecycle status change: androidx.appcompat.app.AppCompatActivity@596c0215 in: PRE_ON_CREATE
D/LifecycleMonitor: Lifecycle status change: androidx.appcompat.app.AppCompatActivity@596c0215 in: CREATED
I [ContinuousOnboardingFeatureDefault] Marking stage as completed: DAY_2
W/OverlayConfig: partition_order.xml does not exist.
W/PackageParser: Unknown element under <manifest>: queries at /work/src/mobile/android/fenix/app/../../../../obj-x86_64/gradle/build/mobile/android/fenix/app/intermediates/apk_for_local_test/debugUnitTest/packageDebugUnitTestForUnitTest/apk-for-local-test.ap_ Binary XML file line #74
W/PackageParser: Unknown element under <service>: property at /work/src/mobile/android/fenix/app/../../../../obj-x86_64/gradle/build/mobile/android/fenix/app/intermediates/apk_for_local_test/debugUnitTest/packageDebugUnitTestForUnitTest/apk-for-local-test.ap_ Binary XML file line #843
W/PackageParser: Unknown element under <service>: property at /work/src/mobile/android/fenix/app/../../../../obj-x86_64/gradle/build/mobile/android/fenix/app/intermediates/apk_for_local_test/debugUnitTest/packageDebugUnitTestForUnitTest/apk-for-local-test.ap_ Binary XML file line #861
W/PackageParser: Unknown element under <service>: property at /work/src/mobile/android/fenix/app/../../../../obj-x86_64/gradle/build/mobile/android/fenix/app/intermediates/apk_for_local_test/debugUnitTest/packageDebugUnitTestForUnitTest/apk-for-local-test.ap_ Binary XML file line #984
W/PackageParser: Unknown element under <service>: property at /work/src/mobile/android/fenix/app/../../../../obj-x86_64/gradle/build/mobile/android/fenix/app/intermediates/apk_for_local_test/debugUnitTest/packageDebugUnitTestForUnitTest/apk-for-local-test.ap_ Binary XML file line #993
W/PackageParser: Unknown element under <service>: property at /work/src/mobile/android/fenix/app/../../../../obj-x86_64/gradle/build/mobile/android/fenix/app/intermediates/apk_for_local_test/debugUnitTest/packageDebugUnitTestForUnitTest/apk-for-local-test.ap_ Binary XML file line #1002
I/glean/Glean: Registering pings for org.mozilla.fenix.GleanMetrics.Pings
E/glean/MetricsPingSched: MetricsPingScheduler last stored ping time was not valid
I/glean/MetricsPingSched: The 'metrics' ping is scheduled for immediate collection, 1787409963641
I/glean/MetricsPingSched: Collecting the 'metrics' ping, now = 1787409963641, startup = true, reason = overdue
D/glean/MetricsPingSched: Scheduling the 'metrics' ping in 47636359ms
D/LifecycleMonitor: Lifecycle status change: androidx.appcompat.app.AppCompatActivity@71ca6321 in: PRE_ON_CREATE
D/LifecycleMonitor: Lifecycle status change: androidx.appcompat.app.AppCompatActivity@71ca6321 in: CREATED
D [OnboardingTelemetryRecorder] Recording set to default click event, sequenceId: default, sequencePosition: 0
I [ContinuousOnboardingFeatureDefault] Showing notification-permission card dialog.
W/OverlayConfig: partition_order.xml does not exist.
W/PackageParser: Unknown element under <manifest>: queries at /work/src/mobile/android/fenix/app/../../../../obj-x86_64/gradle/build/mobile/android/fenix/app/intermediates/apk_for_local_test/debugUnitTest/packageDebugUnitTestForUnitTest/apk-for-local-test.ap_ Binary XML file line #74
W/PackageParser: Unknown element under <service>: property at /work/src/mobile/android/fenix/app/../../../../obj-x86_64/gradle/build/mobile/android/fenix/app/intermediates/apk_for_local_test/debugUnitTest/packageDebugUnitTestForUnitTest/apk-for-local-test.ap_ Binary XML file line #843
W/PackageParser: Unknown element under <service>: property at /work/src/mobile/android/fenix/app/../../../../obj-x86_64/gradle/build/mobile/android/fenix/app/intermediates/apk_for_local_test/debugUnitTest/packageDebugUnitTestForUnitTest/apk-for-local-test.ap_ Binary XML file line #861
W/PackageParser: Unknown element under <service>: property at /work/src/mobile/android/fenix/app/../../../../obj-x86_64/gradle/build/mobile/android/fenix/app/intermediates/apk_for_local_test/debugUnitTest/packageDebugUnitTestForUnitTest/apk-for-local-test.ap_ Binary XML file line #984
W/PackageParser: Unknown element under <service>: property at /work/src/mobile/android/fenix/app/../../../../obj-x86_64/gradle/build/mobile/android/fenix/app/intermediates/apk_for_local_test/debugUnitTest/packageDebugUnitTestForUnitTest/apk-for-local-test.ap_ Binary XML file line #993
W/PackageParser: Unknown element under <service>: property at /work/src/mobile/android/fenix/app/../../../../obj-x86_64/gradle/build/mobile/android/fenix/app/intermediates/apk_for_local_test/debugUnitTest/packageDebugUnitTestForUnitTest/apk-for-local-test.ap_ Binary XML file line #1002
I/glean/Glean: Registering pings for org.mozilla.fenix.GleanMetrics.Pings
E/glean/MetricsPingSched: MetricsPingScheduler last stored ping time was not valid
I/glean/MetricsPingSched: The 'metrics' ping is scheduled for immediate collection, 1787409963687
I/glean/MetricsPingSched: Collecting the 'metrics' ping, now = 1787409963687, startup = true, reason = overdue
D/glean/MetricsPingSched: Scheduling the 'metrics' ping in 47636313ms
D/LifecycleMonitor: Lifecycle status change: androidx.appcompat.app.AppCompatActivity@478d457f in: PRE_ON_CREATE
D/LifecycleMonitor: Lifecycle status change: androidx.appcompat.app.AppCompatActivity@478d457f in: CREATED
D [OnboardingTelemetryRecorder] Recording skip sign in click event, sequenceId: sync, sequencePosition: 0, elementType: secondary_button
D [OnboardingTelemetryRecorder] Recording onboarding completed event, sequenceId: sync, sequencePosition: 0, dismissedMethod: SKIPPED
W/OverlayConfig: partition_order.xml does not exist.
W/PackageParser: Unknown element under <manifest>: queries at /work/src/mobile/android/fenix/app/../../../../obj-x86_64/gradle/build/mobile/android/fenix/app/intermediates/apk_for_local_test/debugUnitTest/packageDebugUnitTestForUnitTest/apk-for-local-test.ap_ Binary XML file line #74
W/PackageParser: Unknown element under <service>: property at /work/src/mobile/android/fenix/app/../../../../obj-x86_64/gradle/build/mobile/android/fenix/app/intermediates/apk_for_local_test/debugUnitTest/packageDebugUnitTestForUnitTest/apk-for-local-test.ap_ Binary XML file line #843
W/PackageParser: Unknown element under <service>: property at /work/src/mobile/android/fenix/app/../../../../obj-x86_64/gradle/build/mobile/android/fenix/app/intermediates/apk_for_local_test/debugUnitTest/packageDebugUnitTestForUnitTest/apk-for-local-test.ap_ Binary XML file line #861
W/PackageParser: Unknown element under <service>: property at /work/src/mobile/android/fenix/app/../../../../obj-x86_64/gradle/build/mobile/android/fenix/app/intermediates/apk_for_local_test/debugUnitTest/packageDebugUnitTestForUnitTest/apk-for-local-test.ap_ Binary XML file line #984
W/PackageParser: Unknown element under <service>: property at /work/src/mobile/android/fenix/app/../../../../obj-x86_64/gradle/build/mobile/android/fenix/app/intermediates/apk_for_local_test/debugUnitTest/packageDebugUnitTestForUnitTest/apk-for-local-test.ap_ Binary XML file line #993
W/PackageParser: Unknown element under <service>: property at /work/src/mobile/android/fenix/app/../../../../obj-x86_64/gradle/build/mobile/android/fenix/app/intermediates/apk_for_local_test/debugUnitTest/packageDebugUnitTestForUnitTest/apk-for-local-test.ap_ Binary XML file line #1002
I/glean/Glean: Registering pings for org.mozilla.fenix.GleanMetrics.Pings
E/glean/MetricsPingSched: MetricsPingScheduler last stored ping time was not valid
I/glean/MetricsPingSched: The 'metrics' ping is scheduled for immediate collection, 1787409963733
I/glean/MetricsPingSched: Collecting the 'metrics' ping, now = 1787409963733, startup = true, reason = overdue
D/glean/MetricsPingSched: Scheduling the 'metrics' ping in 47636267ms
D/LifecycleMonitor: Lifecycle status change: androidx.appcompat.app.AppCompatActivity@2f304dea in: PRE_ON_CREATE
D/LifecycleMonitor: Lifecycle status change: androidx.appcompat.app.AppCompatActivity@2f304dea in: CREATED
W/OverlayConfig: partition_order.xml does not exist.
W/PackageParser: Unknown element under <manifest>: queries at /work/src/mobile/android/fenix/app/../../../../obj-x86_64/gradle/build/mobile/android/fenix/app/intermediates/apk_for_local_test/debugUnitTest/packageDebugUnitTestForUnitTest/apk-for-local-test.ap_ Binary XML file line #74
W/PackageParser: Unknown element under <service>: property at /work/src/mobile/android/fenix/app/../../../../obj-x86_64/gradle/build/mobile/android/fenix/app/intermediates/apk_for_local_test/debugUnitTest/packageDebugUnitTestForUnitTest/apk-for-local-test.ap_ Binary XML file line #843
W/PackageParser: Unknown element under <service>: property at /work/src/mobile/android/fenix/app/../../../../obj-x86_64/gradle/build/mobile/android/fenix/app/intermediates/apk_for_local_test/debugUnitTest/packageDebugUnitTestForUnitTest/apk-for-local-test.ap_ Binary XML file line #861
W/PackageParser: Unknown element under <service>: property at /work/src/mobile/android/fenix/app/../../../../obj-x86_64/gradle/build/mobile/android/fenix/app/intermediates/apk_for_local_test/debugUnitTest/packageDebugUnitTestForUnitTest/apk-for-local-test.ap_ Binary XML file line #984
W/PackageParser: Unknown element under <service>: property at /work/src/mobile/android/fenix/app/../../../../obj-x86_64/gradle/build/mobile/android/fenix/app/intermediates/apk_for_local_test/debugUnitTest/packageDebugUnitTestForUnitTest/apk-for-local-test.ap_ Binary XML file line #993
W/PackageParser: Unknown element under <service>: property at /work/src/mobile/android/fenix/app/../../../../obj-x86_64/gradle/build/mobile/android/fenix/app/intermediates/apk_for_local_test/debugUnitTest/packageDebugUnitTestForUnitTest/apk-for-local-test.ap_ Binary XML file line #1002
I/glean/Glean: Registering pings for org.mozilla.fenix.GleanMetrics.Pings
E/glean/MetricsPingSched: MetricsPingScheduler last stored ping time was not valid
I/glean/MetricsPingSched: The 'metrics' ping is scheduled for immediate collection, 1787409963775
I/glean/MetricsPingSched: Collecting the 'metrics' ping, now = 1787409963775, startup = true, reason = overdue
D/glean/MetricsPingSched: Scheduling the 'metrics' ping in 47636225ms
D/LifecycleMonitor: Lifecycle status change: androidx.appcompat.app.AppCompatActivity@71424a67 in: PRE_ON_CREATE
D/LifecycleMonitor: Lifecycle status change: androidx.appcompat.app.AppCompatActivity@71424a67 in: CREATED
W/OverlayConfig: partition_order.xml does not exist.
W/PackageParser: Unknown element under <manifest>: queries at /work/src/mobile/android/fenix/app/../../../../obj-x86_64/gradle/build/mobile/android/fenix/app/intermediates/apk_for_local_test/debugUnitTest/packageDebugUnitTestForUnitTest/apk-for-local-test.ap_ Binary XML file line #74
W/PackageParser: Unknown element under <service>: property at /work/src/mobile/android/fenix/app/../../../../obj-x86_64/gradle/build/mobile/android/fenix/app/intermediates/apk_for_local_test/debugUnitTest/packageDebugUnitTestForUnitTest/apk-for-local-test.ap_ Binary XML file line #843
W/PackageParser: Unknown element under <service>: property at /work/src/mobile/android/fenix/app/../../../../obj-x86_64/gradle/build/mobile/android/fenix/app/intermediates/apk_for_local_test/debugUnitTest/packageDebugUnitTestForUnitTest/apk-for-local-test.ap_ Binary XML file line #861
W/PackageParser: Unknown element under <service>: property at /work/src/mobile/android/fenix/app/../../../../obj-x86_64/gradle/build/mobile/android/fenix/app/intermediates/apk_for_local_test/debugUnitTest/packageDebugUnitTestForUnitTest/apk-for-local-test.ap_ Binary XML file line #984
W/PackageParser: Unknown element under <service>: property at /work/src/mobile/android/fenix/app/../../../../obj-x86_64/gradle/build/mobile/android/fenix/app/intermediates/apk_for_local_test/debugUnitTest/packageDebugUnitTestForUnitTest/apk-for-local-test.ap_ Binary XML file line #993
W/PackageParser: Unknown element under <service>: property at /work/src/mobile/android/fenix/app/../../../../obj-x86_64/gradle/build/mobile/android/fenix/app/intermediates/apk_for_local_test/debugUnitTest/packageDebugUnitTestForUnitTest/apk-for-local-test.ap_ Binary XML file line #1002
I/glean/Glean: Registering pings for org.mozilla.fenix.GleanMetrics.Pings
E/glean/MetricsPingSched: MetricsPingScheduler last stored ping time was not valid
I/glean/MetricsPingSched: The 'metrics' ping is scheduled for immediate collection, 1787409963820
I/glean/MetricsPingSched: Collecting the 'metrics' ping, now = 1787409963820, startup = true, reason = overdue
D/glean/MetricsPingSched: Scheduling the 'metrics' ping in 47636180ms
D/LifecycleMonitor: Lifecycle status change: androidx.appcompat.app.AppCompatActivity@2a22af78 in: PRE_ON_CREATE
D/LifecycleMonitor: Lifecycle status change: androidx.appcompat.app.AppCompatActivity@2a22af78 in: CREATED
I [ContinuousOnboardingFeatureDefault] continuousOnboardingCompleted: false
I [ContinuousOnboardingFeatureDefault] continuousOnboardingFeatureEnabled: false
]]></system-out>
  <system-err><![CDATA[]]></system-err>
</testsuite>
